#
# There is insufficient memory for the Java Runtime Environment to continue.
# Native memory allocation (malloc) failed to allocate 1234256 bytes for Chunk::new
# Possible reasons:
#   The system is out of physical RAM or swap space
#   The process is running with CompressedOops enabled, and the Java Heap may be blocking the growth of the native heap
# Possible solutions:
#   Reduce memory load on the system
#   Increase physical memory or swap space
#   Check if swap backing store is full
#   Decrease Java heap size (-Xmx/-Xms)
#   Decrease number of Java threads
#   Decrease Java thread stack sizes (-Xss)
#   Set larger code cache with -XX:ReservedCodeCacheSize=
#   JVM is running with Unscaled Compressed Oops mode in which the Java heap is
#     placed in the first 4GB address space. The Java Heap base address is the
#     maximum limit for the native heap growth. Please use -XX:HeapBaseMinAddress
#     to set the Java Heap base and to place the Java Heap above 4GB virtual address.
# This output file may be truncated or incomplete.
#
#  Out of Memory Error (arena.cpp:189), pid=4792, tid=8640
#
# JRE version: OpenJDK Runtime Environment Temurin-17.0.6+10 (17.0.6+10) (build 17.0.6+10)
# Java VM: OpenJDK 64-Bit Server VM Temurin-17.0.6+10 (17.0.6+10, mixed mode, sharing, tiered, compressed oops, compressed class ptrs, g1 gc, windows-amd64)
# No core dump will be written. Minidumps are not enabled by default on client versions of Windows
#

---------------  S U M M A R Y ------------

Command Line: -XX:MaxMetaspaceSize=512m --add-opens=java.base/java.util=ALL-UNNAMED --add-opens=java.base/java.lang=ALL-UNNAMED --add-opens=java.base/java.lang.invoke=ALL-UNNAMED --add-opens=java.base/java.util=ALL-UNNAMED --add-opens=java.prefs/java.util.prefs=ALL-UNNAMED --add-opens=java.prefs/java.util.prefs=ALL-UNNAMED --add-opens=java.base/java.nio.charset=ALL-UNNAMED --add-opens=java.base/java.net=ALL-UNNAMED --add-opens=java.base/java.util.concurrent.atomic=ALL-UNNAMED -Xmx2048m -Dfile.encoding=utf8 -Duser.country=US -Duser.language=en -Duser.variant org.gradle.launcher.daemon.bootstrap.GradleDaemon 7.5.1

Host: Intel(R) Core(TM) i5-4210U CPU @ 1.70GHz, 4 cores, 7G,  Windows 10 , 64 bit Build 19041 (10.0.19041.2913)
Time: Tue May 30 17:34:06 2023 Pakistan Standard Time elapsed time: 29.828172 seconds (0d 0h 0m 29s)

---------------  T H R E A D  ---------------

Current thread (0x000001df70693390):  JavaThread "C2 CompilerThread0" daemon [_thread_in_native, id=8640, stack(0x0000009bd6e00000,0x0000009bd6f00000)]


Current CompileTask:
C2:  29828 9412       4       sun.reflect.generics.parser.SignatureParser::parseClassTypeSignature (118 bytes)

Stack: [0x0000009bd6e00000,0x0000009bd6f00000]
Native frames: (J=compiled Java code, j=interpreted, Vv=VM code, C=native code)
V  [jvm.dll+0x67741a]
V  [jvm.dll+0x834434]
V  [jvm.dll+0x835bde]
V  [jvm.dll+0x836243]
V  [jvm.dll+0x2457b5]
V  [jvm.dll+0xabafc]
V  [jvm.dll+0xac0cc]
V  [jvm.dll+0x363492]
V  [jvm.dll+0x32dda1]
V  [jvm.dll+0x32d24a]
V  [jvm.dll+0x2185f1]
V  [jvm.dll+0x217a11]
V  [jvm.dll+0x1a3d0d]
V  [jvm.dll+0x22742a]
V  [jvm.dll+0x225565]
V  [jvm.dll+0x7ea2cb]
V  [jvm.dll+0x7e483a]
V  [jvm.dll+0x6762c5]
C  [ucrtbase.dll+0x21bb2]
C  [KERNEL32.DLL+0x17614]
C  [ntdll.dll+0x526a1]


---------------  P R O C E S S  ---------------

Threads class SMR info:
_java_thread_list=0x000001df767c37c0, length=89, elements={
0x000001df52aeda60, 0x000001df7066f830, 0x000001df706725c0, 0x000001df7068b8f0,
0x000001df7068d1c0, 0x000001df7068da80, 0x000001df7068f350, 0x000001df70693390,
0x000001df706a3360, 0x000001df706aed50, 0x000001df711c8470, 0x000001df711cdd80,
0x000001df72ecbcb0, 0x000001df7268c710, 0x000001df731d4ad0, 0x000001df72854e30,
0x000001df72855aa0, 0x000001df728fb670, 0x000001df728fa330, 0x000001df728f94c0,
0x000001df728fc4e0, 0x000001df728fbb40, 0x000001df728facd0, 0x000001df728f8ff0,
0x000001df728f9990, 0x000001df728fa800, 0x000001df728f9e60, 0x000001df728fc010,
0x000001df728f8b20, 0x000001df756fb190, 0x000001df756fa7f0, 0x000001df756facc0,
0x000001df756fa320, 0x000001df756f94b0, 0x000001df756f9980, 0x000001df756fc4d0,
0x000001df756f8b10, 0x000001df731bb410, 0x000001df731baa70, 0x000001df731bf770,
0x000001df731bdf60, 0x000001df731bd0f0, 0x000001df731bc280, 0x000001df731c0110,
0x000001df731c1450, 0x000001df731bc750, 0x000001df731bd5c0, 0x000001df731bedd0,
0x000001df731be430, 0x000001df731c05e0, 0x000001df731bda90, 0x000001df731bcc20,
0x000001df731c1920, 0x000001df731ba0d0, 0x000001df731baf40, 0x000001df731be900,
0x000001df731bf2a0, 0x000001df731bfc40, 0x000001df731c0ab0, 0x000001df731c0f80,
0x000001df731bb8e0, 0x000001df76c12490, 0x000001df76c11150, 0x000001df76c10c80,
0x000001df76c0f470, 0x000001df76c12e30, 0x000001df76c11620, 0x000001df76c11fc0,
0x000001df76c11af0, 0x000001df76c13300, 0x000001df76c0f940, 0x000001df76c15e50,
0x000001df76c16320, 0x000001df76c137d0, 0x000001df76c0fe10, 0x000001df76c102e0,
0x000001df76c167f0, 0x000001df76c154b0, 0x000001df76c14fe0, 0x000001df76c107b0,
0x000001df76c14170, 0x000001df76c14640, 0x000001df76c14b10, 0x000001df76c15980,
0x000001df75b58380, 0x000001df75b59b90, 0x000001df75b57510, 0x000001df75b5b870,
0x000001df7193ee00
}

Java Threads: ( => current thread )
  0x000001df52aeda60 JavaThread "main" [_thread_blocked, id=8940, stack(0x0000009bd6100000,0x0000009bd6200000)]
  0x000001df7066f830 JavaThread "Reference Handler" daemon [_thread_blocked, id=652, stack(0x0000009bd6800000,0x0000009bd6900000)]
  0x000001df706725c0 JavaThread "Finalizer" daemon [_thread_blocked, id=7444, stack(0x0000009bd6900000,0x0000009bd6a00000)]
  0x000001df7068b8f0 JavaThread "Signal Dispatcher" daemon [_thread_blocked, id=8504, stack(0x0000009bd6a00000,0x0000009bd6b00000)]
  0x000001df7068d1c0 JavaThread "Attach Listener" daemon [_thread_blocked, id=7852, stack(0x0000009bd6b00000,0x0000009bd6c00000)]
  0x000001df7068da80 JavaThread "Service Thread" daemon [_thread_blocked, id=3928, stack(0x0000009bd6c00000,0x0000009bd6d00000)]
  0x000001df7068f350 JavaThread "Monitor Deflation Thread" daemon [_thread_blocked, id=15728, stack(0x0000009bd6d00000,0x0000009bd6e00000)]
=>0x000001df70693390 JavaThread "C2 CompilerThread0" daemon [_thread_in_native, id=8640, stack(0x0000009bd6e00000,0x0000009bd6f00000)]
  0x000001df706a3360 JavaThread "C1 CompilerThread0" daemon [_thread_blocked, id=15880, stack(0x0000009bd6f00000,0x0000009bd7000000)]
  0x000001df706aed50 JavaThread "Sweeper thread" daemon [_thread_blocked, id=14996, stack(0x0000009bd7000000,0x0000009bd7100000)]
  0x000001df711c8470 JavaThread "Common-Cleaner" daemon [_thread_blocked, id=15716, stack(0x0000009bd7100000,0x0000009bd7200000)]
  0x000001df711cdd80 JavaThread "Notification Thread" daemon [_thread_blocked, id=4560, stack(0x0000009bd7200000,0x0000009bd7300000)]
  0x000001df72ecbcb0 JavaThread "Daemon health stats" [_thread_blocked, id=12684, stack(0x0000009bd7800000,0x0000009bd7900000)]
  0x000001df7268c710 JavaThread "Incoming local TCP Connector on port 56858" [_thread_in_native, id=11764, stack(0x0000009bd7900000,0x0000009bd7a00000)]
  0x000001df731d4ad0 JavaThread "Daemon periodic checks" [_thread_blocked, id=6180, stack(0x0000009bd7a00000,0x0000009bd7b00000)]
  0x000001df72854e30 JavaThread "Daemon" [_thread_blocked, id=12788, stack(0x0000009bd7b00000,0x0000009bd7c00000)]
  0x000001df72855aa0 JavaThread "Handler for socket connection from /127.0.0.1:56858 to /127.0.0.1:56859" [_thread_in_native, id=4744, stack(0x0000009bd7c00000,0x0000009bd7d00000)]
  0x000001df728fb670 JavaThread "Cancel handler" [_thread_blocked, id=14028, stack(0x0000009bd7d00000,0x0000009bd7e00000)]
  0x000001df728fa330 JavaThread "Daemon worker" [_thread_in_native, id=5464, stack(0x0000009bd7e00000,0x0000009bd7f00000)]
  0x000001df728f94c0 JavaThread "Asynchronous log dispatcher for DefaultDaemonConnection: socket connection from /127.0.0.1:56858 to /127.0.0.1:56859" [_thread_blocked, id=9376, stack(0x0000009bd7f00000,0x0000009bd8000000)]
  0x000001df728fc4e0 JavaThread "Stdin handler" [_thread_blocked, id=14988, stack(0x0000009bd8000000,0x0000009bd8100000)]
  0x000001df728fbb40 JavaThread "Daemon client event forwarder" [_thread_blocked, id=10820, stack(0x0000009bd8100000,0x0000009bd8200000)]
  0x000001df728facd0 JavaThread "Cache worker for journal cache (C:\Users\hp\.gradle\caches\journal-1)" [_thread_blocked, id=15304, stack(0x0000009bd8200000,0x0000009bd8300000)]
  0x000001df728f8ff0 JavaThread "File lock request listener" [_thread_in_native, id=16344, stack(0x0000009bd8300000,0x0000009bd8400000)]
  0x000001df728f9990 JavaThread "Cache worker for file hash cache (C:\Users\hp\.gradle\caches\7.5.1\fileHashes)" [_thread_blocked, id=11548, stack(0x0000009bd8400000,0x0000009bd8500000)]
  0x000001df728fa800 JavaThread "File watcher server" daemon [_thread_in_native, id=9864, stack(0x0000009bd8500000,0x0000009bd8600000)]
  0x000001df728f9e60 JavaThread "File watcher consumer" daemon [_thread_blocked, id=5524, stack(0x0000009bd8600000,0x0000009bd8700000)]
  0x000001df728fc010 JavaThread "Cache worker for checksums cache (C:\Users\hp\Desktop\react\MovieMinia\android\.gradle\7.5.1\checksums)" [_thread_blocked, id=8420, stack(0x0000009bd8700000,0x0000009bd8800000)]
  0x000001df728f8b20 JavaThread "Cache worker for cache directory md-rule (C:\Users\hp\.gradle\caches\7.5.1\md-rule)" [_thread_blocked, id=8652, stack(0x0000009bd8800000,0x0000009bd8900000)]
  0x000001df756fb190 JavaThread "Cache worker for file content cache (C:\Users\hp\.gradle\caches\7.5.1\fileContent)" [_thread_blocked, id=11504, stack(0x0000009bd8900000,0x0000009bd8a00000)]
  0x000001df756fa7f0 JavaThread "Cache worker for file hash cache (C:\Users\hp\Desktop\react\MovieMinia\android\.gradle\7.5.1\fileHashes)" [_thread_blocked, id=5752, stack(0x0000009bd8a00000,0x0000009bd8b00000)]
  0x000001df756facc0 JavaThread "Cache worker for cache directory md-supplier (C:\Users\hp\.gradle\caches\7.5.1\md-supplier)" [_thread_blocked, id=14792, stack(0x0000009bd8c00000,0x0000009bd8d00000)]
  0x000001df756fa320 JavaThread "Cache worker for execution history cache (C:\Users\hp\.gradle\caches\7.5.1\executionHistory)" [_thread_blocked, id=7264, stack(0x0000009bd8d00000,0x0000009bd8e00000)]
  0x000001df756f94b0 JavaThread "jar transforms" [_thread_blocked, id=16292, stack(0x0000009bd8e00000,0x0000009bd8f00000)]
  0x000001df756f9980 JavaThread "jar transforms Thread 2" [_thread_blocked, id=10080, stack(0x0000009bd8f00000,0x0000009bd9000000)]
  0x000001df756fc4d0 JavaThread "jar transforms Thread 3" [_thread_blocked, id=12660, stack(0x0000009bd9000000,0x0000009bd9100000)]
  0x000001df756f8b10 JavaThread "jar transforms Thread 4" [_thread_blocked, id=15972, stack(0x0000009bd9100000,0x0000009bd9200000)]
  0x000001df731bb410 JavaThread "Cache worker for kotlin-dsl (C:\Users\hp\.gradle\caches\7.5.1\kotlin-dsl)" [_thread_blocked, id=16072, stack(0x0000009bd9200000,0x0000009bd9300000)]
  0x000001df731baa70 JavaThread "Cache worker for dependencies-accessors (C:\Users\hp\Desktop\react\MovieMinia\android\.gradle\7.5.1\dependencies-accessors)" [_thread_blocked, id=15992, stack(0x0000009bd9300000,0x0000009bd9400000)]
  0x000001df731bf770 JavaThread "Cache worker for Build Output Cleanup Cache (C:\Users\hp\Desktop\react\MovieMinia\node_modules\react-native-gradle-plugin\.gradle\buildOutputCleanup)" [_thread_blocked, id=9712, stack(0x0000009bd9400000,0x0000009bd9500000)]
  0x000001df731bdf60 JavaThread "Unconstrained build operations" [_thread_blocked, id=6492, stack(0x0000009bd9500000,0x0000009bd9600000)]
  0x000001df731bd0f0 JavaThread "Unconstrained build operations Thread 2" [_thread_blocked, id=4668, stack(0x0000009bd9600000,0x0000009bd9700000)]
  0x000001df731bc280 JavaThread "Unconstrained build operations Thread 3" [_thread_blocked, id=8852, stack(0x0000009bd9700000,0x0000009bd9800000)]
  0x000001df731c0110 JavaThread "Unconstrained build operations Thread 4" [_thread_blocked, id=13644, stack(0x0000009bd9800000,0x0000009bd9900000)]
  0x000001df731c1450 JavaThread "Unconstrained build operations Thread 5" [_thread_blocked, id=3008, stack(0x0000009bd9900000,0x0000009bd9a00000)]
  0x000001df731bc750 JavaThread "Unconstrained build operations Thread 6" [_thread_blocked, id=14680, stack(0x0000009bd9a00000,0x0000009bd9b00000)]
  0x000001df731bd5c0 JavaThread "Unconstrained build operations Thread 7" [_thread_blocked, id=13204, stack(0x0000009bd9b00000,0x0000009bd9c00000)]
  0x000001df731bedd0 JavaThread "Unconstrained build operations Thread 8" [_thread_blocked, id=1404, stack(0x0000009bd9c00000,0x0000009bd9d00000)]
  0x000001df731be430 JavaThread "Unconstrained build operations Thread 9" [_thread_blocked, id=588, stack(0x0000009bd9d00000,0x0000009bd9e00000)]
  0x000001df731c05e0 JavaThread "Unconstrained build operations Thread 10" [_thread_blocked, id=1724, stack(0x0000009bd9e00000,0x0000009bd9f00000)]
  0x000001df731bda90 JavaThread "Unconstrained build operations Thread 11" [_thread_blocked, id=8752, stack(0x0000009bd9f00000,0x0000009bda000000)]
  0x000001df731bcc20 JavaThread "Unconstrained build operations Thread 12" [_thread_blocked, id=12336, stack(0x0000009bda000000,0x0000009bda100000)]
  0x000001df731c1920 JavaThread "Unconstrained build operations Thread 13" [_thread_blocked, id=12984, stack(0x0000009bda100000,0x0000009bda200000)]
  0x000001df731ba0d0 JavaThread "Unconstrained build operations Thread 14" [_thread_blocked, id=16380, stack(0x0000009bda200000,0x0000009bda300000)]
  0x000001df731baf40 JavaThread "Unconstrained build operations Thread 15" [_thread_blocked, id=14392, stack(0x0000009bda300000,0x0000009bda400000)]
  0x000001df731be900 JavaThread "Unconstrained build operations Thread 16" [_thread_blocked, id=1004, stack(0x0000009bda400000,0x0000009bda500000)]
  0x000001df731bf2a0 JavaThread "Unconstrained build operations Thread 17" [_thread_blocked, id=14364, stack(0x0000009bda500000,0x0000009bda600000)]
  0x000001df731bfc40 JavaThread "Unconstrained build operations Thread 18" [_thread_blocked, id=10496, stack(0x0000009bda600000,0x0000009bda700000)]
  0x000001df731c0ab0 JavaThread "Unconstrained build operations Thread 19" [_thread_blocked, id=14436, stack(0x0000009bda700000,0x0000009bda800000)]
  0x000001df731c0f80 JavaThread "Unconstrained build operations Thread 20" [_thread_blocked, id=12708, stack(0x0000009bda800000,0x0000009bda900000)]
  0x000001df731bb8e0 JavaThread "Unconstrained build operations Thread 21" [_thread_blocked, id=796, stack(0x0000009bda900000,0x0000009bdaa00000)]
  0x000001df76c12490 JavaThread "Unconstrained build operations Thread 22" [_thread_blocked, id=15892, stack(0x0000009bdaa00000,0x0000009bdab00000)]
  0x000001df76c11150 JavaThread "Unconstrained build operations Thread 23" [_thread_blocked, id=15420, stack(0x0000009bdab00000,0x0000009bdac00000)]
  0x000001df76c10c80 JavaThread "Unconstrained build operations Thread 24" [_thread_blocked, id=12212, stack(0x0000009bdac00000,0x0000009bdad00000)]
  0x000001df76c0f470 JavaThread "Unconstrained build operations Thread 25" [_thread_blocked, id=10944, stack(0x0000009bdad00000,0x0000009bdae00000)]
  0x000001df76c12e30 JavaThread "Unconstrained build operations Thread 26" [_thread_blocked, id=14452, stack(0x0000009bdae00000,0x0000009bdaf00000)]
  0x000001df76c11620 JavaThread "Unconstrained build operations Thread 27" [_thread_blocked, id=12204, stack(0x0000009bdaf00000,0x0000009bdb000000)]
  0x000001df76c11fc0 JavaThread "Unconstrained build operations Thread 28" [_thread_blocked, id=15748, stack(0x0000009bdb000000,0x0000009bdb100000)]
  0x000001df76c11af0 JavaThread "Unconstrained build operations Thread 29" [_thread_blocked, id=14528, stack(0x0000009bdb100000,0x0000009bdb200000)]
  0x000001df76c13300 JavaThread "Unconstrained build operations Thread 30" [_thread_blocked, id=15144, stack(0x0000009bdb200000,0x0000009bdb300000)]
  0x000001df76c0f940 JavaThread "Unconstrained build operations Thread 31" [_thread_blocked, id=13836, stack(0x0000009bdb300000,0x0000009bdb400000)]
  0x000001df76c15e50 JavaThread "Unconstrained build operations Thread 32" [_thread_blocked, id=10348, stack(0x0000009bdb400000,0x0000009bdb500000)]
  0x000001df76c16320 JavaThread "Unconstrained build operations Thread 33" [_thread_blocked, id=12872, stack(0x0000009bdb500000,0x0000009bdb600000)]
  0x000001df76c137d0 JavaThread "build event listener" [_thread_blocked, id=1456, stack(0x0000009bdb600000,0x0000009bdb700000)]
  0x000001df76c0fe10 JavaThread "Memory manager" [_thread_blocked, id=1788, stack(0x0000009bdb700000,0x0000009bdb800000)]
  0x000001df76c102e0 JavaThread "Cache worker for Build Output Cleanup Cache (C:\Users\hp\Desktop\react\MovieMinia\android\.gradle\buildOutputCleanup)" [_thread_blocked, id=4676, stack(0x0000009bdb800000,0x0000009bdb900000)]
  0x000001df76c167f0 JavaThread "included builds" [_thread_blocked, id=15936, stack(0x0000009bdb900000,0x0000009bdba00000)]
  0x000001df76c154b0 JavaThread "Execution worker" [_thread_blocked, id=12668, stack(0x0000009bdba00000,0x0000009bdbb00000)]
  0x000001df76c14fe0 JavaThread "Execution worker Thread 2" [_thread_blocked, id=15320, stack(0x0000009bdbb00000,0x0000009bdbc00000)]
  0x000001df76c107b0 JavaThread "Execution worker Thread 3" [_thread_blocked, id=4936, stack(0x0000009bdbc00000,0x0000009bdbd00000)]
  0x000001df76c14170 JavaThread "Cache worker for execution history cache (C:\Users\hp\Desktop\react\MovieMinia\node_modules\react-native-gradle-plugin\.gradle\7.5.1\executionHistory)" [_thread_blocked, id=13976, stack(0x0000009bdbd00000,0x0000009bdbe00000)]
  0x000001df76c14640 JavaThread "Unconstrained build operations Thread 34" [_thread_blocked, id=6472, stack(0x0000009bdbe00000,0x0000009bdbf00000)]
  0x000001df76c14b10 JavaThread "Unconstrained build operations Thread 35" [_thread_blocked, id=7112, stack(0x0000009bdbf00000,0x0000009bdc000000)]
  0x000001df76c15980 JavaThread "Unconstrained build operations Thread 36" [_thread_blocked, id=6560, stack(0x0000009bdc000000,0x0000009bdc100000)]
  0x000001df75b58380 JavaThread "Unconstrained build operations Thread 37" [_thread_blocked, id=14020, stack(0x0000009bdc100000,0x0000009bdc200000)]
  0x000001df75b59b90 JavaThread "Unconstrained build operations Thread 38" [_thread_blocked, id=7244, stack(0x0000009bdc200000,0x0000009bdc300000)]
  0x000001df75b57510 JavaThread "Unconstrained build operations Thread 39" [_thread_blocked, id=8364, stack(0x0000009bdc300000,0x0000009bdc400000)]
  0x000001df75b5b870 JavaThread "Unconstrained build operations Thread 40" [_thread_blocked, id=3804, stack(0x0000009bdc400000,0x0000009bdc500000)]
  0x000001df7193ee00 JavaThread "C2 CompilerThread1" daemon [_thread_in_native, id=11460, stack(0x0000009bd7400000,0x0000009bd7500000)]

Other Threads:
  0x000001df7066bd20 VMThread "VM Thread" [stack: 0x0000009bd6700000,0x0000009bd6800000] [id=12892]
  0x000001df52b6b7e0 WatcherThread [stack: 0x0000009bd7300000,0x0000009bd7400000] [id=15516]
  0x000001df52b488c0 GCTaskThread "GC Thread#0" [stack: 0x0000009bd6200000,0x0000009bd6300000] [id=14928]
  0x000001df713c7810 GCTaskThread "GC Thread#1" [stack: 0x0000009bd7500000,0x0000009bd7600000] [id=740]
  0x000001df71699c00 GCTaskThread "GC Thread#2" [stack: 0x0000009bd7600000,0x0000009bd7700000] [id=3260]
  0x000001df7178e220 GCTaskThread "GC Thread#3" [stack: 0x0000009bd7700000,0x0000009bd7800000] [id=15500]
  0x000001df52b59710 ConcurrentGCThread "G1 Main Marker" [stack: 0x0000009bd6300000,0x0000009bd6400000] [id=1668]
  0x000001df52b5b7e0 ConcurrentGCThread "G1 Conc#0" [stack: 0x0000009bd6400000,0x0000009bd6500000] [id=8716]
  0x000001df52bb3d70 ConcurrentGCThread "G1 Refine#0" [stack: 0x0000009bd6500000,0x0000009bd6600000] [id=15016]
  0x000001df717ebe30 ConcurrentGCThread "G1 Refine#1" [stack: 0x0000009bd8b00000,0x0000009bd8c00000] [id=8612]
  0x000001df52bb46a0 ConcurrentGCThread "G1 Service" [stack: 0x0000009bd6600000,0x0000009bd6700000] [id=14920]

Threads with active compile tasks:
C2 CompilerThread0    29921 9412       4       sun.reflect.generics.parser.SignatureParser::parseClassTypeSignature (118 bytes)
C2 CompilerThread1    29921 9427       4       org.objectweb.asm.ClassVisitor::visitMethod (24 bytes)

VM state: not at safepoint (normal execution)

VM Mutex/Monitor currently owned by a thread: None

Heap address: 0x0000000080000000, size: 2048 MB, Compressed Oops mode: 32-bit

CDS archive(s) mapped at: [0x0000000800000000-0x0000000800bc0000-0x0000000800bc0000), size 12320768, SharedBaseAddress: 0x0000000800000000, ArchiveRelocationMode: 0.
Compressed class space mapped at: 0x0000000800c00000-0x000000081a800000, reserved size: 432013312
Narrow klass base: 0x0000000800000000, Narrow klass shift: 0, Narrow klass range: 0x100000000

GC Precious Log:
 CPUs: 4 total, 4 available
 Memory: 8142M
 Large Page Support: Disabled
 NUMA Support: Disabled
 Compressed Oops: Enabled (32-bit)
 Heap Region Size: 1M
 Heap Min Capacity: 8M
 Heap Initial Capacity: 128M
 Heap Max Capacity: 2G
 Pre-touch: Disabled
 Parallel Workers: 4
 Concurrent Workers: 1
 Concurrent Refinement Workers: 4
 Periodic GC: Disabled

Heap:
 garbage-first heap   total 150528K, used 87207K [0x0000000080000000, 0x0000000100000000)
  region size 1024K, 19 young (19456K), 3 survivors (3072K)
 Metaspace       used 71728K, committed 72512K, reserved 487424K
  class space    used 9839K, committed 10240K, reserved 421888K

Heap Regions: E=young(eden), S=young(survivor), O=old, HS=humongous(starts), HC=humongous(continues), CS=collection set, F=free, OA=open archive, CA=closed archive, TAMS=top-at-mark-start (previous, next)
|   0|0x0000000080000000, 0x0000000080100000, 0x0000000080100000|100%|HS|  |TAMS 0x0000000080100000, 0x0000000080000000| Complete 
|   1|0x0000000080100000, 0x0000000080200000, 0x0000000080200000|100%|HC|  |TAMS 0x0000000080200000, 0x0000000080100000| Complete 
|   2|0x0000000080200000, 0x0000000080300000, 0x0000000080300000|100%|HC|  |TAMS 0x0000000080300000, 0x0000000080200000| Complete 
|   3|0x0000000080300000, 0x0000000080400000, 0x0000000080400000|100%| O|  |TAMS 0x0000000080400000, 0x0000000080300000| Untracked 
|   4|0x0000000080400000, 0x0000000080500000, 0x0000000080500000|100%| O|  |TAMS 0x0000000080500000, 0x0000000080400000| Untracked 
|   5|0x0000000080500000, 0x0000000080600000, 0x0000000080600000|100%| O|  |TAMS 0x0000000080600000, 0x0000000080500000| Untracked 
|   6|0x0000000080600000, 0x0000000080700000, 0x0000000080700000|100%| O|  |TAMS 0x0000000080700000, 0x0000000080600000| Untracked 
|   7|0x0000000080700000, 0x0000000080800000, 0x0000000080800000|100%| O|  |TAMS 0x0000000080800000, 0x0000000080700000| Untracked 
|   8|0x0000000080800000, 0x0000000080900000, 0x0000000080900000|100%| O|  |TAMS 0x0000000080900000, 0x0000000080800000| Untracked 
|   9|0x0000000080900000, 0x0000000080a00000, 0x0000000080a00000|100%| O|  |TAMS 0x0000000080a00000, 0x0000000080900000| Untracked 
|  10|0x0000000080a00000, 0x0000000080b00000, 0x0000000080b00000|100%| O|  |TAMS 0x0000000080b00000, 0x0000000080a00000| Untracked 
|  11|0x0000000080b00000, 0x0000000080c00000, 0x0000000080c00000|100%| O|  |TAMS 0x0000000080c00000, 0x0000000080b00000| Untracked 
|  12|0x0000000080c00000, 0x0000000080d00000, 0x0000000080d00000|100%| O|  |TAMS 0x0000000080d00000, 0x0000000080c00000| Untracked 
|  13|0x0000000080d00000, 0x0000000080e00000, 0x0000000080e00000|100%| O|  |TAMS 0x0000000080e00000, 0x0000000080d00000| Untracked 
|  14|0x0000000080e00000, 0x0000000080f00000, 0x0000000080f00000|100%| O|  |TAMS 0x0000000080f00000, 0x0000000080e00000| Untracked 
|  15|0x0000000080f00000, 0x0000000081000000, 0x0000000081000000|100%| O|  |TAMS 0x0000000081000000, 0x0000000080f00000| Untracked 
|  16|0x0000000081000000, 0x0000000081100000, 0x0000000081100000|100%| O|  |TAMS 0x0000000081100000, 0x0000000081000000| Untracked 
|  17|0x0000000081100000, 0x0000000081200000, 0x0000000081200000|100%| O|  |TAMS 0x0000000081200000, 0x0000000081100000| Untracked 
|  18|0x0000000081200000, 0x0000000081300000, 0x0000000081300000|100%| O|  |TAMS 0x0000000081300000, 0x0000000081200000| Untracked 
|  19|0x0000000081300000, 0x0000000081360600, 0x0000000081400000| 37%| O|  |TAMS 0x0000000081360600, 0x0000000081300000| Untracked 
|  20|0x0000000081400000, 0x0000000081500000, 0x0000000081500000|100%| O|  |TAMS 0x0000000081500000, 0x0000000081400000| Untracked 
|  21|0x0000000081500000, 0x0000000081600000, 0x0000000081600000|100%| O|  |TAMS 0x0000000081600000, 0x0000000081500000| Untracked 
|  22|0x0000000081600000, 0x0000000081700000, 0x0000000081700000|100%| O|  |TAMS 0x0000000081700000, 0x0000000081600000| Untracked 
|  23|0x0000000081700000, 0x0000000081800000, 0x0000000081800000|100%| O|  |TAMS 0x0000000081800000, 0x0000000081700000| Untracked 
|  24|0x0000000081800000, 0x0000000081900000, 0x0000000081900000|100%| O|  |TAMS 0x0000000081900000, 0x0000000081800000| Untracked 
|  25|0x0000000081900000, 0x0000000081a00000, 0x0000000081a00000|100%| O|  |TAMS 0x0000000081a00000, 0x0000000081900000| Untracked 
|  26|0x0000000081a00000, 0x0000000081b00000, 0x0000000081b00000|100%| O|  |TAMS 0x0000000081b00000, 0x0000000081a00000| Untracked 
|  27|0x0000000081b00000, 0x0000000081c00000, 0x0000000081c00000|100%| O|  |TAMS 0x0000000081c00000, 0x0000000081b00000| Untracked 
|  28|0x0000000081c00000, 0x0000000081d00000, 0x0000000081d00000|100%| O|  |TAMS 0x0000000081d00000, 0x0000000081c00000| Untracked 
|  29|0x0000000081d00000, 0x0000000081e00000, 0x0000000081e00000|100%| O|  |TAMS 0x0000000081e00000, 0x0000000081d00000| Untracked 
|  30|0x0000000081e00000, 0x0000000081f00000, 0x0000000081f00000|100%| O|  |TAMS 0x0000000081f00000, 0x0000000081e00000| Untracked 
|  31|0x0000000081f00000, 0x0000000082000000, 0x0000000082000000|100%| O|  |TAMS 0x0000000082000000, 0x0000000081f00000| Untracked 
|  32|0x0000000082000000, 0x0000000082100000, 0x0000000082100000|100%| O|  |TAMS 0x0000000082100000, 0x0000000082000000| Untracked 
|  33|0x0000000082100000, 0x0000000082200000, 0x0000000082200000|100%| O|  |TAMS 0x0000000082200000, 0x0000000082100000| Untracked 
|  34|0x0000000082200000, 0x0000000082300000, 0x0000000082300000|100%| O|  |TAMS 0x0000000082300000, 0x0000000082200000| Untracked 
|  35|0x0000000082300000, 0x0000000082400000, 0x0000000082400000|100%|HS|  |TAMS 0x0000000082400000, 0x0000000082300000| Complete 
|  36|0x0000000082400000, 0x0000000082500000, 0x0000000082500000|100%|HS|  |TAMS 0x0000000082500000, 0x0000000082400000| Complete 
|  37|0x0000000082500000, 0x0000000082600000, 0x0000000082600000|100%|HC|  |TAMS 0x0000000082600000, 0x0000000082500000| Complete 
|  38|0x0000000082600000, 0x0000000082700000, 0x0000000082700000|100%|HC|  |TAMS 0x0000000082700000, 0x0000000082600000| Complete 
|  39|0x0000000082700000, 0x0000000082800000, 0x0000000082800000|100%| O|  |TAMS 0x0000000082800000, 0x0000000082700000| Untracked 
|  40|0x0000000082800000, 0x0000000082900000, 0x0000000082900000|100%| O|  |TAMS 0x0000000082900000, 0x0000000082800000| Untracked 
|  41|0x0000000082900000, 0x0000000082a00000, 0x0000000082a00000|100%| O|  |TAMS 0x0000000082a00000, 0x0000000082900000| Untracked 
|  42|0x0000000082a00000, 0x0000000082b00000, 0x0000000082b00000|100%| O|  |TAMS 0x0000000082b00000, 0x0000000082a00000| Untracked 
|  43|0x0000000082b00000, 0x0000000082c00000, 0x0000000082c00000|100%| O|  |TAMS 0x0000000082c00000, 0x0000000082b00000| Untracked 
|  44|0x0000000082c00000, 0x0000000082d00000, 0x0000000082d00000|100%| O|  |TAMS 0x0000000082d00000, 0x0000000082c00000| Untracked 
|  45|0x0000000082d00000, 0x0000000082e00000, 0x0000000082e00000|100%| O|  |TAMS 0x0000000082e00000, 0x0000000082d00000| Untracked 
|  46|0x0000000082e00000, 0x0000000082f00000, 0x0000000082f00000|100%| O|  |TAMS 0x0000000082f00000, 0x0000000082e00000| Untracked 
|  47|0x0000000082f00000, 0x0000000083000000, 0x0000000083000000|100%| O|  |TAMS 0x0000000083000000, 0x0000000082f00000| Untracked 
|  48|0x0000000083000000, 0x0000000083100000, 0x0000000083100000|100%| O|  |TAMS 0x0000000083100000, 0x0000000083000000| Untracked 
|  49|0x0000000083100000, 0x0000000083200000, 0x0000000083200000|100%| O|  |TAMS 0x0000000083200000, 0x0000000083100000| Untracked 
|  50|0x0000000083200000, 0x0000000083300000, 0x0000000083300000|100%| O|  |TAMS 0x0000000083300000, 0x0000000083200000| Untracked 
|  51|0x0000000083300000, 0x0000000083400000, 0x0000000083400000|100%| O|  |TAMS 0x0000000083400000, 0x0000000083300000| Untracked 
|  52|0x0000000083400000, 0x0000000083500000, 0x0000000083500000|100%| O|  |TAMS 0x0000000083500000, 0x0000000083400000| Untracked 
|  53|0x0000000083500000, 0x0000000083600000, 0x0000000083600000|100%| O|  |TAMS 0x0000000083600000, 0x0000000083500000| Untracked 
|  54|0x0000000083600000, 0x0000000083700000, 0x0000000083700000|100%| O|  |TAMS 0x0000000083700000, 0x0000000083600000| Untracked 
|  55|0x0000000083700000, 0x0000000083800000, 0x0000000083800000|100%| O|  |TAMS 0x0000000083800000, 0x0000000083700000| Untracked 
|  56|0x0000000083800000, 0x0000000083900000, 0x0000000083900000|100%|HS|  |TAMS 0x0000000083900000, 0x0000000083800000| Complete 
|  57|0x0000000083900000, 0x0000000083a00000, 0x0000000083a00000|100%|HS|  |TAMS 0x0000000083a00000, 0x0000000083900000| Complete 
|  58|0x0000000083a00000, 0x0000000083b00000, 0x0000000083b00000|100%| O|  |TAMS 0x0000000083b00000, 0x0000000083a00000| Untracked 
|  59|0x0000000083b00000, 0x0000000083c00000, 0x0000000083c00000|100%| O|  |TAMS 0x0000000083c00000, 0x0000000083b00000| Untracked 
|  60|0x0000000083c00000, 0x0000000083d00000, 0x0000000083d00000|100%| O|  |TAMS 0x0000000083d00000, 0x0000000083c00000| Untracked 
|  61|0x0000000083d00000, 0x0000000083e00000, 0x0000000083e00000|100%| O|  |TAMS 0x0000000083e00000, 0x0000000083d00000| Untracked 
|  62|0x0000000083e00000, 0x0000000083f00000, 0x0000000083f00000|100%| O|  |TAMS 0x0000000083e31600, 0x0000000083e00000| Untracked 
|  63|0x0000000083f00000, 0x0000000084000000, 0x0000000084000000|100%| O|  |TAMS 0x0000000083f00000, 0x0000000083f00000| Untracked 
|  64|0x0000000084000000, 0x0000000084100000, 0x0000000084100000|100%|HS|  |TAMS 0x0000000084100000, 0x0000000084000000| Complete 
|  65|0x0000000084100000, 0x0000000084200000, 0x0000000084200000|100%|HC|  |TAMS 0x0000000084200000, 0x0000000084100000| Complete 
|  66|0x0000000084200000, 0x0000000084300000, 0x0000000084300000|100%| O|  |TAMS 0x0000000084200000, 0x0000000084200000| Untracked 
|  67|0x0000000084300000, 0x0000000084400000, 0x0000000084400000|100%| O|  |TAMS 0x0000000084300000, 0x0000000084300000| Untracked 
|  68|0x0000000084400000, 0x0000000084400000, 0x0000000084500000|  0%| F|  |TAMS 0x0000000084400000, 0x0000000084400000| Untracked 
|  69|0x0000000084500000, 0x0000000084500000, 0x0000000084600000|  0%| F|  |TAMS 0x0000000084500000, 0x0000000084500000| Untracked 
|  70|0x0000000084600000, 0x0000000084600000, 0x0000000084700000|  0%| F|  |TAMS 0x0000000084600000, 0x0000000084600000| Untracked 
|  71|0x0000000084700000, 0x0000000084700000, 0x0000000084800000|  0%| F|  |TAMS 0x0000000084700000, 0x0000000084700000| Untracked 
|  72|0x0000000084800000, 0x0000000084800000, 0x0000000084900000|  0%| F|  |TAMS 0x0000000084800000, 0x0000000084800000| Untracked 
|  73|0x0000000084900000, 0x0000000084900000, 0x0000000084a00000|  0%| F|  |TAMS 0x0000000084900000, 0x0000000084900000| Untracked 
|  74|0x0000000084a00000, 0x0000000084a0e400, 0x0000000084b00000|  5%| O|  |TAMS 0x0000000084a00000, 0x0000000084a00000| Untracked 
|  75|0x0000000084b00000, 0x0000000084b00000, 0x0000000084c00000|  0%| F|  |TAMS 0x0000000084b00000, 0x0000000084b00000| Untracked 
|  76|0x0000000084c00000, 0x0000000084c00000, 0x0000000084d00000|  0%| F|  |TAMS 0x0000000084c00000, 0x0000000084c00000| Untracked 
|  77|0x0000000084d00000, 0x0000000084d00000, 0x0000000084e00000|  0%| F|  |TAMS 0x0000000084d00000, 0x0000000084d00000| Untracked 
|  78|0x0000000084e00000, 0x0000000084e00000, 0x0000000084f00000|  0%| F|  |TAMS 0x0000000084e00000, 0x0000000084e00000| Untracked 
|  79|0x0000000084f00000, 0x0000000084f00000, 0x0000000085000000|  0%| F|  |TAMS 0x0000000084f00000, 0x0000000084f00000| Untracked 
|  80|0x0000000085000000, 0x0000000085000000, 0x0000000085100000|  0%| F|  |TAMS 0x0000000085000000, 0x0000000085000000| Untracked 
|  81|0x0000000085100000, 0x0000000085100000, 0x0000000085200000|  0%| F|  |TAMS 0x0000000085100000, 0x0000000085100000| Untracked 
|  82|0x0000000085200000, 0x0000000085200000, 0x0000000085300000|  0%| F|  |TAMS 0x0000000085200000, 0x0000000085200000| Untracked 
|  83|0x0000000085300000, 0x0000000085300000, 0x0000000085400000|  0%| F|  |TAMS 0x0000000085300000, 0x0000000085300000| Untracked 
|  84|0x0000000085400000, 0x0000000085400000, 0x0000000085500000|  0%| F|  |TAMS 0x0000000085400000, 0x0000000085400000| Untracked 
|  85|0x0000000085500000, 0x0000000085500000, 0x0000000085600000|  0%| F|  |TAMS 0x0000000085500000, 0x0000000085500000| Untracked 
|  86|0x0000000085600000, 0x0000000085600000, 0x0000000085700000|  0%| F|  |TAMS 0x0000000085600000, 0x0000000085600000| Untracked 
|  87|0x0000000085700000, 0x0000000085700000, 0x0000000085800000|  0%| F|  |TAMS 0x0000000085700000, 0x0000000085700000| Untracked 
|  88|0x0000000085800000, 0x0000000085800000, 0x0000000085900000|  0%| F|  |TAMS 0x0000000085800000, 0x0000000085800000| Untracked 
|  89|0x0000000085900000, 0x0000000085900000, 0x0000000085a00000|  0%| F|  |TAMS 0x0000000085900000, 0x0000000085900000| Untracked 
|  90|0x0000000085a00000, 0x0000000085a00000, 0x0000000085b00000|  0%| F|  |TAMS 0x0000000085a00000, 0x0000000085a00000| Untracked 
|  91|0x0000000085b00000, 0x0000000085b00000, 0x0000000085c00000|  0%| F|  |TAMS 0x0000000085b00000, 0x0000000085b00000| Untracked 
|  92|0x0000000085c00000, 0x0000000085c00000, 0x0000000085d00000|  0%| F|  |TAMS 0x0000000085c00000, 0x0000000085c00000| Untracked 
|  93|0x0000000085d00000, 0x0000000085d00000, 0x0000000085e00000|  0%| F|  |TAMS 0x0000000085d00000, 0x0000000085d00000| Untracked 
|  94|0x0000000085e00000, 0x0000000085e00000, 0x0000000085f00000|  0%| F|  |TAMS 0x0000000085e00000, 0x0000000085e00000| Untracked 
|  95|0x0000000085f00000, 0x0000000085f00000, 0x0000000086000000|  0%| F|  |TAMS 0x0000000085f00000, 0x0000000085f00000| Untracked 
|  96|0x0000000086000000, 0x0000000086000000, 0x0000000086100000|  0%| F|  |TAMS 0x0000000086000000, 0x0000000086000000| Untracked 
|  97|0x0000000086100000, 0x0000000086100000, 0x0000000086200000|  0%| F|  |TAMS 0x0000000086100000, 0x0000000086100000| Untracked 
|  98|0x0000000086200000, 0x0000000086200000, 0x0000000086300000|  0%| F|  |TAMS 0x0000000086200000, 0x0000000086200000| Untracked 
|  99|0x0000000086300000, 0x0000000086300000, 0x0000000086400000|  0%| F|  |TAMS 0x0000000086300000, 0x0000000086300000| Untracked 
| 100|0x0000000086400000, 0x0000000086400000, 0x0000000086500000|  0%| F|  |TAMS 0x0000000086400000, 0x0000000086400000| Untracked 
| 101|0x0000000086500000, 0x0000000086500000, 0x0000000086600000|  0%| F|  |TAMS 0x0000000086500000, 0x0000000086500000| Untracked 
| 102|0x0000000086600000, 0x0000000086600000, 0x0000000086700000|  0%| F|  |TAMS 0x0000000086600000, 0x0000000086600000| Untracked 
| 103|0x0000000086700000, 0x0000000086700000, 0x0000000086800000|  0%| F|  |TAMS 0x0000000086700000, 0x0000000086700000| Untracked 
| 104|0x0000000086800000, 0x0000000086800000, 0x0000000086900000|  0%| F|  |TAMS 0x0000000086800000, 0x0000000086800000| Untracked 
| 105|0x0000000086900000, 0x0000000086900000, 0x0000000086a00000|  0%| F|  |TAMS 0x0000000086900000, 0x0000000086900000| Untracked 
| 106|0x0000000086a00000, 0x0000000086a00000, 0x0000000086b00000|  0%| F|  |TAMS 0x0000000086a00000, 0x0000000086a00000| Untracked 
| 107|0x0000000086b00000, 0x0000000086b00000, 0x0000000086c00000|  0%| F|  |TAMS 0x0000000086b00000, 0x0000000086b00000| Untracked 
| 108|0x0000000086c00000, 0x0000000086c00000, 0x0000000086d00000|  0%| F|  |TAMS 0x0000000086c00000, 0x0000000086c00000| Untracked 
| 109|0x0000000086d00000, 0x0000000086d00000, 0x0000000086e00000|  0%| F|  |TAMS 0x0000000086d00000, 0x0000000086d00000| Untracked 
| 110|0x0000000086e00000, 0x0000000086e00000, 0x0000000086f00000|  0%| F|  |TAMS 0x0000000086e00000, 0x0000000086e00000| Untracked 
| 111|0x0000000086f00000, 0x0000000086f00000, 0x0000000087000000|  0%| F|  |TAMS 0x0000000086f00000, 0x0000000086f00000| Untracked 
| 112|0x0000000087000000, 0x0000000087000000, 0x0000000087100000|  0%| F|  |TAMS 0x0000000087000000, 0x0000000087000000| Untracked 
| 113|0x0000000087100000, 0x0000000087100000, 0x0000000087200000|  0%| F|  |TAMS 0x0000000087100000, 0x0000000087100000| Untracked 
| 114|0x0000000087200000, 0x0000000087200000, 0x0000000087300000|  0%| F|  |TAMS 0x0000000087200000, 0x0000000087200000| Untracked 
| 115|0x0000000087300000, 0x0000000087300000, 0x0000000087400000|  0%| F|  |TAMS 0x0000000087300000, 0x0000000087300000| Untracked 
| 116|0x0000000087400000, 0x0000000087400000, 0x0000000087500000|  0%| F|  |TAMS 0x0000000087400000, 0x0000000087400000| Untracked 
| 117|0x0000000087500000, 0x0000000087500000, 0x0000000087600000|  0%| F|  |TAMS 0x0000000087500000, 0x0000000087500000| Untracked 
| 118|0x0000000087600000, 0x0000000087600000, 0x0000000087700000|  0%| F|  |TAMS 0x0000000087600000, 0x0000000087600000| Untracked 
| 119|0x0000000087700000, 0x0000000087700000, 0x0000000087800000|  0%| F|  |TAMS 0x0000000087700000, 0x0000000087700000| Untracked 
| 120|0x0000000087800000, 0x0000000087800000, 0x0000000087900000|  0%| F|  |TAMS 0x0000000087800000, 0x0000000087800000| Untracked 
| 121|0x0000000087900000, 0x0000000087900000, 0x0000000087a00000|  0%| F|  |TAMS 0x0000000087900000, 0x0000000087900000| Untracked 
| 122|0x0000000087a00000, 0x0000000087a00000, 0x0000000087b00000|  0%| F|  |TAMS 0x0000000087a00000, 0x0000000087a00000| Untracked 
| 123|0x0000000087b00000, 0x0000000087b00000, 0x0000000087c00000|  0%| F|  |TAMS 0x0000000087b00000, 0x0000000087b00000| Untracked 
| 124|0x0000000087c00000, 0x0000000087c00000, 0x0000000087d00000|  0%| F|  |TAMS 0x0000000087c00000, 0x0000000087c00000| Untracked 
| 125|0x0000000087d00000, 0x0000000087d00000, 0x0000000087e00000|  0%| F|  |TAMS 0x0000000087d00000, 0x0000000087d00000| Untracked 
| 126|0x0000000087e00000, 0x0000000087e00000, 0x0000000087f00000|  0%| F|  |TAMS 0x0000000087e00000, 0x0000000087e00000| Untracked 
| 127|0x0000000087f00000, 0x0000000087f00000, 0x0000000088000000|  0%| F|  |TAMS 0x0000000087f00000, 0x0000000087f00000| Untracked 
| 128|0x0000000088000000, 0x0000000088100000, 0x0000000088100000|100%| E|  |TAMS 0x0000000088000000, 0x0000000088000000| Complete 
| 129|0x0000000088100000, 0x0000000088200000, 0x0000000088200000|100%| E|CS|TAMS 0x0000000088100000, 0x0000000088100000| Complete 
| 130|0x0000000088200000, 0x0000000088300000, 0x0000000088300000|100%| E|CS|TAMS 0x0000000088200000, 0x0000000088200000| Complete 
| 131|0x0000000088300000, 0x0000000088400000, 0x0000000088400000|100%| E|CS|TAMS 0x0000000088300000, 0x0000000088300000| Complete 
| 132|0x0000000088400000, 0x0000000088500000, 0x0000000088500000|100%| E|CS|TAMS 0x0000000088400000, 0x0000000088400000| Complete 
| 133|0x0000000088500000, 0x0000000088600000, 0x0000000088600000|100%| E|CS|TAMS 0x0000000088500000, 0x0000000088500000| Complete 
| 134|0x0000000088600000, 0x0000000088700000, 0x0000000088700000|100%| E|CS|TAMS 0x0000000088600000, 0x0000000088600000| Complete 
| 135|0x0000000088700000, 0x00000000887bb580, 0x0000000088800000| 73%| S|CS|TAMS 0x0000000088700000, 0x0000000088700000| Complete 
| 136|0x0000000088800000, 0x0000000088900000, 0x0000000088900000|100%| S|CS|TAMS 0x0000000088800000, 0x0000000088800000| Complete 
| 137|0x0000000088900000, 0x0000000088a00000, 0x0000000088a00000|100%| S|CS|TAMS 0x0000000088900000, 0x0000000088900000| Complete 
| 138|0x0000000088a00000, 0x0000000088b00000, 0x0000000088b00000|100%| E|CS|TAMS 0x0000000088a00000, 0x0000000088a00000| Complete 
| 139|0x0000000088b00000, 0x0000000088c00000, 0x0000000088c00000|100%| E|CS|TAMS 0x0000000088b00000, 0x0000000088b00000| Complete 
| 140|0x0000000088c00000, 0x0000000088d00000, 0x0000000088d00000|100%| E|CS|TAMS 0x0000000088c00000, 0x0000000088c00000| Complete 
| 141|0x0000000088d00000, 0x0000000088e00000, 0x0000000088e00000|100%| E|CS|TAMS 0x0000000088d00000, 0x0000000088d00000| Complete 
| 142|0x0000000088e00000, 0x0000000088f00000, 0x0000000088f00000|100%| E|CS|TAMS 0x0000000088e00000, 0x0000000088e00000| Complete 
| 143|0x0000000088f00000, 0x0000000089000000, 0x0000000089000000|100%| E|CS|TAMS 0x0000000088f00000, 0x0000000088f00000| Complete 
| 144|0x0000000089000000, 0x0000000089100000, 0x0000000089100000|100%| E|CS|TAMS 0x0000000089000000, 0x0000000089000000| Complete 
| 145|0x0000000089100000, 0x0000000089200000, 0x0000000089200000|100%| E|CS|TAMS 0x0000000089100000, 0x0000000089100000| Complete 
| 146|0x0000000089200000, 0x0000000089300000, 0x0000000089300000|100%| E|CS|TAMS 0x0000000089200000, 0x0000000089200000| Complete 

Card table byte_map: [0x000001df699e0000,0x000001df69de0000] _byte_map_base: 0x000001df695e0000

Marking Bits (Prev, Next): (CMBitMap*) 0x000001df52b48e20, (CMBitMap*) 0x000001df52b48de0
 Prev Bits: [0x000001df6c1e0000, 0x000001df6e1e0000)
 Next Bits: [0x000001df6a1e0000, 0x000001df6c1e0000)

Polling page: 0x000001df50a10000

Metaspace:

Usage:
  Non-class:     60.44 MB used.
      Class:      9.61 MB used.
       Both:     70.05 MB used.

Virtual space:
  Non-class space:       64.00 MB reserved,      60.81 MB ( 95%) committed,  8 nodes.
      Class space:      412.00 MB reserved,      10.00 MB (  2%) committed,  1 nodes.
             Both:      476.00 MB reserved,      70.81 MB ( 15%) committed. 

Chunk freelists:
   Non-Class:  2.95 MB
       Class:  1.86 MB
        Both:  4.81 MB

MaxMetaspaceSize: 512.00 MB
CompressedClassSpaceSize: 412.00 MB
Initial GC threshold: 21.00 MB
Current GC threshold: 114.19 MB
CDS: on
MetaspaceReclaimPolicy: balanced
 - commit_granule_bytes: 65536.
 - commit_granule_words: 8192.
 - virtual_space_node_default_size: 1048576.
 - enlarge_chunks_in_place: 1.
 - new_chunks_are_fully_committed: 0.
 - uncommit_free_chunks: 1.
 - use_allocation_guard: 0.
 - handle_deallocations: 1.


Internal statistics:

num_allocs_failed_limit: 6.
num_arena_births: 842.
num_arena_deaths: 0.
num_vsnodes_births: 9.
num_vsnodes_deaths: 0.
num_space_committed: 1133.
num_space_uncommitted: 0.
num_chunks_returned_to_freelist: 6.
num_chunks_taken_from_freelist: 3736.
num_chunk_merges: 6.
num_chunk_splits: 2473.
num_chunks_enlarged: 1656.
num_purges: 0.
num_inconsistent_stats: 0.

CodeHeap 'non-profiled nmethods': size=120000Kb used=5048Kb max_used=5048Kb free=114951Kb
 bounds [0x000001df620b0000, 0x000001df625a0000, 0x000001df695e0000]
CodeHeap 'profiled nmethods': size=120000Kb used=17783Kb max_used=17783Kb free=102216Kb
 bounds [0x000001df5a5e0000, 0x000001df5b740000, 0x000001df61b10000]
CodeHeap 'non-nmethods': size=5760Kb used=2383Kb max_used=2445Kb free=3376Kb
 bounds [0x000001df61b10000, 0x000001df61d80000, 0x000001df620b0000]
 total_blobs=9638 nmethods=8723 adapters=827
 compilation: enabled
              stopped_count=0, restarted_count=0
 full_count=0

Compilation events (20 events):
Event: 29.806 Thread 0x000001df706a3360 nmethod 9495 0x000001df5b725810 code [0x000001df5b7259e0, 0x000001df5b725d08]
Event: 29.806 Thread 0x000001df706a3360 9496       3       org.objectweb.asm.AnnotationWriter::computeAnnotationsSize (66 bytes)
Event: 29.807 Thread 0x000001df706a3360 nmethod 9496 0x000001df5b725e90 code [0x000001df5b726060, 0x000001df5b726398]
Event: 29.807 Thread 0x000001df706a3360 9497       3       jdk.proxy1.$Proxy5::<init> (6 bytes)
Event: 29.807 Thread 0x000001df706a3360 nmethod 9497 0x000001df5b726590 code [0x000001df5b726760, 0x000001df5b726ae8]
Event: 29.812 Thread 0x000001df706a3360 9499       3       org.objectweb.asm.Type::getMethodDescriptor (74 bytes)
Event: 29.813 Thread 0x000001df706a3360 nmethod 9499 0x000001df5b726c90 code [0x000001df5b726f00, 0x000001df5b7277d8]
Event: 29.813 Thread 0x000001df706a3360 9498       3       org.objectweb.asm.commons.Method::getMethod (16 bytes)
Event: 29.813 Thread 0x000001df706a3360 nmethod 9498 0x000001df5b727b90 code [0x000001df5b727d40, 0x000001df5b728068]
Event: 29.813 Thread 0x000001df706a3360 9500       3       org.objectweb.asm.ClassWriter::<init> (7 bytes)
Event: 29.814 Thread 0x000001df706a3360 nmethod 9500 0x000001df5b728190 code [0x000001df5b728340, 0x000001df5b728488]
Event: 29.814 Thread 0x000001df706a3360 9501       3       org.objectweb.asm.ClassWriter::<init> (68 bytes)
Event: 29.814 Thread 0x000001df706a3360 nmethod 9501 0x000001df5b728510 code [0x000001df5b7286e0, 0x000001df5b728b88]
Event: 29.814 Thread 0x000001df706a3360 9502       3       org.objectweb.asm.ClassWriter::visitEnd (1 bytes)
Event: 29.814 Thread 0x000001df706a3360 nmethod 9502 0x000001df5b728d10 code [0x000001df5b728ea0, 0x000001df5b728fb8]
Event: 29.815 Thread 0x000001df706a3360 9503   !   3       jdk.internal.reflect.GeneratedConstructorAccessor3::newInstance (53 bytes)
Event: 29.816 Thread 0x000001df706a3360 nmethod 9503 0x000001df5b729090 code [0x000001df5b7292c0, 0x000001df5b729b68]
Event: 29.817 Thread 0x000001df706a3360 9504       3       org.gradle.cache.internal.DefaultCrossBuildInMemoryCacheFactory$DefaultCrossBuildInMemoryCache::maybeGetRetainedValue (25 bytes)
Event: 29.817 Thread 0x000001df706a3360 nmethod 9504 0x000001df5b729f90 code [0x000001df5b72a160, 0x000001df5b72a558]
Event: 29.822 Thread 0x000001df706a3360 9505       3       org.objectweb.asm.SymbolTable::hash (15 bytes)

GC Heap History (20 events):
Event: 21.780 GC heap before
{Heap before GC invocations=21 (full 0):
 garbage-first heap   total 89088K, used 72288K [0x0000000080000000, 0x0000000100000000)
  region size 1024K, 26 young (26624K), 3 survivors (3072K)
 Metaspace       used 55521K, committed 56192K, reserved 471040K
  class space    used 7789K, committed 8064K, reserved 421888K
}
Event: 21.794 GC heap after
{Heap after GC invocations=22 (full 0):
 garbage-first heap   total 89088K, used 50620K [0x0000000080000000, 0x0000000100000000)
  region size 1024K, 4 young (4096K), 4 survivors (4096K)
 Metaspace       used 55521K, committed 56192K, reserved 471040K
  class space    used 7789K, committed 8064K, reserved 421888K
}
Event: 23.324 GC heap before
{Heap before GC invocations=23 (full 0):
 garbage-first heap   total 89088K, used 73148K [0x0000000080000000, 0x0000000100000000)
  region size 1024K, 26 young (26624K), 4 survivors (4096K)
 Metaspace       used 56965K, committed 57664K, reserved 479232K
  class space    used 7963K, committed 8256K, reserved 421888K
}
Event: 23.337 GC heap after
{Heap after GC invocations=24 (full 0):
 garbage-first heap   total 89088K, used 52324K [0x0000000080000000, 0x0000000100000000)
  region size 1024K, 4 young (4096K), 4 survivors (4096K)
 Metaspace       used 56965K, committed 57664K, reserved 479232K
  class space    used 7963K, committed 8256K, reserved 421888K
}
Event: 24.308 GC heap before
{Heap before GC invocations=24 (full 0):
 garbage-first heap   total 89088K, used 71780K [0x0000000080000000, 0x0000000100000000)
  region size 1024K, 24 young (24576K), 4 survivors (4096K)
 Metaspace       used 59113K, committed 59776K, reserved 479232K
  class space    used 8283K, committed 8576K, reserved 421888K
}
Event: 24.322 GC heap after
{Heap after GC invocations=25 (full 0):
 garbage-first heap   total 89088K, used 54804K [0x0000000080000000, 0x0000000100000000)
  region size 1024K, 3 young (3072K), 3 survivors (3072K)
 Metaspace       used 59113K, committed 59776K, reserved 479232K
  class space    used 8283K, committed 8576K, reserved 421888K
}
Event: 25.599 GC heap before
{Heap before GC invocations=26 (full 0):
 garbage-first heap   total 97280K, used 72212K [0x0000000080000000, 0x0000000100000000)
  region size 1024K, 20 young (20480K), 3 survivors (3072K)
 Metaspace       used 61244K, committed 61952K, reserved 479232K
  class space    used 8583K, committed 8896K, reserved 421888K
}
Event: 25.607 GC heap after
{Heap after GC invocations=27 (full 0):
 garbage-first heap   total 97280K, used 56613K [0x0000000080000000, 0x0000000100000000)
  region size 1024K, 2 young (2048K), 2 survivors (2048K)
 Metaspace       used 61244K, committed 61952K, reserved 479232K
  class space    used 8583K, committed 8896K, reserved 421888K
}
Event: 26.577 GC heap before
{Heap before GC invocations=27 (full 0):
 garbage-first heap   total 97280K, used 74021K [0x0000000080000000, 0x0000000100000000)
  region size 1024K, 20 young (20480K), 2 survivors (2048K)
 Metaspace       used 61593K, committed 62336K, reserved 479232K
  class space    used 8610K, committed 8960K, reserved 421888K
}
Event: 26.587 GC heap after
{Heap after GC invocations=28 (full 0):
 garbage-first heap   total 97280K, used 57607K [0x0000000080000000, 0x0000000100000000)
  region size 1024K, 1 young (1024K), 1 survivors (1024K)
 Metaspace       used 61593K, committed 62336K, reserved 479232K
  class space    used 8610K, committed 8960K, reserved 421888K
}
Event: 27.479 GC heap before
{Heap before GC invocations=29 (full 0):
 garbage-first heap   total 106496K, used 81159K [0x0000000080000000, 0x0000000100000000)
  region size 1024K, 23 young (23552K), 1 survivors (1024K)
 Metaspace       used 64193K, committed 64896K, reserved 479232K
  class space    used 8954K, committed 9280K, reserved 421888K
}
Event: 27.488 GC heap after
{Heap after GC invocations=30 (full 0):
 garbage-first heap   total 106496K, used 63323K [0x0000000080000000, 0x0000000100000000)
  region size 1024K, 3 young (3072K), 3 survivors (3072K)
 Metaspace       used 64193K, committed 64896K, reserved 479232K
  class space    used 8954K, committed 9280K, reserved 421888K
}
Event: 27.526 GC heap before
{Heap before GC invocations=30 (full 0):
 garbage-first heap   total 106496K, used 63323K [0x0000000080000000, 0x0000000100000000)
  region size 1024K, 5 young (5120K), 3 survivors (3072K)
 Metaspace       used 64345K, committed 65088K, reserved 479232K
  class space    used 8959K, committed 9280K, reserved 421888K
}
Event: 27.532 GC heap after
{Heap after GC invocations=31 (full 0):
 garbage-first heap   total 106496K, used 64399K [0x0000000080000000, 0x0000000100000000)
  region size 1024K, 2 young (2048K), 2 survivors (2048K)
 Metaspace       used 64345K, committed 65088K, reserved 479232K
  class space    used 8959K, committed 9280K, reserved 421888K
}
Event: 28.286 GC heap before
{Heap before GC invocations=32 (full 0):
 garbage-first heap   total 124928K, used 81807K [0x0000000080000000, 0x0000000100000000)
  region size 1024K, 17 young (17408K), 2 survivors (2048K)
 Metaspace       used 66696K, committed 67392K, reserved 487424K
  class space    used 9221K, committed 9536K, reserved 421888K
}
Event: 28.290 GC heap after
{Heap after GC invocations=33 (full 0):
 garbage-first heap   total 124928K, used 67939K [0x0000000080000000, 0x0000000100000000)
  region size 1024K, 3 young (3072K), 3 survivors (3072K)
 Metaspace       used 66696K, committed 67392K, reserved 487424K
  class space    used 9221K, committed 9536K, reserved 421888K
}
Event: 28.864 GC heap before
{Heap before GC invocations=33 (full 0):
 garbage-first heap   total 124928K, used 83299K [0x0000000080000000, 0x0000000100000000)
  region size 1024K, 19 young (19456K), 3 survivors (3072K)
 Metaspace       used 69312K, committed 70080K, reserved 487424K
  class space    used 9525K, committed 9920K, reserved 421888K
}
Event: 28.869 GC heap after
{Heap after GC invocations=34 (full 0):
 garbage-first heap   total 124928K, used 69694K [0x0000000080000000, 0x0000000100000000)
  region size 1024K, 2 young (2048K), 2 survivors (2048K)
 Metaspace       used 69312K, committed 70080K, reserved 487424K
  class space    used 9525K, committed 9920K, reserved 421888K
}
Event: 29.434 GC heap before
{Heap before GC invocations=35 (full 0):
 garbage-first heap   total 150528K, used 97342K [0x0000000080000000, 0x0000000100000000)
  region size 1024K, 23 young (23552K), 2 survivors (2048K)
 Metaspace       used 70467K, committed 71232K, reserved 487424K
  class space    used 9685K, committed 10048K, reserved 421888K
}
Event: 29.443 GC heap after
{Heap after GC invocations=36 (full 0):
 garbage-first heap   total 150528K, used 71847K [0x0000000080000000, 0x0000000100000000)
  region size 1024K, 3 young (3072K), 3 survivors (3072K)
 Metaspace       used 70467K, committed 71232K, reserved 487424K
  class space    used 9685K, committed 10048K, reserved 421888K
}

Dll operation events (12 events):
Event: 0.013 Loaded shared library C:\Program Files\Eclipse Adoptium\jdk-17.0.6.10-hotspot\bin\java.dll
Event: 0.026 Loaded shared library C:\Program Files\Eclipse Adoptium\jdk-17.0.6.10-hotspot\bin\jsvml.dll
Event: 0.087 Loaded shared library C:\Program Files\Eclipse Adoptium\jdk-17.0.6.10-hotspot\bin\net.dll
Event: 0.090 Loaded shared library C:\Program Files\Eclipse Adoptium\jdk-17.0.6.10-hotspot\bin\nio.dll
Event: 0.097 Loaded shared library C:\Program Files\Eclipse Adoptium\jdk-17.0.6.10-hotspot\bin\zip.dll
Event: 0.448 Loaded shared library C:\Program Files\Eclipse Adoptium\jdk-17.0.6.10-hotspot\bin\jimage.dll
Event: 0.569 Loaded shared library C:\Program Files\Eclipse Adoptium\jdk-17.0.6.10-hotspot\bin\verify.dll
Event: 0.848 Loaded shared library C:\Users\hp\.gradle\native\e1d6ef7f7dcc3fd88c89a11ec53ec762bb8ba0a96d01ffa2cd45eb1d1d8dd5c5\windows-amd64\native-platform.dll
Event: 0.867 Loaded shared library C:\Users\hp\.gradle\native\0d407fdbe67a94daf76414ababcb853783967236a71b16ec16e742cd7a986fd3\windows-amd64\native-platform-file-events.dll
Event: 2.151 Loaded shared library C:\Program Files\Eclipse Adoptium\jdk-17.0.6.10-hotspot\bin\management.dll
Event: 2.156 Loaded shared library C:\Program Files\Eclipse Adoptium\jdk-17.0.6.10-hotspot\bin\management_ext.dll
Event: 2.894 Loaded shared library C:\Program Files\Eclipse Adoptium\jdk-17.0.6.10-hotspot\bin\sunmscapi.dll

Deoptimization events (20 events):
Event: 29.089 Thread 0x000001df728fa330 DEOPT PACKING pc=0x000001df5b692ac8 sp=0x0000009bd7ef2bf0
Event: 29.089 Thread 0x000001df728fa330 DEOPT UNPACKING pc=0x000001df61b67143 sp=0x0000009bd7ef2048 mode 0
Event: 29.091 Thread 0x000001df728fa330 DEOPT PACKING pc=0x000001df5b699079 sp=0x0000009bd7ef2ce0
Event: 29.091 Thread 0x000001df728fa330 DEOPT UNPACKING pc=0x000001df61b67143 sp=0x0000009bd7ef2170 mode 0
Event: 29.136 Thread 0x000001df728fa330 Uncommon trap: trap_request=0xffffff45 fr.pc=0x000001df621bc8bc relative=0x000000000000009c
Event: 29.136 Thread 0x000001df728fa330 Uncommon trap: reason=unstable_if action=reinterpret pc=0x000001df621bc8bc method=java.security.CodeSource.matchCerts(Ljava/security/CodeSource;Z)Z @ 11 c2
Event: 29.136 Thread 0x000001df728fa330 DEOPT PACKING pc=0x000001df621bc8bc sp=0x0000009bd7ef1d70
Event: 29.136 Thread 0x000001df728fa330 DEOPT UNPACKING pc=0x000001df61b669a3 sp=0x0000009bd7ef1d08 mode 2
Event: 29.329 Thread 0x000001df728fa330 Uncommon trap: trap_request=0xffffff45 fr.pc=0x000001df62361c10 relative=0x0000000000002d90
Event: 29.329 Thread 0x000001df728fa330 Uncommon trap: reason=unstable_if action=reinterpret pc=0x000001df62361c10 method=java.util.regex.Pattern.has(I)Z @ 6 c2
Event: 29.329 Thread 0x000001df728fa330 DEOPT PACKING pc=0x000001df62361c10 sp=0x0000009bd7ef6780
Event: 29.329 Thread 0x000001df728fa330 DEOPT UNPACKING pc=0x000001df61b669a3 sp=0x0000009bd7ef6700 mode 2
Event: 29.329 Thread 0x000001df728fa330 Uncommon trap: trap_request=0xffffff45 fr.pc=0x000001df62134e58 relative=0x0000000000000058
Event: 29.329 Thread 0x000001df728fa330 Uncommon trap: reason=unstable_if action=reinterpret pc=0x000001df62134e58 method=java.util.regex.Pattern.has(I)Z @ 6 c2
Event: 29.329 Thread 0x000001df728fa330 DEOPT PACKING pc=0x000001df62134e58 sp=0x0000009bd7ef6760
Event: 29.329 Thread 0x000001df728fa330 DEOPT UNPACKING pc=0x000001df61b669a3 sp=0x0000009bd7ef66f0 mode 2
Event: 29.423 Thread 0x000001df728fa330 Uncommon trap: trap_request=0xffffffde fr.pc=0x000001df624546dc relative=0x000000000000029c
Event: 29.423 Thread 0x000001df728fa330 Uncommon trap: reason=class_check action=maybe_recompile pc=0x000001df624546dc method=com.google.common.collect.ComparatorOrdering.compare(Ljava/lang/Object;Ljava/lang/Object;)I @ 6 c2
Event: 29.423 Thread 0x000001df728fa330 DEOPT PACKING pc=0x000001df624546dc sp=0x0000009bd7ef64d0
Event: 29.423 Thread 0x000001df728fa330 DEOPT UNPACKING pc=0x000001df61b669a3 sp=0x0000009bd7ef6448 mode 2

Classes unloaded (0 events):
No events

Classes redefined (0 events):
No events

Internal exceptions (20 events):
Event: 23.318 Thread 0x000001df728fa330 Implicit null exception at 0x000001df6227dd4b to 0x000001df6227dd70
Event: 23.430 Thread 0x000001df76c167f0 Exception <a 'java/lang/NoSuchMethodError'{0x0000000086439418}: 'java.lang.Object java.lang.invoke.Invokers$Holder.linkToTargetMethod(java.lang.Object, java.lang.Object, java.lang.Object, int, java.lang.Object, java.lang.Object)'> (0x0000000086439418) 
thrown [s\src\hotspot\share\interpreter\linkResolver.cpp, line 759]
Event: 23.739 Thread 0x000001df728fbb40 Exception <a 'java/lang/NoSuchMethodError'{0x00000000863a3158}: static Lorg/gradle/internal/build/event/types/DefaultTaskStartedProgressEvent;.<clinit>()V> (0x00000000863a3158) 
thrown [s\src\hotspot\share\prims\jni.cpp, line 1107]
Event: 23.745 Thread 0x000001df728fbb40 Exception <a 'java/lang/NoSuchMethodError'{0x00000000863bacb0}: static Lorg/gradle/internal/build/event/types/DefaultTaskDescriptor;.<clinit>()V> (0x00000000863bacb0) 
thrown [s\src\hotspot\share\prims\jni.cpp, line 1107]
Event: 23.810 Thread 0x000001df76c167f0 Implicit null exception at 0x000001df622a82d7 to 0x000001df622a847c
Event: 23.825 Thread 0x000001df76c167f0 Exception <a 'java/lang/NoSuchMethodError'{0x000000008513be40}: 'int java.lang.invoke.DirectMethodHandle$Holder.invokeSpecial(java.lang.Object, java.lang.Object, java.lang.Object, java.lang.Object, java.lang.Object)'> (0x000000008513be40) 
thrown [s\src\hotspot\share\interpreter\linkResolver.cpp, line 759]
Event: 24.992 Thread 0x000001df728fbb40 Exception <a 'java/lang/NoSuchMethodError'{0x000000008540ebe0}: static Lorg/gradle/internal/build/event/types/DefaultTaskFinishedProgressEvent;.<clinit>()V> (0x000000008540ebe0) 
thrown [s\src\hotspot\share\prims\jni.cpp, line 1107]
Event: 24.993 Thread 0x000001df728fbb40 Exception <a 'java/lang/NoSuchMethodError'{0x0000000085426d50}: static Lorg/gradle/internal/build/event/types/DefaultTaskSuccessResult;.<clinit>()V> (0x0000000085426d50) 
thrown [s\src\hotspot\share\prims\jni.cpp, line 1107]
Event: 24.994 Thread 0x000001df728fbb40 Exception <a 'java/lang/NoSuchMethodError'{0x0000000085428200}: static Lorg/gradle/internal/build/event/types/AbstractTaskResult;.<clinit>()V> (0x0000000085428200) 
thrown [s\src\hotspot\share\prims\jni.cpp, line 1107]
Event: 25.044 Thread 0x000001df728fbb40 Exception <a 'java/lang/NoSuchMethodError'{0x0000000085327340}: static Lorg/gradle/internal/build/event/types/DefaultTaskSkippedResult;.<clinit>()V> (0x0000000085327340) 
thrown [s\src\hotspot\share\prims\jni.cpp, line 1107]
Event: 25.125 Thread 0x000001df76c167f0 Exception <a 'java/lang/NoSuchMethodError'{0x00000000853b4e88}: 'void java.lang.invoke.DirectMethodHandle$Holder.invokeInterface(java.lang.Object, java.lang.Object, java.lang.Object, java.lang.Object)'> (0x00000000853b4e88) 
thrown [s\src\hotspot\share\interpreter\linkResolver.cpp, line 759]
Event: 25.142 Thread 0x000001df76c167f0 Exception <a 'java/lang/NoSuchMethodError'{0x0000000085211b98}: 'void java.lang.invoke.DirectMethodHandle$Holder.invokeVirtual(java.lang.Object, java.lang.Object)'> (0x0000000085211b98) 
thrown [s\src\hotspot\share\interpreter\linkResolver.cpp, line 759]
Event: 25.318 Thread 0x000001df728fbb40 Exception <a 'java/lang/NoSuchMethodError'{0x00000000850ef438}: static [Ljava/lang/Object;.<clinit>()V> (0x00000000850ef438) 
thrown [s\src\hotspot\share\prims\jni.cpp, line 1107]
Event: 26.002 Thread 0x000001df756f8b10 Exception <a 'sun/nio/fs/WindowsException'{0x00000000857878a0}> (0x00000000857878a0) 
thrown [s\src\hotspot\share\prims\jni.cpp, line 516]
Event: 26.250 Thread 0x000001df756f8b10 Exception <a 'sun/nio/fs/WindowsException'{0x00000000852da858}> (0x00000000852da858) 
thrown [s\src\hotspot\share\prims\jni.cpp, line 516]
Event: 26.252 Thread 0x000001df756f8b10 Exception <a 'sun/nio/fs/WindowsException'{0x00000000852dc198}> (0x00000000852dc198) 
thrown [s\src\hotspot\share\prims\jni.cpp, line 516]
Event: 26.571 Thread 0x000001df728fa330 Exception <a 'java/lang/ClassNotFoundException'{0x0000000084b54730}: build_88ee2s60e0gzqyiqa8smfs2c4BeanInfo> (0x0000000084b54730) 
thrown [s\src\hotspot\share\classfile\systemDictionary.cpp, line 256]
Event: 26.572 Thread 0x000001df728fa330 Exception <a 'java/lang/ClassNotFoundException'{0x0000000084b5b288}: build_88ee2s60e0gzqyiqa8smfs2c4Customizer> (0x0000000084b5b288) 
thrown [s\src\hotspot\share\classfile\systemDictionary.cpp, line 256]
Event: 28.690 Thread 0x000001df728fa330 Implicit null exception at 0x000001df6225a30c to 0x000001df6225a43e
Event: 29.171 Thread 0x000001df728fa330 Exception <a 'sun/nio/fs/WindowsException'{0x0000000089276a68}> (0x0000000089276a68) 
thrown [s\src\hotspot\share\prims\jni.cpp, line 516]

VM Operations (20 events):
Event: 27.786 Executing VM operation: HandshakeAllThreads
Event: 27.786 Executing VM operation: HandshakeAllThreads done
Event: 27.823 Executing VM operation: G1Concurrent
Event: 27.823 Executing VM operation: G1Concurrent done
Event: 28.033 Executing VM operation: HandshakeAllThreads
Event: 28.034 Executing VM operation: HandshakeAllThreads done
Event: 28.286 Executing VM operation: G1CollectForAllocation
Event: 28.290 Executing VM operation: G1CollectForAllocation done
Event: 28.635 Executing VM operation: HandshakeAllThreads
Event: 28.635 Executing VM operation: HandshakeAllThreads done
Event: 28.704 Executing VM operation: HandshakeAllThreads
Event: 28.704 Executing VM operation: HandshakeAllThreads done
Event: 28.864 Executing VM operation: G1TryInitiateConcMark
Event: 28.869 Executing VM operation: G1TryInitiateConcMark done
Event: 29.058 Executing VM operation: G1Concurrent
Event: 29.067 Executing VM operation: G1Concurrent done
Event: 29.152 Executing VM operation: G1Concurrent
Event: 29.152 Executing VM operation: G1Concurrent done
Event: 29.433 Executing VM operation: G1CollectForAllocation
Event: 29.443 Executing VM operation: G1CollectForAllocation done

Events (20 events):
Event: 28.758 loading class java/security/cert/CertPathValidatorException$Reason done
Event: 28.758 loading class java/security/cert/CertPathValidatorException$BasicReason done
Event: 28.758 loading class java/security/SignatureException
Event: 28.758 loading class java/security/SignatureException done
Event: 28.768 loading class sun/security/rsa/RSASignature$SHA256withRSA
Event: 28.768 loading class sun/security/rsa/RSASignature$SHA256withRSA done
Event: 28.771 loading class sun/security/provider/DSA$SHA256withDSA
Event: 28.772 loading class sun/security/provider/DSA$SHA256withDSA done
Event: 28.850 loading class java/util/Base64
Event: 28.850 loading class java/util/Base64 done
Event: 28.850 loading class java/util/Base64$Decoder
Event: 28.850 loading class java/util/Base64$Decoder done
Event: 28.850 loading class java/util/Base64$Encoder
Event: 28.850 loading class java/util/Base64$Encoder done
Event: 28.852 loading class java/util/jar/JarVerifier$VerifierStream
Event: 28.852 loading class java/util/jar/JarVerifier$VerifierStream done
Event: 28.852 loading class sun/security/util/ManifestEntryVerifier$SunProviderHolder
Event: 28.852 loading class sun/security/util/ManifestEntryVerifier$SunProviderHolder done
Event: 29.137 loading class java/security/KeyStore$ProtectionParameter
Event: 29.137 loading class java/security/KeyStore$ProtectionParameter done


Dynamic libraries:
0x00007ff6bb0a0000 - 0x00007ff6bb0ae000 	C:\Program Files\Eclipse Adoptium\jdk-17.0.6.10-hotspot\bin\java.exe
0x00007ffecd350000 - 0x00007ffecd548000 	C:\Windows\SYSTEM32\ntdll.dll
0x00007ffecb4f0000 - 0x00007ffecb5af000 	C:\Windows\System32\KERNEL32.DLL
0x00007ffecae90000 - 0x00007ffecb186000 	C:\Windows\System32\KERNELBASE.dll
0x00007ffecaae0000 - 0x00007ffecabe0000 	C:\Windows\System32\ucrtbase.dll
0x00007ffec5950000 - 0x00007ffec5969000 	C:\Program Files\Eclipse Adoptium\jdk-17.0.6.10-hotspot\bin\VCRUNTIME140.dll
0x00007ffec5970000 - 0x00007ffec5987000 	C:\Program Files\Eclipse Adoptium\jdk-17.0.6.10-hotspot\bin\jli.dll
0x00007ffecbc40000 - 0x00007ffecbddd000 	C:\Windows\System32\USER32.dll
0x00007ffecae60000 - 0x00007ffecae82000 	C:\Windows\System32\win32u.dll
0x00007ffeb8230000 - 0x00007ffeb84ca000 	C:\Windows\WinSxS\amd64_microsoft.windows.common-controls_6595b64144ccf1df_6.0.19041.1110_none_60b5254171f9507e\COMCTL32.dll
0x00007ffecb3c0000 - 0x00007ffecb45e000 	C:\Windows\System32\msvcrt.dll
0x00007ffecb5b0000 - 0x00007ffecb5dc000 	C:\Windows\System32\GDI32.dll
0x00007ffecb190000 - 0x00007ffecb2a5000 	C:\Windows\System32\gdi32full.dll
0x00007ffecac10000 - 0x00007ffecacad000 	C:\Windows\System32\msvcp_win.dll
0x00007ffecbf10000 - 0x00007ffecbf40000 	C:\Windows\System32\IMM32.DLL
0x00007ffec5940000 - 0x00007ffec594c000 	C:\Program Files\Eclipse Adoptium\jdk-17.0.6.10-hotspot\bin\vcruntime140_1.dll
0x00007ffec58a0000 - 0x00007ffec5931000 	C:\Program Files\Eclipse Adoptium\jdk-17.0.6.10-hotspot\bin\msvcp140.dll
0x00007ffe54bd0000 - 0x00007ffe55817000 	C:\Program Files\Eclipse Adoptium\jdk-17.0.6.10-hotspot\bin\server\jvm.dll
0x00007ffecb730000 - 0x00007ffecb7df000 	C:\Windows\System32\ADVAPI32.dll
0x00007ffecba10000 - 0x00007ffecbaac000 	C:\Windows\System32\sechost.dll
0x00007ffecb5e0000 - 0x00007ffecb706000 	C:\Windows\System32\RPCRT4.dll
0x00007ffec5890000 - 0x00007ffec5899000 	C:\Windows\SYSTEM32\WSOCK32.dll
0x00007ffeb84e0000 - 0x00007ffeb8507000 	C:\Windows\SYSTEM32\WINMM.dll
0x00007ffecc030000 - 0x00007ffecc09b000 	C:\Windows\System32\WS2_32.dll
0x00007ffec36f0000 - 0x00007ffec36fa000 	C:\Windows\SYSTEM32\VERSION.dll
0x00007ffec88f0000 - 0x00007ffec8902000 	C:\Windows\SYSTEM32\kernel.appcore.dll
0x00007ffec5880000 - 0x00007ffec588a000 	C:\Program Files\Eclipse Adoptium\jdk-17.0.6.10-hotspot\bin\jimage.dll
0x00007ffeb5c20000 - 0x00007ffeb5e04000 	C:\Windows\SYSTEM32\DBGHELP.DLL
0x00007ffeb6130000 - 0x00007ffeb6164000 	C:\Windows\SYSTEM32\dbgcore.DLL
0x00007ffecb2b0000 - 0x00007ffecb332000 	C:\Windows\System32\bcryptPrimitives.dll
0x00007ffec5850000 - 0x00007ffec5875000 	C:\Program Files\Eclipse Adoptium\jdk-17.0.6.10-hotspot\bin\java.dll
0x00007ffe66050000 - 0x00007ffe66126000 	C:\Program Files\Eclipse Adoptium\jdk-17.0.6.10-hotspot\bin\jsvml.dll
0x00007ffeccb10000 - 0x00007ffecd254000 	C:\Windows\System32\SHELL32.dll
0x00007ffec8af0000 - 0x00007ffec9283000 	C:\Windows\SYSTEM32\windows.storage.dll
0x00007ffecc6a0000 - 0x00007ffecc9f4000 	C:\Windows\System32\combase.dll
0x00007ffeca3b0000 - 0x00007ffeca3de000 	C:\Windows\SYSTEM32\Wldp.dll
0x00007ffecca00000 - 0x00007ffeccaad000 	C:\Windows\System32\SHCORE.dll
0x00007ffecc640000 - 0x00007ffecc695000 	C:\Windows\System32\shlwapi.dll
0x00007ffeca970000 - 0x00007ffeca98f000 	C:\Windows\SYSTEM32\profapi.dll
0x00007ffec3a40000 - 0x00007ffec3a59000 	C:\Program Files\Eclipse Adoptium\jdk-17.0.6.10-hotspot\bin\net.dll
0x00007ffec3060000 - 0x00007ffec316a000 	C:\Windows\SYSTEM32\WINHTTP.dll
0x00007ffeca110000 - 0x00007ffeca17a000 	C:\Windows\system32\mswsock.dll
0x00007ffec0c00000 - 0x00007ffec0c15000 	C:\Program Files\Eclipse Adoptium\jdk-17.0.6.10-hotspot\bin\nio.dll
0x00007ffe9ca50000 - 0x00007ffe9ca68000 	C:\Program Files\Eclipse Adoptium\jdk-17.0.6.10-hotspot\bin\zip.dll
0x00007ffec5fa0000 - 0x00007ffec5fb0000 	C:\Program Files\Eclipse Adoptium\jdk-17.0.6.10-hotspot\bin\verify.dll
0x00007ffec5fb0000 - 0x00007ffec5fd7000 	C:\Users\hp\.gradle\native\e1d6ef7f7dcc3fd88c89a11ec53ec762bb8ba0a96d01ffa2cd45eb1d1d8dd5c5\windows-amd64\native-platform.dll
0x00007ffec4720000 - 0x00007ffec4864000 	C:\Users\hp\.gradle\native\0d407fdbe67a94daf76414ababcb853783967236a71b16ec16e742cd7a986fd3\windows-amd64\native-platform-file-events.dll
0x00007ffeb1400000 - 0x00007ffeb1409000 	C:\Program Files\Eclipse Adoptium\jdk-17.0.6.10-hotspot\bin\management.dll
0x00007ffe679a0000 - 0x00007ffe679ab000 	C:\Program Files\Eclipse Adoptium\jdk-17.0.6.10-hotspot\bin\management_ext.dll
0x00007ffecc020000 - 0x00007ffecc028000 	C:\Windows\System32\PSAPI.DLL
0x00007ffeca300000 - 0x00007ffeca318000 	C:\Windows\SYSTEM32\CRYPTSP.dll
0x00007ffec9a30000 - 0x00007ffec9a64000 	C:\Windows\system32\rsaenh.dll
0x00007ffecabe0000 - 0x00007ffecac07000 	C:\Windows\System32\bcrypt.dll
0x00007ffeca8f0000 - 0x00007ffeca91e000 	C:\Windows\SYSTEM32\USERENV.dll
0x00007ffeca320000 - 0x00007ffeca32c000 	C:\Windows\SYSTEM32\CRYPTBASE.dll
0x00007ffec9e00000 - 0x00007ffec9e3c000 	C:\Windows\SYSTEM32\IPHLPAPI.DLL
0x00007ffecb3b0000 - 0x00007ffecb3b8000 	C:\Windows\System32\NSI.dll
0x00007ffec3660000 - 0x00007ffec3677000 	C:\Windows\SYSTEM32\dhcpcsvc6.DLL
0x00007ffec3960000 - 0x00007ffec397d000 	C:\Windows\SYSTEM32\dhcpcsvc.DLL
0x00007ffec9e40000 - 0x00007ffec9f0b000 	C:\Windows\SYSTEM32\DNSAPI.dll
0x00007ffe678b0000 - 0x00007ffe678be000 	C:\Program Files\Eclipse Adoptium\jdk-17.0.6.10-hotspot\bin\sunmscapi.dll
0x00007ffecacb0000 - 0x00007ffecae0e000 	C:\Windows\System32\CRYPT32.dll
0x00007ffeca420000 - 0x00007ffeca448000 	C:\Windows\SYSTEM32\ncrypt.dll
0x00007ffeca3e0000 - 0x00007ffeca41b000 	C:\Windows\SYSTEM32\NTASN1.dll
0x00007ffe8be10000 - 0x00007ffe8be17000 	C:\Windows\system32\wshunix.dll

dbghelp: loaded successfully - version: 4.0.5 - missing functions: none
symbol engine: initialized successfully - sym options: 0x614 - pdb path: .;C:\Program Files\Eclipse Adoptium\jdk-17.0.6.10-hotspot\bin;C:\Windows\SYSTEM32;C:\Windows\WinSxS\amd64_microsoft.windows.common-controls_6595b64144ccf1df_6.0.19041.1110_none_60b5254171f9507e;C:\Program Files\Eclipse Adoptium\jdk-17.0.6.10-hotspot\bin\server;C:\Users\hp\.gradle\native\e1d6ef7f7dcc3fd88c89a11ec53ec762bb8ba0a96d01ffa2cd45eb1d1d8dd5c5\windows-amd64;C:\Users\hp\.gradle\native\0d407fdbe67a94daf76414ababcb853783967236a71b16ec16e742cd7a986fd3\windows-amd64

VM Arguments:
jvm_args: -XX:MaxMetaspaceSize=512m --add-opens=java.base/java.util=ALL-UNNAMED --add-opens=java.base/java.lang=ALL-UNNAMED --add-opens=java.base/java.lang.invoke=ALL-UNNAMED --add-opens=java.base/java.util=ALL-UNNAMED --add-opens=java.prefs/java.util.prefs=ALL-UNNAMED --add-opens=java.prefs/java.util.prefs=ALL-UNNAMED --add-opens=java.base/java.nio.charset=ALL-UNNAMED --add-opens=java.base/java.net=ALL-UNNAMED --add-opens=java.base/java.util.concurrent.atomic=ALL-UNNAMED -Xmx2048m -Dfile.encoding=utf8 -Duser.country=US -Duser.language=en -Duser.variant 
java_command: org.gradle.launcher.daemon.bootstrap.GradleDaemon 7.5.1
java_class_path (initial): C:\Users\hp\.gradle\wrapper\dists\gradle-7.5.1-all\1ehga6e77gqps5uk2kc5kf1vc\gradle-7.5.1\lib\gradle-launcher-7.5.1.jar
Launcher Type: SUN_STANDARD

[Global flags]
     intx CICompilerCount                          = 3                                         {product} {ergonomic}
   size_t CompressedClassSpaceSize                 = 432013312                                 {product} {ergonomic}
     uint ConcGCThreads                            = 1                                         {product} {ergonomic}
     uint G1ConcRefinementThreads                  = 4                                         {product} {ergonomic}
   size_t G1HeapRegionSize                         = 1048576                                   {product} {ergonomic}
    uintx GCDrainStackTargetSize                   = 64                                        {product} {ergonomic}
   size_t InitialHeapSize                          = 134217728                                 {product} {ergonomic}
   size_t MarkStackSize                            = 4194304                                   {product} {ergonomic}
   size_t MaxHeapSize                              = 2147483648                                {product} {command line}
   size_t MaxMetaspaceSize                         = 536870912                                 {product} {command line}
   size_t MaxNewSize                               = 1287651328                                {product} {ergonomic}
   size_t MinHeapDeltaBytes                        = 1048576                                   {product} {ergonomic}
   size_t MinHeapSize                              = 8388608                                   {product} {ergonomic}
    uintx NonNMethodCodeHeapSize                   = 5832780                                {pd product} {ergonomic}
    uintx NonProfiledCodeHeapSize                  = 122912730                              {pd product} {ergonomic}
    uintx ProfiledCodeHeapSize                     = 122912730                              {pd product} {ergonomic}
    uintx ReservedCodeCacheSize                    = 251658240                              {pd product} {ergonomic}
     bool SegmentedCodeCache                       = true                                      {product} {ergonomic}
   size_t SoftMaxHeapSize                          = 2147483648                             {manageable} {ergonomic}
     bool UseCompressedClassPointers               = true                           {product lp64_product} {ergonomic}
     bool UseCompressedOops                        = true                           {product lp64_product} {ergonomic}
     bool UseG1GC                                  = true                                      {product} {ergonomic}
     bool UseLargePagesIndividualAllocation        = false                                  {pd product} {ergonomic}

Logging:
Log output configuration:
 #0: stdout all=warning uptime,level,tags
 #1: stderr all=off uptime,level,tags

Environment Variables:
JAVA_HOME=C:\Program Files\Eclipse Adoptium\jdk-17.0.6.10-hotspot
PATH=C:\Program Files\Eclipse Adoptium\jdk-17.0.6.10-hotspot\bin;C:\Python310\Scripts\;C:\Python310\;C:\Windows\system32;C:\Windows;C:\Windows\System32\Wbem;C:\Windows\System32\WindowsPowerShell\v1.0\;C:\Windows\System32\OpenSSH\;C:\Program Files\Git\cmd;C:\Program Files\Git\mingw64\bin;C:\Program Files\Git\usr\bin;C:\ProgramData\chocolatey\bin;C:\Program Files\nodejs\;C:\Users\hp\AppData\Local\Android\Sdk\platform-tools;C:\Users\hp\AppData\Local\Android\Sdk\emulator;C:\Users\hp\AppData\Local\Microsoft\WindowsApps;C:\Users\hp\AppData\Local\Programs\Microsoft VS Code\bin;C:\Users\hp\AppData\Roaming\npm;C:\Users\hp\AppData\Local\Android\Sdk\platform-tools
USERNAME=hp
OS=Windows_NT
PROCESSOR_IDENTIFIER=Intel64 Family 6 Model 69 Stepping 1, GenuineIntel
TMP=C:\Users\hp\AppData\Local\Temp
TEMP=C:\Users\hp\AppData\Local\Temp



---------------  S Y S T E M  ---------------

OS:
 Windows 10 , 64 bit Build 19041 (10.0.19041.2913)
OS uptime: 0 days 6:58 hours

CPU: total 4 (initial active 4) (2 cores per cpu, 2 threads per core) family 6 model 69 stepping 1 microcode 0x25, cx8, cmov, fxsr, ht, mmx, sse, sse2, sse3, ssse3, sse4.1, sse4.2, popcnt, lzcnt, tsc, tscinvbit, avx, avx2, aes, erms, clmul, bmi1, bmi2, fma, vzeroupper, clflush

Memory: 4k page, system-wide physical 8142M (412M free)
TotalPageFile size 11302M (AvailPageFile size 22M)
current process WorkingSet (physical memory assigned to process): 366M, peak: 366M
current process commit charge ("private bytes"): 407M, peak: 408M

vm_info: OpenJDK 64-Bit Server VM (17.0.6+10) for windows-amd64 JRE (17.0.6+10), built on Jan 18 2023 10:08:59 by "temurin" with MS VC++ 16.7 (VS2019)

END.
