#
# There is insufficient memory for the Java Runtime Environment to continue.
# Native memory allocation (mmap) failed to map 152043520 bytes for G1 virtual space
# Possible reasons:
#   The system is out of physical RAM or swap space
#   The process is running with CompressedOops enabled, and the Java Heap may be blocking the growth of the native heap
# Possible solutions:
#   Reduce memory load on the system
#   Increase physical memory or swap space
#   Check if swap backing store is full
#   Decrease Java heap size (-Xmx/-Xms)
#   Decrease number of Java threads
#   Decrease Java thread stack sizes (-Xss)
#   Set larger code cache with -XX:ReservedCodeCacheSize=
#   JVM is running with Unscaled Compressed Oops mode in which the Java heap is
#     placed in the first 4GB address space. The Java Heap base address is the
#     maximum limit for the native heap growth. Please use -XX:HeapBaseMinAddress
#     to set the Java Heap base and to place the Java Heap above 4GB virtual address.
# This output file may be truncated or incomplete.
#
#  Out of Memory Error (os_windows.cpp:3557), pid=11224, tid=14596
#
# JRE version: OpenJDK Runtime Environment Temurin-17.0.6+10 (17.0.6+10) (build 17.0.6+10)
# Java VM: OpenJDK 64-Bit Server VM Temurin-17.0.6+10 (17.0.6+10, mixed mode, sharing, tiered, compressed oops, compressed class ptrs, g1 gc, windows-amd64)
# No core dump will be written. Minidumps are not enabled by default on client versions of Windows
#

---------------  S U M M A R Y ------------

Command Line: -XX:MaxMetaspaceSize=512m --add-opens=java.base/java.util=ALL-UNNAMED --add-opens=java.base/java.lang=ALL-UNNAMED --add-opens=java.base/java.lang.invoke=ALL-UNNAMED --add-opens=java.base/java.util=ALL-UNNAMED --add-opens=java.prefs/java.util.prefs=ALL-UNNAMED --add-opens=java.prefs/java.util.prefs=ALL-UNNAMED --add-opens=java.base/java.nio.charset=ALL-UNNAMED --add-opens=java.base/java.net=ALL-UNNAMED --add-opens=java.base/java.util.concurrent.atomic=ALL-UNNAMED -Xmx2048m -Dfile.encoding=utf8 -Duser.country=US -Duser.language=en -Duser.variant org.gradle.launcher.daemon.bootstrap.GradleDaemon 7.5.1

Host: Intel(R) Core(TM) i5-4210U CPU @ 1.70GHz, 4 cores, 7G,  Windows 10 , 64 bit Build 19041 (10.0.19041.2913)
Time: Tue May 30 16:31:48 2023 Pakistan Standard Time elapsed time: 30.550555 seconds (0d 0h 0m 30s)

---------------  T H R E A D  ---------------

Current thread (0x000002997fb99ac0):  VMThread "VM Thread" [stack: 0x000000d9ad200000,0x000000d9ad300000] [id=14596]

Stack: [0x000000d9ad200000,0x000000d9ad300000]
Native frames: (J=compiled Java code, j=interpreted, Vv=VM code, C=native code)
V  [jvm.dll+0x67741a]
V  [jvm.dll+0x834434]
V  [jvm.dll+0x835bde]
V  [jvm.dll+0x836243]
V  [jvm.dll+0x2457b5]
V  [jvm.dll+0x674329]
V  [jvm.dll+0x6689da]
V  [jvm.dll+0x30489b]
V  [jvm.dll+0x30bd96]
V  [jvm.dll+0x35b57e]
V  [jvm.dll+0x35b7af]
V  [jvm.dll+0x2db778]
V  [jvm.dll+0x2d9a2c]
V  [jvm.dll+0x2d8ffc]
V  [jvm.dll+0x31cdcb]
V  [jvm.dll+0x83a6eb]
V  [jvm.dll+0x83b424]
V  [jvm.dll+0x83b93c]
V  [jvm.dll+0x83bd14]
V  [jvm.dll+0x83bde0]
V  [jvm.dll+0x7e483a]
V  [jvm.dll+0x6762c5]
C  [ucrtbase.dll+0x21bb2]
C  [KERNEL32.DLL+0x17614]
C  [ntdll.dll+0x526a1]

VM_Operation (0x000000d9ae9f38c0): G1CollectForAllocation, mode: safepoint, requested by thread 0x0000029914968620


---------------  P R O C E S S  ---------------

Threads class SMR info:
_java_thread_list=0x0000029918b26c90, length=89, elements={
0x000002997501aa50, 0x000002997fb9ee90, 0x000002997fb9f820, 0x000002997fbba040,
0x000002997fbba510, 0x000002997fbba9e0, 0x000002997fbbeec0, 0x000002997fbbf6c0,
0x000002997fbc0be0, 0x000002997fbe65e0, 0x00000299138b7970, 0x00000299138c1e80,
0x0000029915152840, 0x0000029915e8c070, 0x0000029914bcab10, 0x0000029915c657a0,
0x0000029915428e60, 0x000002991496bb10, 0x0000029914968620, 0x000002991496bfe0,
0x000002991496aca0, 0x0000029914968af0, 0x0000029914968fc0, 0x000002991496b640,
0x000002991496a7d0, 0x0000029914969490, 0x0000029914969960, 0x000002991496a300,
0x000002991496b170, 0x0000029914969e30, 0x0000029915b71c30, 0x0000029915b72aa0,
0x0000029915b73440, 0x0000029915b6ec10, 0x0000029915b6e740, 0x0000029915b6c0c0,
0x0000029915b6fa80, 0x0000029915b6c590, 0x0000029915b6ff50, 0x0000029915b6e270,
0x0000029915b6d400, 0x0000029915b70420, 0x0000029915b70dc0, 0x0000029915b6d8d0,
0x0000029915b71290, 0x0000029915b6dda0, 0x0000029915b71760, 0x0000029915b72100,
0x0000029915b725d0, 0x0000029915b72f70, 0x000002991756b820, 0x000002991756a9b0,
0x0000029917568cd0, 0x000002991756cb60, 0x000002991756e840, 0x0000029917570520,
0x0000029917569670, 0x000002991756c1c0, 0x000002991756d030, 0x000002991756e370,
0x000002991756a010, 0x000002991756dea0, 0x000002991756d500, 0x000002991756d9d0,
0x000002991756ed10, 0x000002991756f1e0, 0x000002991756f6b0, 0x000002991756fb80,
0x000002991756bcf0, 0x000002991756c690, 0x0000029917570050, 0x00000299175691a0,
0x000002991756b350, 0x0000029917569b40, 0x000002991756a4e0, 0x0000029913bb15d0,
0x0000029913bb1100, 0x0000029913bb2de0, 0x0000029913bb2440, 0x0000029913bacda0,
0x0000029913bae5b0, 0x0000029913bb1f70, 0x0000029913bad740, 0x0000029913bb2910,
0x0000029913bae0e0, 0x0000029913bb0760, 0x0000029913baf420, 0x0000029913bac400,
0x000002991429a060
}

Java Threads: ( => current thread )
  0x000002997501aa50 JavaThread "main" [_thread_blocked, id=9348, stack(0x000000d9acc00000,0x000000d9acd00000)]
  0x000002997fb9ee90 JavaThread "Reference Handler" daemon [_thread_blocked, id=8424, stack(0x000000d9ad300000,0x000000d9ad400000)]
  0x000002997fb9f820 JavaThread "Finalizer" daemon [_thread_blocked, id=8968, stack(0x000000d9ad400000,0x000000d9ad500000)]
  0x000002997fbba040 JavaThread "Signal Dispatcher" daemon [_thread_blocked, id=12388, stack(0x000000d9ad500000,0x000000d9ad600000)]
  0x000002997fbba510 JavaThread "Attach Listener" daemon [_thread_blocked, id=12708, stack(0x000000d9ad600000,0x000000d9ad700000)]
  0x000002997fbba9e0 JavaThread "Service Thread" daemon [_thread_blocked, id=11380, stack(0x000000d9ad700000,0x000000d9ad800000)]
  0x000002997fbbeec0 JavaThread "Monitor Deflation Thread" daemon [_thread_blocked, id=10104, stack(0x000000d9ad800000,0x000000d9ad900000)]
  0x000002997fbbf6c0 JavaThread "C2 CompilerThread0" daemon [_thread_in_native, id=12728, stack(0x000000d9ad900000,0x000000d9ada00000)]
  0x000002997fbc0be0 JavaThread "C1 CompilerThread0" daemon [_thread_blocked, id=9564, stack(0x000000d9ada00000,0x000000d9adb00000)]
  0x000002997fbe65e0 JavaThread "Sweeper thread" daemon [_thread_blocked, id=9116, stack(0x000000d9adb00000,0x000000d9adc00000)]
  0x00000299138b7970 JavaThread "Common-Cleaner" daemon [_thread_blocked, id=6520, stack(0x000000d9adc00000,0x000000d9add00000)]
  0x00000299138c1e80 JavaThread "Notification Thread" daemon [_thread_blocked, id=4996, stack(0x000000d9add00000,0x000000d9ade00000)]
  0x0000029915152840 JavaThread "Daemon health stats" [_thread_blocked, id=6820, stack(0x000000d9ae300000,0x000000d9ae400000)]
  0x0000029915e8c070 JavaThread "Incoming local TCP Connector on port 55513" [_thread_in_native, id=10348, stack(0x000000d9ae400000,0x000000d9ae500000)]
  0x0000029914bcab10 JavaThread "Daemon periodic checks" [_thread_blocked, id=11072, stack(0x000000d9ae500000,0x000000d9ae600000)]
  0x0000029915c657a0 JavaThread "Daemon" [_thread_blocked, id=12408, stack(0x000000d9ae600000,0x000000d9ae700000)]
  0x0000029915428e60 JavaThread "Handler for socket connection from /127.0.0.1:55513 to /127.0.0.1:55514" [_thread_in_native, id=6972, stack(0x000000d9ae700000,0x000000d9ae800000)]
  0x000002991496bb10 JavaThread "Cancel handler" [_thread_blocked, id=15308, stack(0x000000d9ae800000,0x000000d9ae900000)]
  0x0000029914968620 JavaThread "Daemon worker" [_thread_blocked, id=8112, stack(0x000000d9ae900000,0x000000d9aea00000)]
  0x000002991496bfe0 JavaThread "Asynchronous log dispatcher for DefaultDaemonConnection: socket connection from /127.0.0.1:55513 to /127.0.0.1:55514" [_thread_blocked, id=7088, stack(0x000000d9aea00000,0x000000d9aeb00000)]
  0x000002991496aca0 JavaThread "Stdin handler" [_thread_blocked, id=12844, stack(0x000000d9aeb00000,0x000000d9aec00000)]
  0x0000029914968af0 JavaThread "Daemon client event forwarder" [_thread_blocked, id=12564, stack(0x000000d9aec00000,0x000000d9aed00000)]
  0x0000029914968fc0 JavaThread "Cache worker for journal cache (C:\Users\hp\.gradle\caches\journal-1)" [_thread_blocked, id=15208, stack(0x000000d9aed00000,0x000000d9aee00000)]
  0x000002991496b640 JavaThread "File lock request listener" [_thread_in_native, id=13724, stack(0x000000d9aee00000,0x000000d9aef00000)]
  0x000002991496a7d0 JavaThread "Cache worker for file hash cache (C:\Users\hp\.gradle\caches\7.5.1\fileHashes)" [_thread_blocked, id=9016, stack(0x000000d9aef00000,0x000000d9af000000)]
  0x0000029914969490 JavaThread "File watcher server" daemon [_thread_in_native, id=9224, stack(0x000000d9af000000,0x000000d9af100000)]
  0x0000029914969960 JavaThread "File watcher consumer" daemon [_thread_blocked, id=5112, stack(0x000000d9af100000,0x000000d9af200000)]
  0x000002991496a300 JavaThread "Cache worker for checksums cache (C:\Users\hp\Desktop\react\MovieMinia\android\.gradle\7.5.1\checksums)" [_thread_blocked, id=13092, stack(0x000000d9af200000,0x000000d9af300000)]
  0x000002991496b170 JavaThread "Cache worker for cache directory md-rule (C:\Users\hp\.gradle\caches\7.5.1\md-rule)" [_thread_blocked, id=11136, stack(0x000000d9af300000,0x000000d9af400000)]
  0x0000029914969e30 JavaThread "Cache worker for file content cache (C:\Users\hp\.gradle\caches\7.5.1\fileContent)" [_thread_blocked, id=8276, stack(0x000000d9af400000,0x000000d9af500000)]
  0x0000029915b71c30 JavaThread "Cache worker for file hash cache (C:\Users\hp\Desktop\react\MovieMinia\android\.gradle\7.5.1\fileHashes)" [_thread_blocked, id=11624, stack(0x000000d9af500000,0x000000d9af600000)]
  0x0000029915b72aa0 JavaThread "Cache worker for cache directory md-supplier (C:\Users\hp\.gradle\caches\7.5.1\md-supplier)" [_thread_blocked, id=11992, stack(0x000000d9af700000,0x000000d9af800000)]
  0x0000029915b73440 JavaThread "Cache worker for execution history cache (C:\Users\hp\.gradle\caches\7.5.1\executionHistory)" [_thread_blocked, id=15152, stack(0x000000d9af800000,0x000000d9af900000)]
  0x0000029915b6ec10 JavaThread "jar transforms" [_thread_blocked, id=9800, stack(0x000000d9af900000,0x000000d9afa00000)]
  0x0000029915b6e740 JavaThread "jar transforms Thread 2" [_thread_blocked, id=14508, stack(0x000000d9afa00000,0x000000d9afb00000)]
  0x0000029915b6c0c0 JavaThread "jar transforms Thread 3" [_thread_blocked, id=13144, stack(0x000000d9afb00000,0x000000d9afc00000)]
  0x0000029915b6fa80 JavaThread "jar transforms Thread 4" [_thread_blocked, id=8524, stack(0x000000d9afc00000,0x000000d9afd00000)]
  0x0000029915b6c590 JavaThread "Cache worker for kotlin-dsl (C:\Users\hp\.gradle\caches\7.5.1\kotlin-dsl)" [_thread_blocked, id=13156, stack(0x000000d9afd00000,0x000000d9afe00000)]
  0x0000029915b6ff50 JavaThread "Cache worker for dependencies-accessors (C:\Users\hp\Desktop\react\MovieMinia\android\.gradle\7.5.1\dependencies-accessors)" [_thread_blocked, id=7244, stack(0x000000d9afe00000,0x000000d9aff00000)]
  0x0000029915b6e270 JavaThread "Cache worker for Build Output Cleanup Cache (C:\Users\hp\Desktop\react\MovieMinia\node_modules\react-native-gradle-plugin\.gradle\buildOutputCleanup)" [_thread_blocked, id=6280, stack(0x000000d9aff00000,0x000000d9b0000000)]
  0x0000029915b6d400 JavaThread "Unconstrained build operations" [_thread_blocked, id=14728, stack(0x000000d9b0000000,0x000000d9b0100000)]
  0x0000029915b70420 JavaThread "Unconstrained build operations Thread 2" [_thread_blocked, id=14576, stack(0x000000d9b0100000,0x000000d9b0200000)]
  0x0000029915b70dc0 JavaThread "Unconstrained build operations Thread 3" [_thread_blocked, id=16160, stack(0x000000d9b0200000,0x000000d9b0300000)]
  0x0000029915b6d8d0 JavaThread "Unconstrained build operations Thread 4" [_thread_blocked, id=13600, stack(0x000000d9b0300000,0x000000d9b0400000)]
  0x0000029915b71290 JavaThread "Unconstrained build operations Thread 5" [_thread_blocked, id=14248, stack(0x000000d9b0400000,0x000000d9b0500000)]
  0x0000029915b6dda0 JavaThread "Unconstrained build operations Thread 6" [_thread_blocked, id=12064, stack(0x000000d9b0500000,0x000000d9b0600000)]
  0x0000029915b71760 JavaThread "Unconstrained build operations Thread 7" [_thread_blocked, id=9516, stack(0x000000d9b0600000,0x000000d9b0700000)]
  0x0000029915b72100 JavaThread "Unconstrained build operations Thread 8" [_thread_blocked, id=8736, stack(0x000000d9b0700000,0x000000d9b0800000)]
  0x0000029915b725d0 JavaThread "Unconstrained build operations Thread 9" [_thread_blocked, id=13376, stack(0x000000d9b0800000,0x000000d9b0900000)]
  0x0000029915b72f70 JavaThread "Unconstrained build operations Thread 10" [_thread_blocked, id=12592, stack(0x000000d9b0900000,0x000000d9b0a00000)]
  0x000002991756b820 JavaThread "Unconstrained build operations Thread 11" [_thread_blocked, id=13004, stack(0x000000d9b0a00000,0x000000d9b0b00000)]
  0x000002991756a9b0 JavaThread "Unconstrained build operations Thread 12" [_thread_blocked, id=15636, stack(0x000000d9b0b00000,0x000000d9b0c00000)]
  0x0000029917568cd0 JavaThread "Unconstrained build operations Thread 13" [_thread_blocked, id=2908, stack(0x000000d9b0c00000,0x000000d9b0d00000)]
  0x000002991756cb60 JavaThread "Unconstrained build operations Thread 14" [_thread_blocked, id=7856, stack(0x000000d9b0d00000,0x000000d9b0e00000)]
  0x000002991756e840 JavaThread "Unconstrained build operations Thread 15" [_thread_blocked, id=5348, stack(0x000000d9b0e00000,0x000000d9b0f00000)]
  0x0000029917570520 JavaThread "Unconstrained build operations Thread 16" [_thread_blocked, id=10012, stack(0x000000d9b0f00000,0x000000d9b1000000)]
  0x0000029917569670 JavaThread "Unconstrained build operations Thread 17" [_thread_blocked, id=14132, stack(0x000000d9b1000000,0x000000d9b1100000)]
  0x000002991756c1c0 JavaThread "Unconstrained build operations Thread 18" [_thread_blocked, id=8944, stack(0x000000d9b1100000,0x000000d9b1200000)]
  0x000002991756d030 JavaThread "Unconstrained build operations Thread 19" [_thread_blocked, id=3692, stack(0x000000d9b1200000,0x000000d9b1300000)]
  0x000002991756e370 JavaThread "Unconstrained build operations Thread 20" [_thread_blocked, id=10176, stack(0x000000d9b1300000,0x000000d9b1400000)]
  0x000002991756a010 JavaThread "Unconstrained build operations Thread 21" [_thread_blocked, id=12836, stack(0x000000d9b1400000,0x000000d9b1500000)]
  0x000002991756dea0 JavaThread "Unconstrained build operations Thread 22" [_thread_blocked, id=12976, stack(0x000000d9b1500000,0x000000d9b1600000)]
  0x000002991756d500 JavaThread "Unconstrained build operations Thread 23" [_thread_blocked, id=3640, stack(0x000000d9b1600000,0x000000d9b1700000)]
  0x000002991756d9d0 JavaThread "Unconstrained build operations Thread 24" [_thread_blocked, id=11720, stack(0x000000d9b1700000,0x000000d9b1800000)]
  0x000002991756ed10 JavaThread "Unconstrained build operations Thread 25" [_thread_blocked, id=6856, stack(0x000000d9b1800000,0x000000d9b1900000)]
  0x000002991756f1e0 JavaThread "Unconstrained build operations Thread 26" [_thread_blocked, id=9328, stack(0x000000d9b1900000,0x000000d9b1a00000)]
  0x000002991756f6b0 JavaThread "Unconstrained build operations Thread 27" [_thread_blocked, id=15416, stack(0x000000d9b1a00000,0x000000d9b1b00000)]
  0x000002991756fb80 JavaThread "Unconstrained build operations Thread 28" [_thread_blocked, id=15568, stack(0x000000d9b1b00000,0x000000d9b1c00000)]
  0x000002991756bcf0 JavaThread "Unconstrained build operations Thread 29" [_thread_blocked, id=13976, stack(0x000000d9b1c00000,0x000000d9b1d00000)]
  0x000002991756c690 JavaThread "Unconstrained build operations Thread 30" [_thread_blocked, id=13380, stack(0x000000d9b1d00000,0x000000d9b1e00000)]
  0x0000029917570050 JavaThread "Unconstrained build operations Thread 31" [_thread_blocked, id=14892, stack(0x000000d9b1e00000,0x000000d9b1f00000)]
  0x00000299175691a0 JavaThread "Unconstrained build operations Thread 32" [_thread_blocked, id=15684, stack(0x000000d9b1f00000,0x000000d9b2000000)]
  0x000002991756b350 JavaThread "Unconstrained build operations Thread 33" [_thread_blocked, id=16336, stack(0x000000d9b2000000,0x000000d9b2100000)]
  0x0000029917569b40 JavaThread "build event listener" [_thread_blocked, id=6284, stack(0x000000d9b2100000,0x000000d9b2200000)]
  0x000002991756a4e0 JavaThread "Memory manager" [_thread_blocked, id=12776, stack(0x000000d9b2200000,0x000000d9b2300000)]
  0x0000029913bb15d0 JavaThread "Cache worker for Build Output Cleanup Cache (C:\Users\hp\Desktop\react\MovieMinia\android\.gradle\buildOutputCleanup)" [_thread_blocked, id=8612, stack(0x000000d9b2300000,0x000000d9b2400000)]
  0x0000029913bb1100 JavaThread "included builds" [_thread_blocked, id=8460, stack(0x000000d9b2400000,0x000000d9b2500000)]
  0x0000029913bb2de0 JavaThread "Execution worker" [_thread_blocked, id=10144, stack(0x000000d9b2500000,0x000000d9b2600000)]
  0x0000029913bb2440 JavaThread "Execution worker Thread 2" [_thread_blocked, id=8472, stack(0x000000d9b2600000,0x000000d9b2700000)]
  0x0000029913bacda0 JavaThread "Execution worker Thread 3" [_thread_blocked, id=8468, stack(0x000000d9b2700000,0x000000d9b2800000)]
  0x0000029913bae5b0 JavaThread "Cache worker for execution history cache (C:\Users\hp\Desktop\react\MovieMinia\node_modules\react-native-gradle-plugin\.gradle\7.5.1\executionHistory)" [_thread_blocked, id=10272, stack(0x000000d9b2800000,0x000000d9b2900000)]
  0x0000029913bb1f70 JavaThread "Unconstrained build operations Thread 34" [_thread_blocked, id=5608, stack(0x000000d9b2900000,0x000000d9b2a00000)]
  0x0000029913bad740 JavaThread "Unconstrained build operations Thread 35" [_thread_blocked, id=5512, stack(0x000000d9b2a00000,0x000000d9b2b00000)]
  0x0000029913bb2910 JavaThread "Unconstrained build operations Thread 36" [_thread_blocked, id=11016, stack(0x000000d9b2b00000,0x000000d9b2c00000)]
  0x0000029913bae0e0 JavaThread "Unconstrained build operations Thread 37" [_thread_blocked, id=10308, stack(0x000000d9b2c00000,0x000000d9b2d00000)]
  0x0000029913bb0760 JavaThread "Unconstrained build operations Thread 38" [_thread_blocked, id=9104, stack(0x000000d9b2d00000,0x000000d9b2e00000)]
  0x0000029913baf420 JavaThread "Unconstrained build operations Thread 39" [_thread_blocked, id=7340, stack(0x000000d9b2e00000,0x000000d9b2f00000)]
  0x0000029913bac400 JavaThread "Unconstrained build operations Thread 40" [_thread_blocked, id=10760, stack(0x000000d9b2f00000,0x000000d9b3000000)]
  0x000002991429a060 JavaThread "C2 CompilerThread1" daemon [_thread_in_native, id=13268, stack(0x000000d9adf00000,0x000000d9ae000000)]

Other Threads:
=>0x000002997fb99ac0 VMThread "VM Thread" [stack: 0x000000d9ad200000,0x000000d9ad300000] [id=14596]
  0x00000299138c2350 WatcherThread [stack: 0x000000d9ade00000,0x000000d9adf00000] [id=11024]
  0x0000029975078db0 GCTaskThread "GC Thread#0" [stack: 0x000000d9acd00000,0x000000d9ace00000] [id=8076]
  0x0000029913c92ba0 GCTaskThread "GC Thread#1" [stack: 0x000000d9ae000000,0x000000d9ae100000] [id=12912]
  0x0000029913aee040 GCTaskThread "GC Thread#2" [stack: 0x000000d9ae100000,0x000000d9ae200000] [id=8724]
  0x0000029913950f00 GCTaskThread "GC Thread#3" [stack: 0x000000d9ae200000,0x000000d9ae300000] [id=424]
  0x0000029975089c00 ConcurrentGCThread "G1 Main Marker" [stack: 0x000000d9ace00000,0x000000d9acf00000] [id=3812]
  0x000002997508bcd0 ConcurrentGCThread "G1 Conc#0" [stack: 0x000000d9acf00000,0x000000d9ad000000] [id=4904]
  0x00000299750e4640 ConcurrentGCThread "G1 Refine#0" [stack: 0x000000d9ad000000,0x000000d9ad100000] [id=15580]
  0x0000029915bc88d0 ConcurrentGCThread "G1 Refine#1" [stack: 0x000000d9af600000,0x000000d9af700000] [id=13208]
  0x00000299750e4b80 ConcurrentGCThread "G1 Service" [stack: 0x000000d9ad100000,0x000000d9ad200000] [id=13152]

Threads with active compile tasks:
C2 CompilerThread0    30626 9640       4       java.lang.Class::getMethodsRecursive (99 bytes)
C1 CompilerThread0    30626 9701       3       com.sun.beans.introspect.EventSetInfo::get (373 bytes)
C2 CompilerThread1    30626 9658       4       java.lang.Class::getMethod (59 bytes)

VM state: at safepoint (normal execution)

VM Mutex/Monitor currently owned by a thread:  ([mutex/lock_event])
[0x0000029975017350] Threads_lock - owner thread: 0x000002997fb99ac0
[0x0000029975017e90] Heap_lock - owner thread: 0x0000029914968620

Heap address: 0x0000000080000000, size: 2048 MB, Compressed Oops mode: 32-bit

CDS archive(s) mapped at: [0x0000000800000000-0x0000000800bc0000-0x0000000800bc0000), size 12320768, SharedBaseAddress: 0x0000000800000000, ArchiveRelocationMode: 0.
Compressed class space mapped at: 0x0000000800c00000-0x000000081a800000, reserved size: 432013312
Narrow klass base: 0x0000000800000000, Narrow klass shift: 0, Narrow klass range: 0x100000000

GC Precious Log:
 CPUs: 4 total, 4 available
 Memory: 8142M
 Large Page Support: Disabled
 NUMA Support: Disabled
 Compressed Oops: Enabled (32-bit)
 Heap Region Size: 1M
 Heap Min Capacity: 8M
 Heap Initial Capacity: 128M
 Heap Max Capacity: 2G
 Pre-touch: Disabled
 Parallel Workers: 4
 Concurrent Workers: 1
 Concurrent Refinement Workers: 4
 Periodic GC: Disabled

Heap:
 garbage-first heap   total 148480K, used 76423K [0x0000000080000000, 0x0000000100000000)
  region size 1024K, 1 young (1024K), 1 survivors (1024K)
 Metaspace       used 73570K, committed 74368K, reserved 487424K
  class space    used 10112K, committed 10496K, reserved 421888K

Heap Regions: E=young(eden), S=young(survivor), O=old, HS=humongous(starts), HC=humongous(continues), CS=collection set, F=free, OA=open archive, CA=closed archive, TAMS=top-at-mark-start (previous, next)
|   0|0x0000000080000000, 0x0000000080100000, 0x0000000080100000|100%|HS|  |TAMS 0x0000000080100000, 0x0000000080000000| Complete 
|   1|0x0000000080100000, 0x0000000080200000, 0x0000000080200000|100%|HC|  |TAMS 0x0000000080200000, 0x0000000080100000| Complete 
|   2|0x0000000080200000, 0x0000000080300000, 0x0000000080300000|100%|HC|  |TAMS 0x0000000080300000, 0x0000000080200000| Complete 
|   3|0x0000000080300000, 0x0000000080400000, 0x0000000080400000|100%| O|  |TAMS 0x0000000080400000, 0x0000000080300000| Untracked 
|   4|0x0000000080400000, 0x0000000080500000, 0x0000000080500000|100%| O|  |TAMS 0x0000000080500000, 0x0000000080400000| Untracked 
|   5|0x0000000080500000, 0x0000000080600000, 0x0000000080600000|100%| O|  |TAMS 0x0000000080600000, 0x0000000080500000| Untracked 
|   6|0x0000000080600000, 0x0000000080700000, 0x0000000080700000|100%| O|  |TAMS 0x0000000080700000, 0x0000000080600000| Untracked 
|   7|0x0000000080700000, 0x0000000080800000, 0x0000000080800000|100%| O|  |TAMS 0x0000000080800000, 0x0000000080700000| Untracked 
|   8|0x0000000080800000, 0x0000000080900000, 0x0000000080900000|100%| O|  |TAMS 0x0000000080900000, 0x0000000080800000| Untracked 
|   9|0x0000000080900000, 0x0000000080a00000, 0x0000000080a00000|100%| O|  |TAMS 0x0000000080a00000, 0x0000000080900000| Untracked 
|  10|0x0000000080a00000, 0x0000000080b00000, 0x0000000080b00000|100%| O|  |TAMS 0x0000000080b00000, 0x0000000080a00000| Untracked 
|  11|0x0000000080b00000, 0x0000000080c00000, 0x0000000080c00000|100%| O|  |TAMS 0x0000000080c00000, 0x0000000080b00000| Untracked 
|  12|0x0000000080c00000, 0x0000000080d00000, 0x0000000080d00000|100%| O|  |TAMS 0x0000000080d00000, 0x0000000080c00000| Untracked 
|  13|0x0000000080d00000, 0x0000000080e00000, 0x0000000080e00000|100%| O|  |TAMS 0x0000000080e00000, 0x0000000080d00000| Untracked 
|  14|0x0000000080e00000, 0x0000000080f00000, 0x0000000080f00000|100%| O|  |TAMS 0x0000000080f00000, 0x0000000080e00000| Untracked 
|  15|0x0000000080f00000, 0x0000000081000000, 0x0000000081000000|100%| O|  |TAMS 0x0000000081000000, 0x0000000080f00000| Untracked 
|  16|0x0000000081000000, 0x0000000081100000, 0x0000000081100000|100%| O|  |TAMS 0x0000000081100000, 0x0000000081000000| Untracked 
|  17|0x0000000081100000, 0x0000000081200000, 0x0000000081200000|100%| O|  |TAMS 0x0000000081200000, 0x0000000081100000| Untracked 
|  18|0x0000000081200000, 0x0000000081300000, 0x0000000081300000|100%| O|  |TAMS 0x0000000081300000, 0x0000000081200000| Untracked 
|  19|0x0000000081300000, 0x0000000081400000, 0x0000000081400000|100%| O|  |TAMS 0x0000000081400000, 0x0000000081300000| Untracked 
|  20|0x0000000081400000, 0x0000000081500000, 0x0000000081500000|100%| O|  |TAMS 0x0000000081400000, 0x0000000081400000| Untracked 
|  21|0x0000000081500000, 0x0000000081600000, 0x0000000081600000|100%| O|  |TAMS 0x0000000081600000, 0x0000000081500000| Untracked 
|  22|0x0000000081600000, 0x0000000081700000, 0x0000000081700000|100%| O|  |TAMS 0x0000000081700000, 0x0000000081600000| Untracked 
|  23|0x0000000081700000, 0x0000000081800000, 0x0000000081800000|100%| O|  |TAMS 0x0000000081800000, 0x0000000081700000| Untracked 
|  24|0x0000000081800000, 0x0000000081900000, 0x0000000081900000|100%| O|  |TAMS 0x0000000081900000, 0x0000000081800000| Untracked 
|  25|0x0000000081900000, 0x0000000081a00000, 0x0000000081a00000|100%| O|  |TAMS 0x0000000081a00000, 0x0000000081900000| Untracked 
|  26|0x0000000081a00000, 0x0000000081b00000, 0x0000000081b00000|100%| O|  |TAMS 0x0000000081b00000, 0x0000000081a00000| Untracked 
|  27|0x0000000081b00000, 0x0000000081c00000, 0x0000000081c00000|100%| O|  |TAMS 0x0000000081c00000, 0x0000000081b00000| Untracked 
|  28|0x0000000081c00000, 0x0000000081d00000, 0x0000000081d00000|100%| O|  |TAMS 0x0000000081d00000, 0x0000000081c00000| Untracked 
|  29|0x0000000081d00000, 0x0000000081d00000, 0x0000000081e00000|  0%| F|  |TAMS 0x0000000081d00000, 0x0000000081d00000| Untracked 
|  30|0x0000000081e00000, 0x0000000081f00000, 0x0000000081f00000|100%| O|  |TAMS 0x0000000081f00000, 0x0000000081e00000| Untracked 
|  31|0x0000000081f00000, 0x0000000082000000, 0x0000000082000000|100%|HS|  |TAMS 0x0000000082000000, 0x0000000081f00000| Complete 
|  32|0x0000000082000000, 0x0000000082100000, 0x0000000082100000|100%| O|  |TAMS 0x0000000082100000, 0x0000000082000000| Untracked 
|  33|0x0000000082100000, 0x0000000082200000, 0x0000000082200000|100%| O|  |TAMS 0x0000000082200000, 0x0000000082100000| Untracked 
|  34|0x0000000082200000, 0x0000000082300000, 0x0000000082300000|100%| O|  |TAMS 0x0000000082300000, 0x0000000082200000| Untracked 
|  35|0x0000000082300000, 0x0000000082400000, 0x0000000082400000|100%| O|  |TAMS 0x0000000082400000, 0x0000000082300000| Untracked 
|  36|0x0000000082400000, 0x0000000082500000, 0x0000000082500000|100%| O|  |TAMS 0x0000000082500000, 0x0000000082400000| Untracked 
|  37|0x0000000082500000, 0x0000000082600000, 0x0000000082600000|100%|HS|  |TAMS 0x0000000082600000, 0x0000000082500000| Complete 
|  38|0x0000000082600000, 0x0000000082700000, 0x0000000082700000|100%|HC|  |TAMS 0x0000000082700000, 0x0000000082600000| Complete 
|  39|0x0000000082700000, 0x0000000082800000, 0x0000000082800000|100%|HC|  |TAMS 0x0000000082800000, 0x0000000082700000| Complete 
|  40|0x0000000082800000, 0x0000000082900000, 0x0000000082900000|100%| O|  |TAMS 0x0000000082900000, 0x0000000082800000| Untracked 
|  41|0x0000000082900000, 0x0000000082a00000, 0x0000000082a00000|100%| O|  |TAMS 0x0000000082a00000, 0x0000000082900000| Untracked 
|  42|0x0000000082a00000, 0x0000000082b00000, 0x0000000082b00000|100%| O|  |TAMS 0x0000000082b00000, 0x0000000082a00000| Untracked 
|  43|0x0000000082b00000, 0x0000000082c00000, 0x0000000082c00000|100%| O|  |TAMS 0x0000000082c00000, 0x0000000082b00000| Untracked 
|  44|0x0000000082c00000, 0x0000000082d00000, 0x0000000082d00000|100%| O|  |TAMS 0x0000000082d00000, 0x0000000082c00000| Untracked 
|  45|0x0000000082d00000, 0x0000000082e00000, 0x0000000082e00000|100%| O|  |TAMS 0x0000000082e00000, 0x0000000082d00000| Untracked 
|  46|0x0000000082e00000, 0x0000000082f00000, 0x0000000082f00000|100%| O|  |TAMS 0x0000000082f00000, 0x0000000082e00000| Untracked 
|  47|0x0000000082f00000, 0x0000000083000000, 0x0000000083000000|100%| O|  |TAMS 0x0000000083000000, 0x0000000082f00000| Untracked 
|  48|0x0000000083000000, 0x0000000083100000, 0x0000000083100000|100%| O|  |TAMS 0x0000000083100000, 0x0000000083000000| Untracked 
|  49|0x0000000083100000, 0x0000000083200000, 0x0000000083200000|100%| O|  |TAMS 0x0000000083200000, 0x0000000083100000| Untracked 
|  50|0x0000000083200000, 0x0000000083300000, 0x0000000083300000|100%| O|  |TAMS 0x0000000083300000, 0x0000000083200000| Untracked 
|  51|0x0000000083300000, 0x0000000083400000, 0x0000000083400000|100%| O|  |TAMS 0x0000000083400000, 0x0000000083300000| Untracked 
|  52|0x0000000083400000, 0x0000000083500000, 0x0000000083500000|100%| O|  |TAMS 0x0000000083500000, 0x0000000083400000| Untracked 
|  53|0x0000000083500000, 0x0000000083600000, 0x0000000083600000|100%| O|  |TAMS 0x0000000083600000, 0x0000000083500000| Untracked 
|  54|0x0000000083600000, 0x0000000083700000, 0x0000000083700000|100%| O|  |TAMS 0x0000000083700000, 0x0000000083600000| Untracked 
|  55|0x0000000083700000, 0x0000000083800000, 0x0000000083800000|100%|HS|  |TAMS 0x0000000083800000, 0x0000000083700000| Complete 
|  56|0x0000000083800000, 0x0000000083900000, 0x0000000083900000|100%|HS|  |TAMS 0x0000000083900000, 0x0000000083800000| Complete 
|  57|0x0000000083900000, 0x0000000083a00000, 0x0000000083a00000|100%| O|  |TAMS 0x0000000083a00000, 0x0000000083900000| Untracked 
|  58|0x0000000083a00000, 0x0000000083b00000, 0x0000000083b00000|100%|HS|  |TAMS 0x0000000083b00000, 0x0000000083a00000| Complete 
|  59|0x0000000083b00000, 0x0000000083c00000, 0x0000000083c00000|100%|HC|  |TAMS 0x0000000083c00000, 0x0000000083b00000| Complete 
|  60|0x0000000083c00000, 0x0000000083d00000, 0x0000000083d00000|100%| O|  |TAMS 0x0000000083d00000, 0x0000000083c00000| Untracked 
|  61|0x0000000083d00000, 0x0000000083e00000, 0x0000000083e00000|100%| O|  |TAMS 0x0000000083e00000, 0x0000000083d00000| Untracked 
|  62|0x0000000083e00000, 0x0000000083f00000, 0x0000000083f00000|100%| O|  |TAMS 0x0000000083f00000, 0x0000000083e00000| Untracked 
|  63|0x0000000083f00000, 0x0000000084000000, 0x0000000084000000|100%| O|  |TAMS 0x0000000084000000, 0x0000000083f00000| Untracked 
|  64|0x0000000084000000, 0x0000000084100000, 0x0000000084100000|100%| O|  |TAMS 0x0000000084100000, 0x0000000084000000| Untracked 
|  65|0x0000000084100000, 0x0000000084200000, 0x0000000084200000|100%| O|  |TAMS 0x0000000084200000, 0x0000000084100000| Untracked 
|  66|0x0000000084200000, 0x0000000084300000, 0x0000000084300000|100%| O|  |TAMS 0x0000000084300000, 0x0000000084200000| Untracked 
|  67|0x0000000084300000, 0x0000000084400000, 0x0000000084400000|100%| O|  |TAMS 0x0000000084400000, 0x0000000084300000| Untracked 
|  68|0x0000000084400000, 0x0000000084500000, 0x0000000084500000|100%| O|  |TAMS 0x0000000084500000, 0x0000000084400000| Untracked 
|  69|0x0000000084500000, 0x0000000084600000, 0x0000000084600000|100%| O|  |TAMS 0x0000000084600000, 0x0000000084500000| Untracked 
|  70|0x0000000084600000, 0x0000000084700000, 0x0000000084700000|100%| O|  |TAMS 0x0000000084700000, 0x0000000084600000| Untracked 
|  71|0x0000000084700000, 0x0000000084800000, 0x0000000084800000|100%| O|  |TAMS 0x000000008471b000, 0x0000000084700000| Untracked 
|  72|0x0000000084800000, 0x0000000084900000, 0x0000000084900000|100%| O|  |TAMS 0x0000000084800000, 0x0000000084800000| Untracked 
|  73|0x0000000084900000, 0x0000000084a00000, 0x0000000084a00000|100%| O|  |TAMS 0x0000000084900000, 0x0000000084900000| Untracked 
|  74|0x0000000084a00000, 0x0000000084ad7600, 0x0000000084b00000| 84%| O|  |TAMS 0x0000000084a00000, 0x0000000084a00000| Untracked 
|  75|0x0000000084b00000, 0x0000000084b00000, 0x0000000084c00000|  0%| F|  |TAMS 0x0000000084b00000, 0x0000000084b00000| Untracked 
|  76|0x0000000084c00000, 0x0000000084c00000, 0x0000000084d00000|  0%| F|  |TAMS 0x0000000084c00000, 0x0000000084c00000| Untracked 
|  77|0x0000000084d00000, 0x0000000084d00000, 0x0000000084e00000|  0%| F|  |TAMS 0x0000000084d00000, 0x0000000084d00000| Untracked 
|  78|0x0000000084e00000, 0x0000000084e00000, 0x0000000084f00000|  0%| F|  |TAMS 0x0000000084e00000, 0x0000000084e00000| Untracked 
|  79|0x0000000084f00000, 0x0000000084f00000, 0x0000000085000000|  0%| F|  |TAMS 0x0000000084f00000, 0x0000000084f00000| Untracked 
|  80|0x0000000085000000, 0x0000000085000000, 0x0000000085100000|  0%| F|  |TAMS 0x0000000085000000, 0x0000000085000000| Untracked 
|  81|0x0000000085100000, 0x0000000085100000, 0x0000000085200000|  0%| F|  |TAMS 0x0000000085100000, 0x0000000085100000| Untracked 
|  82|0x0000000085200000, 0x0000000085200000, 0x0000000085300000|  0%| F|  |TAMS 0x0000000085200000, 0x0000000085200000| Untracked 
|  83|0x0000000085300000, 0x0000000085300000, 0x0000000085400000|  0%| F|  |TAMS 0x0000000085300000, 0x0000000085300000| Untracked 
|  84|0x0000000085400000, 0x0000000085400000, 0x0000000085500000|  0%| F|  |TAMS 0x0000000085400000, 0x0000000085400000| Untracked 
|  85|0x0000000085500000, 0x0000000085500000, 0x0000000085600000|  0%| F|  |TAMS 0x0000000085500000, 0x0000000085500000| Untracked 
|  86|0x0000000085600000, 0x0000000085600000, 0x0000000085700000|  0%| F|  |TAMS 0x0000000085600000, 0x0000000085600000| Untracked 
|  87|0x0000000085700000, 0x0000000085700000, 0x0000000085800000|  0%| F|  |TAMS 0x0000000085700000, 0x0000000085700000| Untracked 
|  88|0x0000000085800000, 0x0000000085800000, 0x0000000085900000|  0%| F|  |TAMS 0x0000000085800000, 0x0000000085800000| Untracked 
|  89|0x0000000085900000, 0x0000000085900000, 0x0000000085a00000|  0%| F|  |TAMS 0x0000000085900000, 0x0000000085900000| Untracked 
|  90|0x0000000085a00000, 0x0000000085a00000, 0x0000000085b00000|  0%| F|  |TAMS 0x0000000085a00000, 0x0000000085a00000| Untracked 
|  91|0x0000000085b00000, 0x0000000085b00000, 0x0000000085c00000|  0%| F|  |TAMS 0x0000000085b00000, 0x0000000085b00000| Untracked 
|  92|0x0000000085c00000, 0x0000000085c00000, 0x0000000085d00000|  0%| F|  |TAMS 0x0000000085c00000, 0x0000000085c00000| Untracked 
|  93|0x0000000085d00000, 0x0000000085d00000, 0x0000000085e00000|  0%| F|  |TAMS 0x0000000085d00000, 0x0000000085d00000| Untracked 
|  94|0x0000000085e00000, 0x0000000085e00000, 0x0000000085f00000|  0%| F|  |TAMS 0x0000000085e00000, 0x0000000085e00000| Untracked 
|  95|0x0000000085f00000, 0x0000000085f00000, 0x0000000086000000|  0%| F|  |TAMS 0x0000000085f00000, 0x0000000085f00000| Untracked 
|  96|0x0000000086000000, 0x0000000086000000, 0x0000000086100000|  0%| F|  |TAMS 0x0000000086000000, 0x0000000086000000| Untracked 
|  97|0x0000000086100000, 0x0000000086100000, 0x0000000086200000|  0%| F|  |TAMS 0x0000000086100000, 0x0000000086100000| Untracked 
|  98|0x0000000086200000, 0x0000000086200000, 0x0000000086300000|  0%| F|  |TAMS 0x0000000086200000, 0x0000000086200000| Untracked 
|  99|0x0000000086300000, 0x0000000086300000, 0x0000000086400000|  0%| F|  |TAMS 0x0000000086300000, 0x0000000086300000| Untracked 
| 100|0x0000000086400000, 0x0000000086400000, 0x0000000086500000|  0%| F|  |TAMS 0x0000000086400000, 0x0000000086400000| Untracked 
| 101|0x0000000086500000, 0x0000000086500000, 0x0000000086600000|  0%| F|  |TAMS 0x0000000086500000, 0x0000000086500000| Untracked 
| 102|0x0000000086600000, 0x0000000086600000, 0x0000000086700000|  0%| F|  |TAMS 0x0000000086600000, 0x0000000086600000| Untracked 
| 103|0x0000000086700000, 0x0000000086700000, 0x0000000086800000|  0%| F|  |TAMS 0x0000000086700000, 0x0000000086700000| Untracked 
| 104|0x0000000086800000, 0x0000000086800000, 0x0000000086900000|  0%| F|  |TAMS 0x0000000086800000, 0x0000000086800000| Untracked 
| 105|0x0000000086900000, 0x0000000086900000, 0x0000000086a00000|  0%| F|  |TAMS 0x0000000086900000, 0x0000000086900000| Untracked 
| 106|0x0000000086a00000, 0x0000000086a00000, 0x0000000086b00000|  0%| F|  |TAMS 0x0000000086a00000, 0x0000000086a00000| Untracked 
| 107|0x0000000086b00000, 0x0000000086b00000, 0x0000000086c00000|  0%| F|  |TAMS 0x0000000086b00000, 0x0000000086b00000| Untracked 
| 108|0x0000000086c00000, 0x0000000086c00000, 0x0000000086d00000|  0%| F|  |TAMS 0x0000000086c00000, 0x0000000086c00000| Untracked 
| 109|0x0000000086d00000, 0x0000000086d00000, 0x0000000086e00000|  0%| F|  |TAMS 0x0000000086d00000, 0x0000000086d00000| Untracked 
| 110|0x0000000086e00000, 0x0000000086e00000, 0x0000000086f00000|  0%| F|  |TAMS 0x0000000086e00000, 0x0000000086e00000| Untracked 
| 111|0x0000000086f00000, 0x0000000086f00000, 0x0000000087000000|  0%| F|  |TAMS 0x0000000086f00000, 0x0000000086f00000| Untracked 
| 112|0x0000000087000000, 0x0000000087000000, 0x0000000087100000|  0%| F|  |TAMS 0x0000000087000000, 0x0000000087000000| Untracked 
| 113|0x0000000087100000, 0x0000000087100000, 0x0000000087200000|  0%| F|  |TAMS 0x0000000087100000, 0x0000000087100000| Untracked 
| 114|0x0000000087200000, 0x0000000087200000, 0x0000000087300000|  0%| F|  |TAMS 0x0000000087200000, 0x0000000087200000| Untracked 
| 115|0x0000000087300000, 0x0000000087300000, 0x0000000087400000|  0%| F|  |TAMS 0x0000000087300000, 0x0000000087300000| Untracked 
| 116|0x0000000087400000, 0x0000000087400000, 0x0000000087500000|  0%| F|  |TAMS 0x0000000087400000, 0x0000000087400000| Untracked 
| 117|0x0000000087500000, 0x0000000087500000, 0x0000000087600000|  0%| F|  |TAMS 0x0000000087500000, 0x0000000087500000| Untracked 
| 118|0x0000000087600000, 0x0000000087600000, 0x0000000087700000|  0%| F|  |TAMS 0x0000000087600000, 0x0000000087600000| Untracked 
| 119|0x0000000087700000, 0x0000000087700000, 0x0000000087800000|  0%| F|  |TAMS 0x0000000087700000, 0x0000000087700000| Untracked 
| 120|0x0000000087800000, 0x0000000087800000, 0x0000000087900000|  0%| F|  |TAMS 0x0000000087800000, 0x0000000087800000| Untracked 
| 121|0x0000000087900000, 0x0000000087900000, 0x0000000087a00000|  0%| F|  |TAMS 0x0000000087900000, 0x0000000087900000| Untracked 
| 122|0x0000000087a00000, 0x0000000087a00000, 0x0000000087b00000|  0%| F|  |TAMS 0x0000000087a00000, 0x0000000087a00000| Untracked 
| 123|0x0000000087b00000, 0x0000000087b00000, 0x0000000087c00000|  0%| F|  |TAMS 0x0000000087b00000, 0x0000000087b00000| Untracked 
| 124|0x0000000087c00000, 0x0000000087c00000, 0x0000000087d00000|  0%| F|  |TAMS 0x0000000087c00000, 0x0000000087c00000| Untracked 
| 125|0x0000000087d00000, 0x0000000087d00000, 0x0000000087e00000|  0%| F|  |TAMS 0x0000000087d00000, 0x0000000087d00000| Untracked 
| 126|0x0000000087e00000, 0x0000000087e00000, 0x0000000087f00000|  0%| F|  |TAMS 0x0000000087e00000, 0x0000000087e00000| Untracked 
| 127|0x0000000087f00000, 0x0000000087f00000, 0x0000000088000000|  0%| F|  |TAMS 0x0000000087f00000, 0x0000000087f00000| Untracked 
| 128|0x0000000088000000, 0x0000000088000000, 0x0000000088100000|  0%| F|  |TAMS 0x0000000088000000, 0x0000000088000000| Untracked 
| 129|0x0000000088100000, 0x0000000088100000, 0x0000000088200000|  0%| F|  |TAMS 0x0000000088100000, 0x0000000088100000| Untracked 
| 130|0x0000000088200000, 0x0000000088200000, 0x0000000088300000|  0%| F|  |TAMS 0x0000000088200000, 0x0000000088200000| Untracked 
| 131|0x0000000088300000, 0x0000000088300000, 0x0000000088400000|  0%| F|  |TAMS 0x0000000088300000, 0x0000000088300000| Untracked 
| 132|0x0000000088400000, 0x0000000088400000, 0x0000000088500000|  0%| F|  |TAMS 0x0000000088400000, 0x0000000088400000| Untracked 
| 133|0x0000000088500000, 0x0000000088500000, 0x0000000088600000|  0%| F|  |TAMS 0x0000000088500000, 0x0000000088500000| Untracked 
| 134|0x0000000088600000, 0x0000000088600000, 0x0000000088700000|  0%| F|  |TAMS 0x0000000088600000, 0x0000000088600000| Untracked 
| 135|0x0000000088700000, 0x0000000088700000, 0x0000000088800000|  0%| F|  |TAMS 0x0000000088700000, 0x0000000088700000| Untracked 
| 136|0x0000000088800000, 0x0000000088800000, 0x0000000088900000|  0%| F|  |TAMS 0x0000000088800000, 0x0000000088800000| Untracked 
| 137|0x0000000088900000, 0x0000000088900000, 0x0000000088a00000|  0%| F|  |TAMS 0x0000000088900000, 0x0000000088900000| Untracked 
| 138|0x0000000088a00000, 0x0000000088a00000, 0x0000000088b00000|  0%| F|  |TAMS 0x0000000088a00000, 0x0000000088a00000| Untracked 
| 139|0x0000000088b00000, 0x0000000088b00000, 0x0000000088c00000|  0%| F|  |TAMS 0x0000000088b00000, 0x0000000088b00000| Untracked 
| 140|0x0000000088c00000, 0x0000000088c00000, 0x0000000088d00000|  0%| F|  |TAMS 0x0000000088c00000, 0x0000000088c00000| Untracked 
| 141|0x0000000088d00000, 0x0000000088d00000, 0x0000000088e00000|  0%| F|  |TAMS 0x0000000088d00000, 0x0000000088d00000| Untracked 
| 142|0x0000000088e00000, 0x0000000088eca788, 0x0000000088f00000| 79%| S|CS|TAMS 0x0000000088e00000, 0x0000000088e00000| Complete 
| 143|0x0000000088f00000, 0x0000000088f00000, 0x0000000089000000|  0%| F|  |TAMS 0x0000000088f00000, 0x0000000088f00000| Untracked 
| 144|0x0000000089000000, 0x0000000089000000, 0x0000000089100000|  0%| F|  |TAMS 0x0000000089000000, 0x0000000089000000| Untracked 

Card table byte_map: [0x000002997cf10000,0x000002997d310000] _byte_map_base: 0x000002997cb10000

Marking Bits (Prev, Next): (CMBitMap*) 0x00000299750792d0, (CMBitMap*) 0x0000029975079310
 Prev Bits: [0x000002997d710000, 0x000002997f710000)
 Next Bits: [0x000002990f000000, 0x0000029911000000)

Polling page: 0x0000029972fd0000

Metaspace:

Usage:
  Non-class:     61.97 MB used.
      Class:      9.88 MB used.
       Both:     71.85 MB used.

Virtual space:
  Non-class space:       64.00 MB reserved,      62.38 MB ( 97%) committed,  8 nodes.
      Class space:      412.00 MB reserved,      10.25 MB (  2%) committed,  1 nodes.
             Both:      476.00 MB reserved,      72.62 MB ( 15%) committed. 

Chunk freelists:
   Non-Class:  1.38 MB
       Class:  1.62 MB
        Both:  3.00 MB

MaxMetaspaceSize: 512.00 MB
CompressedClassSpaceSize: 412.00 MB
Initial GC threshold: 21.00 MB
Current GC threshold: 119.69 MB
CDS: on
MetaspaceReclaimPolicy: balanced
 - commit_granule_bytes: 65536.
 - commit_granule_words: 8192.
 - virtual_space_node_default_size: 1048576.
 - enlarge_chunks_in_place: 1.
 - new_chunks_are_fully_committed: 0.
 - uncommit_free_chunks: 1.
 - use_allocation_guard: 0.
 - handle_deallocations: 1.


Internal statistics:

num_allocs_failed_limit: 6.
num_arena_births: 856.
num_arena_deaths: 0.
num_vsnodes_births: 9.
num_vsnodes_deaths: 0.
num_space_committed: 1162.
num_space_uncommitted: 0.
num_chunks_returned_to_freelist: 6.
num_chunks_taken_from_freelist: 3818.
num_chunk_merges: 6.
num_chunk_splits: 2562.
num_chunks_enlarged: 1719.
num_purges: 0.
num_inconsistent_stats: 0.

CodeHeap 'non-profiled nmethods': size=120000Kb used=5222Kb max_used=5222Kb free=114778Kb
 bounds [0x0000029907ad0000, 0x0000029907ff0000, 0x000002990f000000]
CodeHeap 'profiled nmethods': size=120000Kb used=18201Kb max_used=18201Kb free=101798Kb
 bounds [0x0000029900000000, 0x00000299011d0000, 0x0000029907530000]
CodeHeap 'non-nmethods': size=5760Kb used=2390Kb max_used=2473Kb free=3369Kb
 bounds [0x0000029907530000, 0x00000299077a0000, 0x0000029907ad0000]
 total_blobs=9786 nmethods=8862 adapters=836
 compilation: enabled
              stopped_count=0, restarted_count=0
 full_count=0

Compilation events (20 events):
Event: 30.391 Thread 0x000002997fbc0be0 nmethod 9690 0x00000299011c0d10 code [0x00000299011c0ee0, 0x00000299011c1358]
Event: 30.392 Thread 0x000002997fbc0be0 9691   !   3       sun.management.Util::newObjectName (15 bytes)
Event: 30.392 Thread 0x000002997fbc0be0 nmethod 9691 0x00000299011c1510 code [0x00000299011c16e0, 0x00000299011c1a58]
Event: 30.392 Thread 0x000002997fbc0be0 9692       3       org.codehaus.groovy.reflection.CachedClass$3::initValue (5 bytes)
Event: 30.392 Thread 0x000002997fbc0be0 nmethod 9692 0x00000299011c1c10 code [0x00000299011c1dc0, 0x00000299011c1f08]
Event: 30.392 Thread 0x000002997fbc0be0 9693       3       org.codehaus.groovy.reflection.CachedClass$3$$Lambda$365/0x0000000800fca050::run (8 bytes)
Event: 30.393 Thread 0x000002997fbc0be0 nmethod 9693 0x00000299011c1f90 code [0x00000299011c2140, 0x00000299011c2288]
Event: 30.393 Thread 0x000002997fbc0be0 9694       3       java.lang.invoke.LambdaForm$MH/0x0000000800cc6c00::invoke (148 bytes)
Event: 30.393 Thread 0x000002997fbc0be0 nmethod 9694 0x00000299011c2390 code [0x00000299011c2600, 0x00000299011c3788]
Event: 30.408 Thread 0x000002997fbc0be0 9695       3       java.util.Collections$UnmodifiableSet::<init> (6 bytes)
Event: 30.408 Thread 0x000002997fbc0be0 nmethod 9695 0x00000299011c3c10 code [0x00000299011c3dc0, 0x00000299011c40e8]
Event: 30.442 Thread 0x000002997fbc0be0 9697       1       groovy.lang.Closure::getResolveStrategy (5 bytes)
Event: 30.442 Thread 0x000002997fbc0be0 nmethod 9697 0x0000029907fe9510 code [0x0000029907fe96a0, 0x0000029907fe9778]
Event: 30.442 Thread 0x000002997fbc0be0 9698       3       org.codehaus.groovy.runtime.metaclass.MetaClassRegistryImpl::getMetaClass (8 bytes)
Event: 30.444 Thread 0x000002997fbc0be0 nmethod 9698 0x00000299011c4210 code [0x00000299011c4500, 0x00000299011c5578]
Event: 30.528 Thread 0x000002997fbc0be0 9700       3       java.util.Arrays$ArrayList::indexOf (62 bytes)
Event: 30.529 Thread 0x000002997fbc0be0 nmethod 9700 0x00000299011c5b10 code [0x00000299011c5ce0, 0x00000299011c6168]
Event: 30.529 Thread 0x000002997fbc0be0 9699       3       java.util.Arrays$ArrayList::contains (14 bytes)
Event: 30.529 Thread 0x000002997fbc0be0 nmethod 9699 0x00000299011c6310 code [0x00000299011c64c0, 0x00000299011c6668]
Event: 30.533 Thread 0x000002997fbc0be0 9701       3       com.sun.beans.introspect.EventSetInfo::get (373 bytes)

GC Heap History (20 events):
Event: 24.463 GC heap after
{Heap after GC invocations=26 (full 0):
 garbage-first heap   total 94208K, used 54645K [0x0000000080000000, 0x0000000100000000)
  region size 1024K, 4 young (4096K), 4 survivors (4096K)
 Metaspace       used 59092K, committed 59776K, reserved 479232K
  class space    used 8294K, committed 8576K, reserved 421888K
}
Event: 25.607 GC heap before
{Heap before GC invocations=27 (full 0):
 garbage-first heap   total 101376K, used 76149K [0x0000000080000000, 0x0000000100000000)
  region size 1024K, 25 young (25600K), 4 survivors (4096K)
 Metaspace       used 61224K, committed 61888K, reserved 479232K
  class space    used 8598K, committed 8896K, reserved 421888K
}
Event: 25.619 GC heap after
{Heap after GC invocations=28 (full 0):
 garbage-first heap   total 101376K, used 56702K [0x0000000080000000, 0x0000000100000000)
  region size 1024K, 2 young (2048K), 2 survivors (2048K)
 Metaspace       used 61224K, committed 61888K, reserved 479232K
  class space    used 8598K, committed 8896K, reserved 421888K
}
Event: 26.223 GC heap before
{Heap before GC invocations=28 (full 0):
 garbage-first heap   total 101376K, used 70014K [0x0000000080000000, 0x0000000100000000)
  region size 1024K, 17 young (17408K), 2 survivors (2048K)
 Metaspace       used 61498K, committed 62208K, reserved 479232K
  class space    used 8617K, committed 8960K, reserved 421888K
}
Event: 26.232 GC heap after
{Heap after GC invocations=29 (full 0):
 garbage-first heap   total 121856K, used 57267K [0x0000000080000000, 0x0000000100000000)
  region size 1024K, 3 young (3072K), 3 survivors (3072K)
 Metaspace       used 61498K, committed 62208K, reserved 479232K
  class space    used 8617K, committed 8960K, reserved 421888K
}
Event: 27.814 GC heap before
{Heap before GC invocations=30 (full 0):
 garbage-first heap   total 121856K, used 101299K [0x0000000080000000, 0x0000000100000000)
  region size 1024K, 42 young (43008K), 3 survivors (3072K)
 Metaspace       used 66637K, committed 67264K, reserved 487424K
  class space    used 9239K, committed 9536K, reserved 421888K
}
Event: 27.825 GC heap after
{Heap after GC invocations=31 (full 0):
 garbage-first heap   total 121856K, used 67503K [0x0000000080000000, 0x0000000100000000)
  region size 1024K, 6 young (6144K), 6 survivors (6144K)
 Metaspace       used 66637K, committed 67264K, reserved 487424K
  class space    used 9239K, committed 9536K, reserved 421888K
}
Event: 27.840 GC heap before
{Heap before GC invocations=31 (full 0):
 garbage-first heap   total 121856K, used 67503K [0x0000000080000000, 0x0000000100000000)
  region size 1024K, 7 young (7168K), 6 survivors (6144K)
 Metaspace       used 66759K, committed 67456K, reserved 487424K
  class space    used 9261K, committed 9600K, reserved 421888K
}
Event: 27.845 GC heap after
{Heap after GC invocations=32 (full 0):
 garbage-first heap   total 121856K, used 68278K [0x0000000080000000, 0x0000000100000000)
  region size 1024K, 1 young (1024K), 1 survivors (1024K)
 Metaspace       used 66759K, committed 67456K, reserved 487424K
  class space    used 9261K, committed 9600K, reserved 421888K
}
Event: 28.351 GC heap before
{Heap before GC invocations=32 (full 0):
 garbage-first heap   total 121856K, used 81590K [0x0000000080000000, 0x0000000100000000)
  region size 1024K, 15 young (15360K), 1 survivors (1024K)
 Metaspace       used 69199K, committed 70016K, reserved 487424K
  class space    used 9532K, committed 9920K, reserved 421888K
}
Event: 28.355 GC heap after
{Heap after GC invocations=33 (full 0):
 garbage-first heap   total 121856K, used 69458K [0x0000000080000000, 0x0000000100000000)
  region size 1024K, 2 young (2048K), 2 survivors (2048K)
 Metaspace       used 69199K, committed 70016K, reserved 487424K
  class space    used 9532K, committed 9920K, reserved 421888K
}
Event: 29.124 GC heap before
{Heap before GC invocations=34 (full 0):
 garbage-first heap   total 148480K, used 106322K [0x0000000080000000, 0x0000000100000000)
  region size 1024K, 32 young (32768K), 2 survivors (2048K)
 Metaspace       used 71077K, committed 71808K, reserved 487424K
  class space    used 9785K, committed 10112K, reserved 421888K
}
Event: 29.135 GC heap after
{Heap after GC invocations=35 (full 0):
 garbage-first heap   total 148480K, used 72231K [0x0000000080000000, 0x0000000100000000)
  region size 1024K, 4 young (4096K), 4 survivors (4096K)
 Metaspace       used 71077K, committed 71808K, reserved 487424K
  class space    used 9785K, committed 10112K, reserved 421888K
}
Event: 29.210 GC heap before
{Heap before GC invocations=35 (full 0):
 garbage-first heap   total 148480K, used 75303K [0x0000000080000000, 0x0000000100000000)
  region size 1024K, 7 young (7168K), 4 survivors (4096K)
 Metaspace       used 71310K, committed 72064K, reserved 487424K
  class space    used 9812K, committed 10176K, reserved 421888K
}
Event: 29.228 GC heap after
{Heap after GC invocations=36 (full 0):
 garbage-first heap   total 148480K, used 72434K [0x0000000080000000, 0x0000000100000000)
  region size 1024K, 1 young (1024K), 1 survivors (1024K)
 Metaspace       used 71310K, committed 72064K, reserved 487424K
  class space    used 9812K, committed 10176K, reserved 421888K
}
Event: 29.534 GC heap before
{Heap before GC invocations=36 (full 0):
 garbage-first heap   total 148480K, used 84722K [0x0000000080000000, 0x0000000100000000)
  region size 1024K, 14 young (14336K), 1 survivors (1024K)
 Metaspace       used 72374K, committed 73216K, reserved 487424K
  class space    used 9920K, committed 10304K, reserved 421888K
}
Event: 29.538 GC heap after
{Heap after GC invocations=37 (full 0):
 garbage-first heap   total 148480K, used 73089K [0x0000000080000000, 0x0000000100000000)
  region size 1024K, 2 young (2048K), 2 survivors (2048K)
 Metaspace       used 72374K, committed 73216K, reserved 487424K
  class space    used 9920K, committed 10304K, reserved 421888K
}
Event: 30.501 GC heap before
{Heap before GC invocations=38 (full 0):
 garbage-first heap   total 148480K, used 116097K [0x0000000080000000, 0x0000000100000000)
  region size 1024K, 43 young (44032K), 2 survivors (2048K)
 Metaspace       used 73564K, committed 74368K, reserved 487424K
  class space    used 10112K, committed 10496K, reserved 421888K
}
Event: 30.512 GC heap after
{Heap after GC invocations=39 (full 0):
 garbage-first heap   total 148480K, used 76073K [0x0000000080000000, 0x0000000100000000)
  region size 1024K, 5 young (5120K), 5 survivors (5120K)
 Metaspace       used 73564K, committed 74368K, reserved 487424K
  class space    used 10112K, committed 10496K, reserved 421888K
}
Event: 30.535 GC heap before
{Heap before GC invocations=39 (full 0):
 garbage-first heap   total 148480K, used 78121K [0x0000000080000000, 0x0000000100000000)
  region size 1024K, 7 young (7168K), 5 survivors (5120K)
 Metaspace       used 73570K, committed 74368K, reserved 487424K
  class space    used 10112K, committed 10496K, reserved 421888K
}

Dll operation events (12 events):
Event: 0.010 Loaded shared library C:\Program Files\Eclipse Adoptium\jdk-17.0.6.10-hotspot\bin\java.dll
Event: 0.022 Loaded shared library C:\Program Files\Eclipse Adoptium\jdk-17.0.6.10-hotspot\bin\jsvml.dll
Event: 0.087 Loaded shared library C:\Program Files\Eclipse Adoptium\jdk-17.0.6.10-hotspot\bin\net.dll
Event: 0.091 Loaded shared library C:\Program Files\Eclipse Adoptium\jdk-17.0.6.10-hotspot\bin\nio.dll
Event: 0.098 Loaded shared library C:\Program Files\Eclipse Adoptium\jdk-17.0.6.10-hotspot\bin\zip.dll
Event: 0.412 Loaded shared library C:\Program Files\Eclipse Adoptium\jdk-17.0.6.10-hotspot\bin\jimage.dll
Event: 0.524 Loaded shared library C:\Program Files\Eclipse Adoptium\jdk-17.0.6.10-hotspot\bin\verify.dll
Event: 0.808 Loaded shared library C:\Users\hp\.gradle\native\e1d6ef7f7dcc3fd88c89a11ec53ec762bb8ba0a96d01ffa2cd45eb1d1d8dd5c5\windows-amd64\native-platform.dll
Event: 0.829 Loaded shared library C:\Users\hp\.gradle\native\0d407fdbe67a94daf76414ababcb853783967236a71b16ec16e742cd7a986fd3\windows-amd64\native-platform-file-events.dll
Event: 2.314 Loaded shared library C:\Program Files\Eclipse Adoptium\jdk-17.0.6.10-hotspot\bin\management.dll
Event: 2.320 Loaded shared library C:\Program Files\Eclipse Adoptium\jdk-17.0.6.10-hotspot\bin\management_ext.dll
Event: 2.932 Loaded shared library C:\Program Files\Eclipse Adoptium\jdk-17.0.6.10-hotspot\bin\sunmscapi.dll

Deoptimization events (20 events):
Event: 29.712 Thread 0x0000029914968620 Uncommon trap: trap_request=0xffffff45 fr.pc=0x0000029907b9c6ec relative=0x000000000000014c
Event: 29.712 Thread 0x0000029914968620 Uncommon trap: reason=unstable_if action=reinterpret pc=0x0000029907b9c6ec method=java.lang.AbstractStringBuilder.appendChars(Ljava/lang/String;II)V @ 11 c2
Event: 29.712 Thread 0x0000029914968620 DEOPT PACKING pc=0x0000029907b9c6ec sp=0x000000d9ae9f60f0
Event: 29.712 Thread 0x0000029914968620 DEOPT UNPACKING pc=0x00000299075869a3 sp=0x000000d9ae9f60a0 mode 2
Event: 29.712 Thread 0x0000029914968620 Uncommon trap: trap_request=0xffffff45 fr.pc=0x0000029907ad8ab8 relative=0x0000000000000038
Event: 29.712 Thread 0x0000029914968620 Uncommon trap: reason=unstable_if action=reinterpret pc=0x0000029907ad8ab8 method=java.lang.StringLatin1.canEncode(I)Z @ 4 c2
Event: 29.712 Thread 0x0000029914968620 DEOPT PACKING pc=0x0000029907ad8ab8 sp=0x000000d9ae9f60b0
Event: 29.712 Thread 0x0000029914968620 DEOPT UNPACKING pc=0x00000299075869a3 sp=0x000000d9ae9f6040 mode 2
Event: 29.962 Thread 0x0000029914968620 DEOPT PACKING pc=0x0000029900b0a735 sp=0x000000d9ae9f7290
Event: 29.962 Thread 0x0000029914968620 DEOPT UNPACKING pc=0x0000029907587143 sp=0x000000d9ae9f67b8 mode 0
Event: 30.113 Thread 0x0000029914968620 Uncommon trap: trap_request=0xffffff45 fr.pc=0x0000029907b62c58 relative=0x0000000000000678
Event: 30.113 Thread 0x0000029914968620 Uncommon trap: reason=unstable_if action=reinterpret pc=0x0000029907b62c58 method=com.sun.beans.introspect.MethodInfo$MethodOrder.compare(Ljava/lang/reflect/Method;Ljava/lang/reflect/Method;)I @ 148 c2
Event: 30.113 Thread 0x0000029914968620 DEOPT PACKING pc=0x0000029907b62c58 sp=0x000000d9ae9f7700
Event: 30.113 Thread 0x0000029914968620 DEOPT UNPACKING pc=0x00000299075869a3 sp=0x000000d9ae9f76a8 mode 2
Event: 30.208 Thread 0x0000029914968620 DEOPT PACKING pc=0x000002990118b80c sp=0x000000d9ae9f4440
Event: 30.208 Thread 0x0000029914968620 DEOPT UNPACKING pc=0x0000029907587143 sp=0x000000d9ae9f3890 mode 0
Event: 30.240 Thread 0x0000029914968620 DEOPT PACKING pc=0x000002990118b80c sp=0x000000d9ae9f44a0
Event: 30.240 Thread 0x0000029914968620 DEOPT UNPACKING pc=0x0000029907587143 sp=0x000000d9ae9f38f0 mode 0
Event: 30.391 Thread 0x0000029914968620 DEOPT PACKING pc=0x000002990118b80c sp=0x000000d9ae9f4380
Event: 30.391 Thread 0x0000029914968620 DEOPT UNPACKING pc=0x0000029907587143 sp=0x000000d9ae9f37d0 mode 0

Classes unloaded (0 events):
No events

Classes redefined (0 events):
No events

Internal exceptions (20 events):
Event: 30.410 Thread 0x0000029914968620 Exception <a 'java/lang/ClassNotFoundException'{0x0000000086c67678}: org/gradle/api/internal/FactoryNamedDomainObjectContainerCustomizer> (0x0000000086c67678) 
thrown [s\src\hotspot\share\classfile\systemDictionary.cpp, line 256]
Event: 30.412 Thread 0x0000029914968620 Exception <a 'java/lang/ClassNotFoundException'{0x0000000086c88620}: org/gradle/api/internal/FactoryNamedDomainObjectContainer_DecoratedCustomizer> (0x0000000086c88620) 
thrown [s\src\hotspot\share\classfile\systemDictionary.cpp, line 256]
Event: 30.417 Thread 0x0000029914968620 Exception <a 'java/lang/ClassNotFoundException'{0x0000000086cf4860}: com/android/build/gradle/internal/dsl/SigningConfig$AgpDecorated_DecoratedBeanInfo> (0x0000000086cf4860) 
thrown [s\src\hotspot\share\classfile\systemDictionary.cpp, line 256]
Event: 30.418 Thread 0x0000029914968620 Exception <a 'java/lang/ClassNotFoundException'{0x0000000086b03618}: com/android/build/gradle/internal/dsl/SigningConfig$AgpDecoratedBeanInfo> (0x0000000086b03618) 
thrown [s\src\hotspot\share\classfile\systemDictionary.cpp, line 256]
Event: 30.419 Thread 0x0000029914968620 Exception <a 'java/lang/ClassNotFoundException'{0x0000000086b11c50}: com/android/build/gradle/internal/dsl/SigningConfigBeanInfo> (0x0000000086b11c50) 
thrown [s\src\hotspot\share\classfile\systemDictionary.cpp, line 256]
Event: 30.419 Thread 0x0000029914968620 Exception <a 'java/lang/ClassNotFoundException'{0x0000000086b20178}: com/android/builder/signing/DefaultSigningConfigBeanInfo> (0x0000000086b20178) 
thrown [s\src\hotspot\share\classfile\systemDictionary.cpp, line 256]
Event: 30.423 Thread 0x0000029914968620 Exception <a 'java/lang/ClassNotFoundException'{0x0000000086b2e6c0}: com/android/builder/signing/DefaultSigningConfigCustomizer> (0x0000000086b2e6c0) 
thrown [s\src\hotspot\share\classfile\systemDictionary.cpp, line 256]
Event: 30.425 Thread 0x0000029914968620 Exception <a 'java/lang/ClassNotFoundException'{0x0000000086b54a38}: com/android/build/gradle/internal/dsl/SigningConfigCustomizer> (0x0000000086b54a38) 
thrown [s\src\hotspot\share\classfile\systemDictionary.cpp, line 256]
Event: 30.426 Thread 0x0000029914968620 Exception <a 'java/lang/ClassNotFoundException'{0x0000000086b6b2a8}: com/android/build/gradle/internal/dsl/SigningConfig$AgpDecoratedCustomizer> (0x0000000086b6b2a8) 
thrown [s\src\hotspot\share\classfile\systemDictionary.cpp, line 256]
Event: 30.428 Thread 0x0000029914968620 Exception <a 'java/lang/ClassNotFoundException'{0x0000000086b9e098}: com/android/build/gradle/internal/dsl/SigningConfig$AgpDecorated_DecoratedCustomizer> (0x0000000086b9e098) 
thrown [s\src\hotspot\share\classfile\systemDictionary.cpp, line 256]
Event: 30.432 Thread 0x0000029914968620 Exception <a 'java/lang/ClassNotFoundException'{0x0000000086a057f0}: build_88ee2s60e0gzqyiqa8smfs2c4$_run_closure2$_closure6BeanInfo> (0x0000000086a057f0) 
thrown [s\src\hotspot\share\classfile\systemDictionary.cpp, line 256]
Event: 30.432 Thread 0x0000029914968620 Exception <a 'java/lang/ClassNotFoundException'{0x0000000086a0ffa0}: build_88ee2s60e0gzqyiqa8smfs2c4$_run_closure2$_closure6Customizer> (0x0000000086a0ffa0) 
thrown [s\src\hotspot\share\classfile\systemDictionary.cpp, line 256]
Event: 30.435 Thread 0x0000029914968620 Exception <a 'java/lang/ClassNotFoundException'{0x0000000086a34920}: build_88ee2s60e0gzqyiqa8smfs2c4$_run_closure2BeanInfo> (0x0000000086a34920) 
thrown [s\src\hotspot\share\classfile\systemDictionary.cpp, line 256]
Event: 30.436 Thread 0x0000029914968620 Exception <a 'java/lang/ClassNotFoundException'{0x0000000086a3fd08}: build_88ee2s60e0gzqyiqa8smfs2c4$_run_closure2Customizer> (0x0000000086a3fd08) 
thrown [s\src\hotspot\share\classfile\systemDictionary.cpp, line 256]
Event: 30.530 Thread 0x0000029914968620 Exception <a 'java/lang/ClassNotFoundException'{0x0000000088f7dbd8}: com/android/build/gradle/internal/dsl/BuildType$AgpDecorated_DecoratedBeanInfo> (0x0000000088f7dbd8) 
thrown [s\src\hotspot\share\classfile\systemDictionary.cpp, line 256]
Event: 30.530 Thread 0x0000029914968620 Exception <a 'java/lang/ClassNotFoundException'{0x0000000088f8c3b8}: com/android/build/gradle/internal/dsl/BuildType$AgpDecoratedBeanInfo> (0x0000000088f8c3b8) 
thrown [s\src\hotspot\share\classfile\systemDictionary.cpp, line 256]
Event: 30.531 Thread 0x0000029914968620 Exception <a 'java/lang/ClassNotFoundException'{0x0000000088f9af00}: com/android/build/gradle/internal/dsl/BuildTypeBeanInfo> (0x0000000088f9af00) 
thrown [s\src\hotspot\share\classfile\systemDictionary.cpp, line 256]
Event: 30.532 Thread 0x0000029914968620 Exception <a 'java/lang/ClassNotFoundException'{0x0000000088fa9480}: com/android/builder/core/AbstractBuildTypeBeanInfo> (0x0000000088fa9480) 
thrown [s\src\hotspot\share\classfile\systemDictionary.cpp, line 256]
Event: 30.533 Thread 0x0000029914968620 Exception <a 'java/lang/ClassNotFoundException'{0x0000000088fb7d10}: com/android/builder/core/AbstractBuildTypeCustomizer> (0x0000000088fb7d10) 
thrown [s\src\hotspot\share\classfile\systemDictionary.cpp, line 256]
Event: 30.534 Thread 0x0000029914968620 Exception <a 'java/lang/ClassNotFoundException'{0x0000000088fe36e8}: com/android/build/gradle/internal/dsl/BuildTypeCustomizer> (0x0000000088fe36e8) 
thrown [s\src\hotspot\share\classfile\systemDictionary.cpp, line 256]

VM Operations (20 events):
Event: 28.355 Executing VM operation: G1TryInitiateConcMark done
Event: 28.546 Executing VM operation: G1Concurrent
Event: 28.553 Executing VM operation: G1Concurrent done
Event: 28.646 Executing VM operation: G1Concurrent
Event: 28.646 Executing VM operation: G1Concurrent done
Event: 29.124 Executing VM operation: G1CollectForAllocation
Event: 29.135 Executing VM operation: G1CollectForAllocation done
Event: 29.210 Executing VM operation: G1CollectForAllocation
Event: 29.228 Executing VM operation: G1CollectForAllocation done
Event: 29.534 Executing VM operation: G1TryInitiateConcMark
Event: 29.539 Executing VM operation: G1TryInitiateConcMark done
Event: 29.734 Executing VM operation: G1Concurrent
Event: 29.742 Executing VM operation: G1Concurrent done
Event: 29.842 Executing VM operation: G1Concurrent
Event: 29.843 Executing VM operation: G1Concurrent done
Event: 30.241 Executing VM operation: HandshakeAllThreads
Event: 30.241 Executing VM operation: HandshakeAllThreads done
Event: 30.501 Executing VM operation: G1CollectForAllocation
Event: 30.512 Executing VM operation: G1CollectForAllocation done
Event: 30.535 Executing VM operation: G1CollectForAllocation

Events (20 events):
Event: 28.344 loading class sun/security/util/ManifestEntryVerifier$SunProviderHolder
Event: 28.344 loading class sun/security/util/ManifestEntryVerifier$SunProviderHolder done
Event: 28.626 loading class java/security/KeyStore$ProtectionParameter
Event: 28.626 loading class java/security/KeyStore$ProtectionParameter done
Event: 29.249 loading class java/security/KeyStore
Event: 29.250 loading class java/security/KeyStore done
Event: 29.251 loading class java/security/KeyStore$1
Event: 29.251 loading class java/security/KeyStore$1 done
Event: 29.420 loading class sun/reflect/annotation/AnnotationInvocationHandler$1
Event: 29.422 loading class sun/reflect/annotation/AnnotationInvocationHandler$1 done
Event: 29.561 loading class jdk/internal/vm/annotation/ForceInline
Event: 29.562 loading class jdk/internal/vm/annotation/ForceInline done
Event: 29.713 loading class java/util/regex/Pattern$Caret
Event: 29.713 loading class java/util/regex/Pattern$Caret done
Event: 30.245 Thread 0x000002997fbe65e0 flushing nmethod 0x0000029900131310
Event: 30.246 Thread 0x000002997fbe65e0 flushing nmethod 0x00000299001d1a90
Event: 30.248 Thread 0x000002997fbe65e0 flushing nmethod 0x00000299003fe610
Event: 30.249 Thread 0x000002997fbe65e0 flushing nmethod 0x00000299004fa810
Event: 30.322 loading class java/beans/IntrospectionException
Event: 30.322 loading class java/beans/IntrospectionException done


Dynamic libraries:
0x00007ff6bb0a0000 - 0x00007ff6bb0ae000 	C:\Program Files\Eclipse Adoptium\jdk-17.0.6.10-hotspot\bin\java.exe
0x00007ffecd350000 - 0x00007ffecd548000 	C:\Windows\SYSTEM32\ntdll.dll
0x00007ffecb4f0000 - 0x00007ffecb5af000 	C:\Windows\System32\KERNEL32.DLL
0x00007ffecae90000 - 0x00007ffecb186000 	C:\Windows\System32\KERNELBASE.dll
0x00007ffecaae0000 - 0x00007ffecabe0000 	C:\Windows\System32\ucrtbase.dll
0x00007ffec5950000 - 0x00007ffec5969000 	C:\Program Files\Eclipse Adoptium\jdk-17.0.6.10-hotspot\bin\VCRUNTIME140.dll
0x00007ffec5970000 - 0x00007ffec5987000 	C:\Program Files\Eclipse Adoptium\jdk-17.0.6.10-hotspot\bin\jli.dll
0x00007ffecbc40000 - 0x00007ffecbddd000 	C:\Windows\System32\USER32.dll
0x00007ffecae60000 - 0x00007ffecae82000 	C:\Windows\System32\win32u.dll
0x00007ffeb8230000 - 0x00007ffeb84ca000 	C:\Windows\WinSxS\amd64_microsoft.windows.common-controls_6595b64144ccf1df_6.0.19041.1110_none_60b5254171f9507e\COMCTL32.dll
0x00007ffecb5b0000 - 0x00007ffecb5dc000 	C:\Windows\System32\GDI32.dll
0x00007ffecb190000 - 0x00007ffecb2a5000 	C:\Windows\System32\gdi32full.dll
0x00007ffecac10000 - 0x00007ffecacad000 	C:\Windows\System32\msvcp_win.dll
0x00007ffecb3c0000 - 0x00007ffecb45e000 	C:\Windows\System32\msvcrt.dll
0x00007ffecbf10000 - 0x00007ffecbf40000 	C:\Windows\System32\IMM32.DLL
0x00007ffec5940000 - 0x00007ffec594c000 	C:\Program Files\Eclipse Adoptium\jdk-17.0.6.10-hotspot\bin\vcruntime140_1.dll
0x00007ffec58a0000 - 0x00007ffec5931000 	C:\Program Files\Eclipse Adoptium\jdk-17.0.6.10-hotspot\bin\msvcp140.dll
0x00007ffe54bd0000 - 0x00007ffe55817000 	C:\Program Files\Eclipse Adoptium\jdk-17.0.6.10-hotspot\bin\server\jvm.dll
0x00007ffecb730000 - 0x00007ffecb7df000 	C:\Windows\System32\ADVAPI32.dll
0x00007ffecba10000 - 0x00007ffecbaac000 	C:\Windows\System32\sechost.dll
0x00007ffecb5e0000 - 0x00007ffecb706000 	C:\Windows\System32\RPCRT4.dll
0x00007ffec5890000 - 0x00007ffec5899000 	C:\Windows\SYSTEM32\WSOCK32.dll
0x00007ffeb84e0000 - 0x00007ffeb8507000 	C:\Windows\SYSTEM32\WINMM.dll
0x00007ffecc030000 - 0x00007ffecc09b000 	C:\Windows\System32\WS2_32.dll
0x00007ffec36f0000 - 0x00007ffec36fa000 	C:\Windows\SYSTEM32\VERSION.dll
0x00007ffec88f0000 - 0x00007ffec8902000 	C:\Windows\SYSTEM32\kernel.appcore.dll
0x00007ffec5880000 - 0x00007ffec588a000 	C:\Program Files\Eclipse Adoptium\jdk-17.0.6.10-hotspot\bin\jimage.dll
0x00007ffeb5c20000 - 0x00007ffeb5e04000 	C:\Windows\SYSTEM32\DBGHELP.DLL
0x00007ffeb6130000 - 0x00007ffeb6164000 	C:\Windows\SYSTEM32\dbgcore.DLL
0x00007ffecb2b0000 - 0x00007ffecb332000 	C:\Windows\System32\bcryptPrimitives.dll
0x00007ffec5850000 - 0x00007ffec5875000 	C:\Program Files\Eclipse Adoptium\jdk-17.0.6.10-hotspot\bin\java.dll
0x00007ffe66050000 - 0x00007ffe66126000 	C:\Program Files\Eclipse Adoptium\jdk-17.0.6.10-hotspot\bin\jsvml.dll
0x00007ffeccb10000 - 0x00007ffecd254000 	C:\Windows\System32\SHELL32.dll
0x00007ffec8af0000 - 0x00007ffec9283000 	C:\Windows\SYSTEM32\windows.storage.dll
0x00007ffecc6a0000 - 0x00007ffecc9f4000 	C:\Windows\System32\combase.dll
0x00007ffeca3b0000 - 0x00007ffeca3de000 	C:\Windows\SYSTEM32\Wldp.dll
0x00007ffecca00000 - 0x00007ffeccaad000 	C:\Windows\System32\SHCORE.dll
0x00007ffecc640000 - 0x00007ffecc695000 	C:\Windows\System32\shlwapi.dll
0x00007ffeca970000 - 0x00007ffeca98f000 	C:\Windows\SYSTEM32\profapi.dll
0x00007ffec3a40000 - 0x00007ffec3a59000 	C:\Program Files\Eclipse Adoptium\jdk-17.0.6.10-hotspot\bin\net.dll
0x00007ffec3060000 - 0x00007ffec316a000 	C:\Windows\SYSTEM32\WINHTTP.dll
0x00007ffeca110000 - 0x00007ffeca17a000 	C:\Windows\system32\mswsock.dll
0x00007ffec0c00000 - 0x00007ffec0c15000 	C:\Program Files\Eclipse Adoptium\jdk-17.0.6.10-hotspot\bin\nio.dll
0x00007ffe9ca50000 - 0x00007ffe9ca68000 	C:\Program Files\Eclipse Adoptium\jdk-17.0.6.10-hotspot\bin\zip.dll
0x00007ffec5fa0000 - 0x00007ffec5fb0000 	C:\Program Files\Eclipse Adoptium\jdk-17.0.6.10-hotspot\bin\verify.dll
0x00007ffec5fb0000 - 0x00007ffec5fd7000 	C:\Users\hp\.gradle\native\e1d6ef7f7dcc3fd88c89a11ec53ec762bb8ba0a96d01ffa2cd45eb1d1d8dd5c5\windows-amd64\native-platform.dll
0x00007ffec4720000 - 0x00007ffec4864000 	C:\Users\hp\.gradle\native\0d407fdbe67a94daf76414ababcb853783967236a71b16ec16e742cd7a986fd3\windows-amd64\native-platform-file-events.dll
0x00007ffeb1400000 - 0x00007ffeb1409000 	C:\Program Files\Eclipse Adoptium\jdk-17.0.6.10-hotspot\bin\management.dll
0x00007ffe679a0000 - 0x00007ffe679ab000 	C:\Program Files\Eclipse Adoptium\jdk-17.0.6.10-hotspot\bin\management_ext.dll
0x00007ffecc020000 - 0x00007ffecc028000 	C:\Windows\System32\PSAPI.DLL
0x00007ffeca300000 - 0x00007ffeca318000 	C:\Windows\SYSTEM32\CRYPTSP.dll
0x00007ffec9a30000 - 0x00007ffec9a64000 	C:\Windows\system32\rsaenh.dll
0x00007ffecabe0000 - 0x00007ffecac07000 	C:\Windows\System32\bcrypt.dll
0x00007ffeca8f0000 - 0x00007ffeca91e000 	C:\Windows\SYSTEM32\USERENV.dll
0x00007ffeca320000 - 0x00007ffeca32c000 	C:\Windows\SYSTEM32\CRYPTBASE.dll
0x00007ffec9e00000 - 0x00007ffec9e3c000 	C:\Windows\SYSTEM32\IPHLPAPI.DLL
0x00007ffecb3b0000 - 0x00007ffecb3b8000 	C:\Windows\System32\NSI.dll
0x00007ffec3660000 - 0x00007ffec3677000 	C:\Windows\SYSTEM32\dhcpcsvc6.DLL
0x00007ffec3960000 - 0x00007ffec397d000 	C:\Windows\SYSTEM32\dhcpcsvc.DLL
0x00007ffec9e40000 - 0x00007ffec9f0b000 	C:\Windows\SYSTEM32\DNSAPI.dll
0x00007ffe678b0000 - 0x00007ffe678be000 	C:\Program Files\Eclipse Adoptium\jdk-17.0.6.10-hotspot\bin\sunmscapi.dll
0x00007ffecacb0000 - 0x00007ffecae0e000 	C:\Windows\System32\CRYPT32.dll
0x00007ffeca420000 - 0x00007ffeca448000 	C:\Windows\SYSTEM32\ncrypt.dll
0x00007ffeca3e0000 - 0x00007ffeca41b000 	C:\Windows\SYSTEM32\NTASN1.dll
0x00007ffe8be10000 - 0x00007ffe8be17000 	C:\Windows\system32\wshunix.dll

dbghelp: loaded successfully - version: 4.0.5 - missing functions: none
symbol engine: initialized successfully - sym options: 0x614 - pdb path: .;C:\Program Files\Eclipse Adoptium\jdk-17.0.6.10-hotspot\bin;C:\Windows\SYSTEM32;C:\Windows\WinSxS\amd64_microsoft.windows.common-controls_6595b64144ccf1df_6.0.19041.1110_none_60b5254171f9507e;C:\Program Files\Eclipse Adoptium\jdk-17.0.6.10-hotspot\bin\server;C:\Users\hp\.gradle\native\e1d6ef7f7dcc3fd88c89a11ec53ec762bb8ba0a96d01ffa2cd45eb1d1d8dd5c5\windows-amd64;C:\Users\hp\.gradle\native\0d407fdbe67a94daf76414ababcb853783967236a71b16ec16e742cd7a986fd3\windows-amd64

VM Arguments:
jvm_args: -XX:MaxMetaspaceSize=512m --add-opens=java.base/java.util=ALL-UNNAMED --add-opens=java.base/java.lang=ALL-UNNAMED --add-opens=java.base/java.lang.invoke=ALL-UNNAMED --add-opens=java.base/java.util=ALL-UNNAMED --add-opens=java.prefs/java.util.prefs=ALL-UNNAMED --add-opens=java.prefs/java.util.prefs=ALL-UNNAMED --add-opens=java.base/java.nio.charset=ALL-UNNAMED --add-opens=java.base/java.net=ALL-UNNAMED --add-opens=java.base/java.util.concurrent.atomic=ALL-UNNAMED -Xmx2048m -Dfile.encoding=utf8 -Duser.country=US -Duser.language=en -Duser.variant 
java_command: org.gradle.launcher.daemon.bootstrap.GradleDaemon 7.5.1
java_class_path (initial): C:\Users\hp\.gradle\wrapper\dists\gradle-7.5.1-all\1ehga6e77gqps5uk2kc5kf1vc\gradle-7.5.1\lib\gradle-launcher-7.5.1.jar
Launcher Type: SUN_STANDARD

[Global flags]
     intx CICompilerCount                          = 3                                         {product} {ergonomic}
   size_t CompressedClassSpaceSize                 = 432013312                                 {product} {ergonomic}
     uint ConcGCThreads                            = 1                                         {product} {ergonomic}
     uint G1ConcRefinementThreads                  = 4                                         {product} {ergonomic}
   size_t G1HeapRegionSize                         = 1048576                                   {product} {ergonomic}
    uintx GCDrainStackTargetSize                   = 64                                        {product} {ergonomic}
   size_t InitialHeapSize                          = 134217728                                 {product} {ergonomic}
   size_t MarkStackSize                            = 4194304                                   {product} {ergonomic}
   size_t MaxHeapSize                              = 2147483648                                {product} {command line}
   size_t MaxMetaspaceSize                         = 536870912                                 {product} {command line}
   size_t MaxNewSize                               = 1287651328                                {product} {ergonomic}
   size_t MinHeapDeltaBytes                        = 1048576                                   {product} {ergonomic}
   size_t MinHeapSize                              = 8388608                                   {product} {ergonomic}
    uintx NonNMethodCodeHeapSize                   = 5832780                                {pd product} {ergonomic}
    uintx NonProfiledCodeHeapSize                  = 122912730                              {pd product} {ergonomic}
    uintx ProfiledCodeHeapSize                     = 122912730                              {pd product} {ergonomic}
    uintx ReservedCodeCacheSize                    = 251658240                              {pd product} {ergonomic}
     bool SegmentedCodeCache                       = true                                      {product} {ergonomic}
   size_t SoftMaxHeapSize                          = 2147483648                             {manageable} {ergonomic}
     bool UseCompressedClassPointers               = true                           {product lp64_product} {ergonomic}
     bool UseCompressedOops                        = true                           {product lp64_product} {ergonomic}
     bool UseG1GC                                  = true                                      {product} {ergonomic}
     bool UseLargePagesIndividualAllocation        = false                                  {pd product} {ergonomic}

Logging:
Log output configuration:
 #0: stdout all=warning uptime,level,tags
 #1: stderr all=off uptime,level,tags

Environment Variables:
JAVA_HOME=C:\Program Files\Eclipse Adoptium\jdk-17.0.6.10-hotspot
PATH=C:\Program Files\Eclipse Adoptium\jdk-17.0.6.10-hotspot\bin;C:\Python310\Scripts\;C:\Python310\;C:\Windows\system32;C:\Windows;C:\Windows\System32\Wbem;C:\Windows\System32\WindowsPowerShell\v1.0\;C:\Windows\System32\OpenSSH\;C:\Program Files\Git\cmd;C:\Program Files\Git\mingw64\bin;C:\Program Files\Git\usr\bin;C:\ProgramData\chocolatey\bin;C:\Program Files\nodejs\;C:\Users\hp\AppData\Local\Android\Sdk\platform-tools;C:\Users\hp\AppData\Local\Android\Sdk\emulator;C:\Users\hp\AppData\Local\Microsoft\WindowsApps;C:\Users\hp\AppData\Local\Programs\Microsoft VS Code\bin;C:\Users\hp\AppData\Roaming\npm;C:\Users\hp\AppData\Local\Android\Sdk\platform-tools
USERNAME=hp
OS=Windows_NT
PROCESSOR_IDENTIFIER=Intel64 Family 6 Model 69 Stepping 1, GenuineIntel
TMP=C:\Users\hp\AppData\Local\Temp
TEMP=C:\Users\hp\AppData\Local\Temp



---------------  S Y S T E M  ---------------

OS:
 Windows 10 , 64 bit Build 19041 (10.0.19041.2913)
OS uptime: 0 days 5:56 hours

CPU: total 4 (initial active 4) (2 cores per cpu, 2 threads per core) family 6 model 69 stepping 1 microcode 0x25, cx8, cmov, fxsr, ht, mmx, sse, sse2, sse3, ssse3, sse4.1, sse4.2, popcnt, lzcnt, tsc, tscinvbit, avx, avx2, aes, erms, clmul, bmi1, bmi2, fma, vzeroupper, clflush

Memory: 4k page, system-wide physical 8142M (533M free)
TotalPageFile size 11302M (AvailPageFile size 108M)
current process WorkingSet (physical memory assigned to process): 376M, peak: 384M
current process commit charge ("private bytes"): 409M, peak: 554M

vm_info: OpenJDK 64-Bit Server VM (17.0.6+10) for windows-amd64 JRE (17.0.6+10), built on Jan 18 2023 10:08:59 by "temurin" with MS VC++ 16.7 (VS2019)

END.
