#
# There is insufficient memory for the Java Runtime Environment to continue.
# Native memory allocation (malloc) failed to allocate 949136 bytes for Chunk::new
# Possible reasons:
#   The system is out of physical RAM or swap space
#   The process is running with CompressedOops enabled, and the Java Heap may be blocking the growth of the native heap
# Possible solutions:
#   Reduce memory load on the system
#   Increase physical memory or swap space
#   Check if swap backing store is full
#   Decrease Java heap size (-Xmx/-Xms)
#   Decrease number of Java threads
#   Decrease Java thread stack sizes (-Xss)
#   Set larger code cache with -XX:ReservedCodeCacheSize=
#   JVM is running with Unscaled Compressed Oops mode in which the Java heap is
#     placed in the first 4GB address space. The Java Heap base address is the
#     maximum limit for the native heap growth. Please use -XX:HeapBaseMinAddress
#     to set the Java Heap base and to place the Java Heap above 4GB virtual address.
# This output file may be truncated or incomplete.
#
#  Out of Memory Error (arena.cpp:189), pid=2832, tid=13996
#
# JRE version: OpenJDK Runtime Environment Temurin-17.0.6+10 (17.0.6+10) (build 17.0.6+10)
# Java VM: OpenJDK 64-Bit Server VM Temurin-17.0.6+10 (17.0.6+10, mixed mode, sharing, tiered, compressed oops, compressed class ptrs, g1 gc, windows-amd64)
# No core dump will be written. Minidumps are not enabled by default on client versions of Windows
#

---------------  S U M M A R Y ------------

Command Line: -XX:MaxMetaspaceSize=512m --add-opens=java.base/java.util=ALL-UNNAMED --add-opens=java.base/java.lang=ALL-UNNAMED --add-opens=java.base/java.lang.invoke=ALL-UNNAMED --add-opens=java.base/java.util=ALL-UNNAMED --add-opens=java.prefs/java.util.prefs=ALL-UNNAMED --add-opens=java.prefs/java.util.prefs=ALL-UNNAMED --add-opens=java.base/java.nio.charset=ALL-UNNAMED --add-opens=java.base/java.net=ALL-UNNAMED --add-opens=java.base/java.util.concurrent.atomic=ALL-UNNAMED -Xmx2048m -Dfile.encoding=windows-1252 -Duser.country=US -Duser.language=en -Duser.variant org.gradle.launcher.daemon.bootstrap.GradleDaemon 7.5.1

Host: Intel(R) Core(TM) i5-4210U CPU @ 1.70GHz, 4 cores, 7G,  Windows 10 , 64 bit Build 19041 (10.0.19041.2913)
Time: Fri May 26 16:01:56 2023 Pakistan Standard Time elapsed time: 37.909996 seconds (0d 0h 0m 37s)

---------------  T H R E A D  ---------------

Current thread (0x000001d57abaf3d0):  JavaThread "C2 CompilerThread1" daemon [_thread_in_native, id=13996, stack(0x0000001233300000,0x0000001233400000)]


Current CompileTask:
C2:  37910 8329       4       sun.reflect.generics.parser.SignatureParser::parseFieldTypeSignature (73 bytes)

Stack: [0x0000001233300000,0x0000001233400000]
Native frames: (J=compiled Java code, j=interpreted, Vv=VM code, C=native code)
V  [jvm.dll+0x67741a]
V  [jvm.dll+0x834434]
V  [jvm.dll+0x835bde]
V  [jvm.dll+0x836243]
V  [jvm.dll+0x2457b5]
V  [jvm.dll+0xabafc]
V  [jvm.dll+0xac0cc]
V  [jvm.dll+0x2ac94f]
V  [jvm.dll+0x57de47]
V  [jvm.dll+0x220812]
V  [jvm.dll+0x220bef]
V  [jvm.dll+0x21a445]
V  [jvm.dll+0x21790b]
V  [jvm.dll+0x1a3d0d]
V  [jvm.dll+0x22742a]
V  [jvm.dll+0x225565]
V  [jvm.dll+0x7ea2cb]
V  [jvm.dll+0x7e483a]
V  [jvm.dll+0x6762c5]
C  [ucrtbase.dll+0x21bb2]
C  [KERNEL32.DLL+0x17614]
C  [ntdll.dll+0x526a1]


---------------  P R O C E S S  ---------------

Threads class SMR info:
_java_thread_list=0x000001d57c2cb000, length=89, elements={
0x000001d56a800440, 0x000001d579382f90, 0x000001d579383d10, 0x000001d57939ffd0,
0x000001d5793a0890, 0x000001d5793a18f0, 0x000001d5793a21b0, 0x000001d5793a7290,
0x000001d5793abde0, 0x000001d5793bf630, 0x000001d57a0c4980, 0x000001d57a0cd0a0,
0x000001d57b916890, 0x000001d57c841b50, 0x000001d57c676030, 0x000001d57cac5590,
0x000001d57beec010, 0x000001d57b7c4840, 0x000001d57cf51010, 0x000001d57a745440,
0x000001d57bd24010, 0x000001d57b3e3c00, 0x000001d57b3e4f40, 0x000001d57b3e40d0,
0x000001d57b3e28c0, 0x000001d57b3e45a0, 0x000001d57b3e4a70, 0x000001d57b3e3730,
0x000001d57b3e5410, 0x000001d57b3e3260, 0x000001d57b3e23f0, 0x000001d57b3e2d90,
0x000001d57b3e58e0, 0x000001d57d9e1f90, 0x000001d57d9e7630, 0x000001d57d9e4fb0,
0x000001d57d9e8970, 0x000001d57d9e4ae0, 0x000001d57d9e7b00, 0x000001d57d9e5e20,
0x000001d57d9e37a0, 0x000001d57d9e62f0, 0x000001d57d9e5480, 0x000001d57d9e67c0,
0x000001d57d9e6c90, 0x000001d57d9e7fd0, 0x000001d57d9e2e00, 0x000001d57d9e7160,
0x000001d57d9e84a0, 0x000001d57d9e8e40, 0x000001d57d9e9310, 0x000001d57d9e97e0,
0x000001d57d9e2460, 0x000001d57d9e32d0, 0x000001d57d9e3c70, 0x000001d57ab49940,
0x000001d57ab4e170, 0x000001d57ab4e640, 0x000001d57ab4baf0, 0x000001d57ab4bfc0,
0x000001d57ab47790, 0x000001d57ab4d7d0, 0x000001d57ab4d300, 0x000001d57ab4c490,
0x000001d57ab4a7b0, 0x000001d57ab46df0, 0x000001d57ab4b620, 0x000001d57ab4b150,
0x000001d57ab472c0, 0x000001d57ab47c60, 0x000001d57ab4ce30, 0x000001d57ab4dca0,
0x000001d57ab4c960, 0x000001d57ab48fa0, 0x000001d57ab48130, 0x000001d57ab49470,
0x000001d57c831f40, 0x000001d57c8315a0, 0x000001d57c82d710, 0x000001d57c82f3f0,
0x000001d57c82e0b0, 0x000001d57c82d240, 0x000001d57c82ea50, 0x000001d57c831a70,
0x000001d57c8340f0, 0x000001d57c82ef20, 0x000001d57c82f8c0, 0x000001d57c832db0,
0x000001d57abaf3d0
}

Java Threads: ( => current thread )
  0x000001d56a800440 JavaThread "main" [_thread_blocked, id=2164, stack(0x000000122ff00000,0x0000001230000000)]
  0x000001d579382f90 JavaThread "Reference Handler" daemon [_thread_blocked, id=13448, stack(0x0000001230600000,0x0000001230700000)]
  0x000001d579383d10 JavaThread "Finalizer" daemon [_thread_blocked, id=11536, stack(0x0000001230700000,0x0000001230800000)]
  0x000001d57939ffd0 JavaThread "Signal Dispatcher" daemon [_thread_blocked, id=11908, stack(0x0000001230900000,0x0000001230a00000)]
  0x000001d5793a0890 JavaThread "Attach Listener" daemon [_thread_blocked, id=8292, stack(0x0000001230a00000,0x0000001230b00000)]
  0x000001d5793a18f0 JavaThread "Service Thread" daemon [_thread_blocked, id=6704, stack(0x0000001230b00000,0x0000001230c00000)]
  0x000001d5793a21b0 JavaThread "Monitor Deflation Thread" daemon [_thread_blocked, id=3388, stack(0x0000001230c00000,0x0000001230d00000)]
  0x000001d5793a7290 JavaThread "C2 CompilerThread0" daemon [_thread_in_native, id=10520, stack(0x0000001230d00000,0x0000001230e00000)]
  0x000001d5793abde0 JavaThread "C1 CompilerThread0" daemon [_thread_blocked, id=13940, stack(0x0000001230e00000,0x0000001230f00000)]
  0x000001d5793bf630 JavaThread "Sweeper thread" daemon [_thread_blocked, id=6660, stack(0x0000001230f00000,0x0000001231000000)]
  0x000001d57a0c4980 JavaThread "Common-Cleaner" daemon [_thread_blocked, id=6860, stack(0x0000001231000000,0x0000001231100000)]
  0x000001d57a0cd0a0 JavaThread "Notification Thread" daemon [_thread_blocked, id=14000, stack(0x0000001231100000,0x0000001231200000)]
  0x000001d57b916890 JavaThread "Daemon health stats" [_thread_blocked, id=5136, stack(0x0000001231700000,0x0000001231800000)]
  0x000001d57c841b50 JavaThread "Incoming local TCP Connector on port 55139" [_thread_in_native, id=2748, stack(0x0000001231300000,0x0000001231400000)]
  0x000001d57c676030 JavaThread "Daemon periodic checks" [_thread_blocked, id=5832, stack(0x0000001231800000,0x0000001231900000)]
  0x000001d57cac5590 JavaThread "Daemon" [_thread_blocked, id=7284, stack(0x0000001231a00000,0x0000001231b00000)]
  0x000001d57beec010 JavaThread "Handler for socket connection from /127.0.0.1:55139 to /127.0.0.1:55140" [_thread_in_native, id=7024, stack(0x0000001231b00000,0x0000001231c00000)]
  0x000001d57b7c4840 JavaThread "Cancel handler" [_thread_blocked, id=1928, stack(0x0000001231900000,0x0000001231a00000)]
  0x000001d57cf51010 JavaThread "Daemon worker" [_thread_in_vm, id=13168, stack(0x0000001231c00000,0x0000001231d00000)]
  0x000001d57a745440 JavaThread "Asynchronous log dispatcher for DefaultDaemonConnection: socket connection from /127.0.0.1:55139 to /127.0.0.1:55140" [_thread_blocked, id=12488, stack(0x0000001231d00000,0x0000001231e00000)]
  0x000001d57bd24010 JavaThread "Stdin handler" [_thread_blocked, id=6156, stack(0x0000001231e00000,0x0000001231f00000)]
  0x000001d57b3e3c00 JavaThread "Daemon client event forwarder" [_thread_blocked, id=1648, stack(0x0000001231f00000,0x0000001232000000)]
  0x000001d57b3e4f40 JavaThread "Cache worker for journal cache (C:\Users\hp\.gradle\caches\journal-1)" [_thread_blocked, id=8576, stack(0x0000001232000000,0x0000001232100000)]
  0x000001d57b3e40d0 JavaThread "File lock request listener" [_thread_in_native, id=3284, stack(0x0000001232100000,0x0000001232200000)]
  0x000001d57b3e28c0 JavaThread "Cache worker for file hash cache (C:\Users\hp\.gradle\caches\7.5.1\fileHashes)" [_thread_blocked, id=2644, stack(0x0000001232200000,0x0000001232300000)]
  0x000001d57b3e45a0 JavaThread "File watcher server" daemon [_thread_in_native, id=7236, stack(0x0000001232400000,0x0000001232500000)]
  0x000001d57b3e4a70 JavaThread "File watcher consumer" daemon [_thread_blocked, id=9188, stack(0x0000001232500000,0x0000001232600000)]
  0x000001d57b3e3730 JavaThread "Cache worker for checksums cache (C:\Users\hp\Desktop\react\MovieMinia\android\.gradle\7.5.1\checksums)" [_thread_blocked, id=14292, stack(0x0000001232300000,0x0000001232400000)]
  0x000001d57b3e5410 JavaThread "Cache worker for cache directory md-rule (C:\Users\hp\.gradle\caches\7.5.1\md-rule)" [_thread_blocked, id=4408, stack(0x0000001232600000,0x0000001232700000)]
  0x000001d57b3e3260 JavaThread "Cache worker for file content cache (C:\Users\hp\.gradle\caches\7.5.1\fileContent)" [_thread_blocked, id=14232, stack(0x0000001232700000,0x0000001232800000)]
  0x000001d57b3e23f0 JavaThread "Cache worker for file hash cache (C:\Users\hp\Desktop\react\MovieMinia\android\.gradle\7.5.1\fileHashes)" [_thread_blocked, id=4668, stack(0x0000001232900000,0x0000001232a00000)]
  0x000001d57b3e2d90 JavaThread "Cache worker for cache directory md-supplier (C:\Users\hp\.gradle\caches\7.5.1\md-supplier)" [_thread_blocked, id=8836, stack(0x0000001232a00000,0x0000001232b00000)]
  0x000001d57b3e58e0 JavaThread "Cache worker for execution history cache (C:\Users\hp\.gradle\caches\7.5.1\executionHistory)" [_thread_blocked, id=8264, stack(0x0000001232c00000,0x0000001232d00000)]
  0x000001d57d9e1f90 JavaThread "jar transforms" [_thread_blocked, id=8296, stack(0x0000001232d00000,0x0000001232e00000)]
  0x000001d57d9e7630 JavaThread "jar transforms Thread 2" [_thread_blocked, id=9400, stack(0x0000001232e00000,0x0000001232f00000)]
  0x000001d57d9e4fb0 JavaThread "jar transforms Thread 3" [_thread_blocked, id=11032, stack(0x0000001232f00000,0x0000001233000000)]
  0x000001d57d9e8970 JavaThread "jar transforms Thread 4" [_thread_blocked, id=6576, stack(0x0000001233000000,0x0000001233100000)]
  0x000001d57d9e4ae0 JavaThread "Cache worker for kotlin-dsl (C:\Users\hp\.gradle\caches\7.5.1\kotlin-dsl)" [_thread_blocked, id=12088, stack(0x0000001233100000,0x0000001233200000)]
  0x000001d57d9e7b00 JavaThread "Cache worker for dependencies-accessors (C:\Users\hp\Desktop\react\MovieMinia\android\.gradle\7.5.1\dependencies-accessors)" [_thread_blocked, id=9776, stack(0x0000001233200000,0x0000001233300000)]
  0x000001d57d9e5e20 JavaThread "Cache worker for Build Output Cleanup Cache (C:\Users\hp\Desktop\react\MovieMinia\node_modules\react-native-gradle-plugin\.gradle\buildOutputCleanup)" [_thread_blocked, id=1972, stack(0x0000001232800000,0x0000001232900000)]
  0x000001d57d9e37a0 JavaThread "Unconstrained build operations" [_thread_blocked, id=10020, stack(0x0000001233400000,0x0000001233500000)]
  0x000001d57d9e62f0 JavaThread "Unconstrained build operations Thread 2" [_thread_blocked, id=3608, stack(0x0000001233500000,0x0000001233600000)]
  0x000001d57d9e5480 JavaThread "Unconstrained build operations Thread 3" [_thread_blocked, id=14080, stack(0x0000001233600000,0x0000001233700000)]
  0x000001d57d9e67c0 JavaThread "Unconstrained build operations Thread 4" [_thread_blocked, id=13092, stack(0x0000001233700000,0x0000001233800000)]
  0x000001d57d9e6c90 JavaThread "Unconstrained build operations Thread 5" [_thread_blocked, id=9240, stack(0x0000001233800000,0x0000001233900000)]
  0x000001d57d9e7fd0 JavaThread "Unconstrained build operations Thread 6" [_thread_blocked, id=13228, stack(0x0000001233900000,0x0000001233a00000)]
  0x000001d57d9e2e00 JavaThread "Unconstrained build operations Thread 7" [_thread_blocked, id=5684, stack(0x0000001233a00000,0x0000001233b00000)]
  0x000001d57d9e7160 JavaThread "Unconstrained build operations Thread 8" [_thread_blocked, id=6584, stack(0x0000001233b00000,0x0000001233c00000)]
  0x000001d57d9e84a0 JavaThread "Unconstrained build operations Thread 9" [_thread_blocked, id=11352, stack(0x0000001233c00000,0x0000001233d00000)]
  0x000001d57d9e8e40 JavaThread "Unconstrained build operations Thread 10" [_thread_blocked, id=12500, stack(0x0000001233d00000,0x0000001233e00000)]
  0x000001d57d9e9310 JavaThread "Unconstrained build operations Thread 11" [_thread_blocked, id=10844, stack(0x0000001233e00000,0x0000001233f00000)]
  0x000001d57d9e97e0 JavaThread "Unconstrained build operations Thread 12" [_thread_blocked, id=12416, stack(0x0000001233f00000,0x0000001234000000)]
  0x000001d57d9e2460 JavaThread "Unconstrained build operations Thread 13" [_thread_blocked, id=13176, stack(0x0000001234000000,0x0000001234100000)]
  0x000001d57d9e32d0 JavaThread "Unconstrained build operations Thread 14" [_thread_blocked, id=5664, stack(0x0000001234100000,0x0000001234200000)]
  0x000001d57d9e3c70 JavaThread "Unconstrained build operations Thread 15" [_thread_blocked, id=12576, stack(0x0000001234200000,0x0000001234300000)]
  0x000001d57ab49940 JavaThread "Unconstrained build operations Thread 16" [_thread_blocked, id=1052, stack(0x0000001234300000,0x0000001234400000)]
  0x000001d57ab4e170 JavaThread "Unconstrained build operations Thread 17" [_thread_blocked, id=9520, stack(0x0000001234400000,0x0000001234500000)]
  0x000001d57ab4e640 JavaThread "Unconstrained build operations Thread 18" [_thread_blocked, id=4944, stack(0x0000001234500000,0x0000001234600000)]
  0x000001d57ab4baf0 JavaThread "Unconstrained build operations Thread 19" [_thread_blocked, id=4176, stack(0x0000001234600000,0x0000001234700000)]
  0x000001d57ab4bfc0 JavaThread "Unconstrained build operations Thread 20" [_thread_blocked, id=8904, stack(0x0000001234700000,0x0000001234800000)]
  0x000001d57ab47790 JavaThread "Unconstrained build operations Thread 21" [_thread_blocked, id=7292, stack(0x0000001234800000,0x0000001234900000)]
  0x000001d57ab4d7d0 JavaThread "Unconstrained build operations Thread 22" [_thread_blocked, id=2560, stack(0x0000001234900000,0x0000001234a00000)]
  0x000001d57ab4d300 JavaThread "Unconstrained build operations Thread 23" [_thread_blocked, id=4240, stack(0x0000001234a00000,0x0000001234b00000)]
  0x000001d57ab4c490 JavaThread "Unconstrained build operations Thread 24" [_thread_blocked, id=4140, stack(0x0000001234b00000,0x0000001234c00000)]
  0x000001d57ab4a7b0 JavaThread "Unconstrained build operations Thread 25" [_thread_blocked, id=2244, stack(0x0000001234c00000,0x0000001234d00000)]
  0x000001d57ab46df0 JavaThread "Unconstrained build operations Thread 26" [_thread_blocked, id=3724, stack(0x0000001234d00000,0x0000001234e00000)]
  0x000001d57ab4b620 JavaThread "Unconstrained build operations Thread 27" [_thread_blocked, id=7844, stack(0x0000001234e00000,0x0000001234f00000)]
  0x000001d57ab4b150 JavaThread "Unconstrained build operations Thread 28" [_thread_blocked, id=13840, stack(0x0000001234f00000,0x0000001235000000)]
  0x000001d57ab472c0 JavaThread "Unconstrained build operations Thread 29" [_thread_blocked, id=3356, stack(0x0000001235000000,0x0000001235100000)]
  0x000001d57ab47c60 JavaThread "Unconstrained build operations Thread 30" [_thread_blocked, id=11512, stack(0x0000001235100000,0x0000001235200000)]
  0x000001d57ab4ce30 JavaThread "Unconstrained build operations Thread 31" [_thread_blocked, id=816, stack(0x0000001235200000,0x0000001235300000)]
  0x000001d57ab4dca0 JavaThread "Unconstrained build operations Thread 32" [_thread_blocked, id=10160, stack(0x0000001235300000,0x0000001235400000)]
  0x000001d57ab4c960 JavaThread "Unconstrained build operations Thread 33" [_thread_blocked, id=11968, stack(0x0000001235400000,0x0000001235500000)]
  0x000001d57ab48fa0 JavaThread "build event listener" [_thread_blocked, id=6748, stack(0x0000001235500000,0x0000001235600000)]
  0x000001d57ab48130 JavaThread "Memory manager" [_thread_blocked, id=13540, stack(0x0000001235600000,0x0000001235700000)]
  0x000001d57ab49470 JavaThread "Cache worker for Build Output Cleanup Cache (C:\Users\hp\Desktop\react\MovieMinia\android\.gradle\buildOutputCleanup)" [_thread_blocked, id=11316, stack(0x0000001235700000,0x0000001235800000)]
  0x000001d57c831f40 JavaThread "included builds" [_thread_blocked, id=11544, stack(0x0000001235800000,0x0000001235900000)]
  0x000001d57c8315a0 JavaThread "Execution worker" [_thread_blocked, id=9952, stack(0x0000001235a00000,0x0000001235b00000)]
  0x000001d57c82d710 JavaThread "Execution worker Thread 2" [_thread_blocked, id=7656, stack(0x0000001235b00000,0x0000001235c00000)]
  0x000001d57c82f3f0 JavaThread "Execution worker Thread 3" [_thread_blocked, id=6928, stack(0x0000001235c00000,0x0000001235d00000)]
  0x000001d57c82e0b0 JavaThread "Cache worker for execution history cache (C:\Users\hp\Desktop\react\MovieMinia\node_modules\react-native-gradle-plugin\.gradle\7.5.1\executionHistory)" [_thread_blocked, id=10836, stack(0x0000001235e00000,0x0000001235f00000)]
  0x000001d57c82d240 JavaThread "Unconstrained build operations Thread 34" [_thread_blocked, id=5316, stack(0x0000001235f00000,0x0000001236000000)]
  0x000001d57c82ea50 JavaThread "Unconstrained build operations Thread 35" [_thread_blocked, id=6152, stack(0x0000001236000000,0x0000001236100000)]
  0x000001d57c831a70 JavaThread "Unconstrained build operations Thread 36" [_thread_blocked, id=1768, stack(0x0000001236100000,0x0000001236200000)]
  0x000001d57c8340f0 JavaThread "Unconstrained build operations Thread 37" [_thread_blocked, id=5736, stack(0x0000001236200000,0x0000001236300000)]
  0x000001d57c82ef20 JavaThread "Unconstrained build operations Thread 38" [_thread_blocked, id=12480, stack(0x0000001236300000,0x0000001236400000)]
  0x000001d57c82f8c0 JavaThread "Unconstrained build operations Thread 39" [_thread_blocked, id=640, stack(0x0000001236400000,0x0000001236500000)]
  0x000001d57c832db0 JavaThread "Unconstrained build operations Thread 40" [_thread_blocked, id=6336, stack(0x0000001236500000,0x0000001236600000)]
=>0x000001d57abaf3d0 JavaThread "C2 CompilerThread1" daemon [_thread_in_native, id=13996, stack(0x0000001233300000,0x0000001233400000)]

Other Threads:
  0x000001d57937e520 VMThread "VM Thread" [stack: 0x0000001230500000,0x0000001230600000] [id=2880]
  0x000001d57a0cd570 WatcherThread [stack: 0x0000001231200000,0x0000001231300000] [id=2976]
  0x000001d56a85d850 GCTaskThread "GC Thread#0" [stack: 0x0000001230000000,0x0000001230100000] [id=2780]
  0x000001d57a4a0f40 GCTaskThread "GC Thread#1" [stack: 0x0000001231400000,0x0000001231500000] [id=1872]
  0x000001d57a49a880 GCTaskThread "GC Thread#2" [stack: 0x0000001231500000,0x0000001231600000] [id=11620]
  0x000001d57a931ad0 GCTaskThread "GC Thread#3" [stack: 0x0000001231600000,0x0000001231700000] [id=3916]
  0x000001d56a86e6a0 ConcurrentGCThread "G1 Main Marker" [stack: 0x0000001230100000,0x0000001230200000] [id=14104]
  0x000001d56a86efc0 ConcurrentGCThread "G1 Conc#0" [stack: 0x0000001230200000,0x0000001230300000] [id=1680]
  0x000001d56a8cdc60 ConcurrentGCThread "G1 Refine#0" [stack: 0x0000001230300000,0x0000001230400000] [id=692]
  0x000001d50f107cd0 ConcurrentGCThread "G1 Refine#1" [stack: 0x0000001232b00000,0x0000001232c00000] [id=1456]
  0x000001d56a8ce590 ConcurrentGCThread "G1 Service" [stack: 0x0000001230400000,0x0000001230500000] [id=9488]

Threads with active compile tasks:
C2 CompilerThread0    37960 8325       4       org.gradle.internal.service.DefaultServiceRegistry$SingletonService::get (5 bytes)
C2 CompilerThread1    37960 8329       4       sun.reflect.generics.parser.SignatureParser::parseFieldTypeSignature (73 bytes)

VM state: not at safepoint (normal execution)

VM Mutex/Monitor currently owned by a thread: None

Heap address: 0x0000000080000000, size: 2048 MB, Compressed Oops mode: 32-bit

CDS archive(s) mapped at: [0x0000000800000000-0x0000000800bc0000-0x0000000800bc0000), size 12320768, SharedBaseAddress: 0x0000000800000000, ArchiveRelocationMode: 0.
Compressed class space mapped at: 0x0000000800c00000-0x000000081a800000, reserved size: 432013312
Narrow klass base: 0x0000000800000000, Narrow klass shift: 0, Narrow klass range: 0x100000000

GC Precious Log:
 CPUs: 4 total, 4 available
 Memory: 8142M
 Large Page Support: Disabled
 NUMA Support: Disabled
 Compressed Oops: Enabled (32-bit)
 Heap Region Size: 1M
 Heap Min Capacity: 8M
 Heap Initial Capacity: 128M
 Heap Max Capacity: 2G
 Pre-touch: Disabled
 Parallel Workers: 4
 Concurrent Workers: 1
 Concurrent Refinement Workers: 4
 Periodic GC: Disabled

Heap:
 garbage-first heap   total 106496K, used 64449K [0x0000000080000000, 0x0000000100000000)
  region size 1024K, 4 young (4096K), 2 survivors (2048K)
 Metaspace       used 62853K, committed 63488K, reserved 479232K
  class space    used 8765K, committed 9024K, reserved 421888K

Heap Regions: E=young(eden), S=young(survivor), O=old, HS=humongous(starts), HC=humongous(continues), CS=collection set, F=free, OA=open archive, CA=closed archive, TAMS=top-at-mark-start (previous, next)
|   0|0x0000000080000000, 0x0000000080100000, 0x0000000080100000|100%|HS|  |TAMS 0x0000000080100000, 0x0000000080100000| Complete 
|   1|0x0000000080100000, 0x0000000080200000, 0x0000000080200000|100%|HC|  |TAMS 0x0000000080200000, 0x0000000080200000| Complete 
|   2|0x0000000080200000, 0x0000000080300000, 0x0000000080300000|100%|HC|  |TAMS 0x0000000080300000, 0x0000000080300000| Complete 
|   3|0x0000000080300000, 0x0000000080400000, 0x0000000080400000|100%| O|  |TAMS 0x0000000080400000, 0x0000000080400000| Untracked 
|   4|0x0000000080400000, 0x0000000080500000, 0x0000000080500000|100%| O|  |TAMS 0x0000000080500000, 0x0000000080500000| Untracked 
|   5|0x0000000080500000, 0x0000000080600000, 0x0000000080600000|100%| O|  |TAMS 0x0000000080600000, 0x0000000080600000| Untracked 
|   6|0x0000000080600000, 0x0000000080700000, 0x0000000080700000|100%| O|  |TAMS 0x0000000080700000, 0x0000000080700000| Untracked 
|   7|0x0000000080700000, 0x0000000080800000, 0x0000000080800000|100%| O|  |TAMS 0x0000000080800000, 0x0000000080800000| Untracked 
|   8|0x0000000080800000, 0x0000000080900000, 0x0000000080900000|100%| O|  |TAMS 0x0000000080900000, 0x0000000080900000| Untracked 
|   9|0x0000000080900000, 0x0000000080a00000, 0x0000000080a00000|100%| O|  |TAMS 0x0000000080a00000, 0x0000000080a00000| Untracked 
|  10|0x0000000080a00000, 0x0000000080b00000, 0x0000000080b00000|100%| O|  |TAMS 0x0000000080b00000, 0x0000000080b00000| Untracked 
|  11|0x0000000080b00000, 0x0000000080c00000, 0x0000000080c00000|100%| O|  |TAMS 0x0000000080c00000, 0x0000000080c00000| Untracked 
|  12|0x0000000080c00000, 0x0000000080d00000, 0x0000000080d00000|100%| O|  |TAMS 0x0000000080d00000, 0x0000000080d00000| Untracked 
|  13|0x0000000080d00000, 0x0000000080e00000, 0x0000000080e00000|100%| O|  |TAMS 0x0000000080e00000, 0x0000000080e00000| Untracked 
|  14|0x0000000080e00000, 0x0000000080f00000, 0x0000000080f00000|100%| O|  |TAMS 0x0000000080f00000, 0x0000000080f00000| Untracked 
|  15|0x0000000080f00000, 0x0000000081000000, 0x0000000081000000|100%| O|  |TAMS 0x0000000081000000, 0x0000000081000000| Untracked 
|  16|0x0000000081000000, 0x0000000081100000, 0x0000000081100000|100%| O|  |TAMS 0x0000000081100000, 0x0000000081100000| Untracked 
|  17|0x0000000081100000, 0x0000000081200000, 0x0000000081200000|100%| O|  |TAMS 0x0000000081200000, 0x0000000081200000| Untracked 
|  18|0x0000000081200000, 0x0000000081300000, 0x0000000081300000|100%| O|  |TAMS 0x0000000081300000, 0x0000000081300000| Untracked 
|  19|0x0000000081300000, 0x0000000081400000, 0x0000000081400000|100%| O|  |TAMS 0x0000000081400000, 0x0000000081400000| Untracked 
|  20|0x0000000081400000, 0x0000000081500000, 0x0000000081500000|100%| O|  |TAMS 0x0000000081500000, 0x0000000081500000| Untracked 
|  21|0x0000000081500000, 0x0000000081600000, 0x0000000081600000|100%| O|  |TAMS 0x0000000081600000, 0x0000000081600000| Untracked 
|  22|0x0000000081600000, 0x0000000081700000, 0x0000000081700000|100%| O|  |TAMS 0x0000000081700000, 0x0000000081700000| Untracked 
|  23|0x0000000081700000, 0x0000000081800000, 0x0000000081800000|100%| O|  |TAMS 0x0000000081800000, 0x0000000081800000| Untracked 
|  24|0x0000000081800000, 0x0000000081900000, 0x0000000081900000|100%| O|  |TAMS 0x0000000081900000, 0x0000000081900000| Untracked 
|  25|0x0000000081900000, 0x0000000081a00000, 0x0000000081a00000|100%| O|  |TAMS 0x0000000081a00000, 0x0000000081a00000| Untracked 
|  26|0x0000000081a00000, 0x0000000081b00000, 0x0000000081b00000|100%| O|  |TAMS 0x0000000081b00000, 0x0000000081b00000| Untracked 
|  27|0x0000000081b00000, 0x0000000081c00000, 0x0000000081c00000|100%|HS|  |TAMS 0x0000000081c00000, 0x0000000081c00000| Complete 
|  28|0x0000000081c00000, 0x0000000081d00000, 0x0000000081d00000|100%| O|  |TAMS 0x0000000081d00000, 0x0000000081d00000| Untracked 
|  29|0x0000000081d00000, 0x0000000081e00000, 0x0000000081e00000|100%| O|  |TAMS 0x0000000081e00000, 0x0000000081e00000| Untracked 
|  30|0x0000000081e00000, 0x0000000081f00000, 0x0000000081f00000|100%| O|  |TAMS 0x0000000081f00000, 0x0000000081f00000| Untracked 
|  31|0x0000000081f00000, 0x0000000082000000, 0x0000000082000000|100%| O|  |TAMS 0x0000000082000000, 0x0000000082000000| Untracked 
|  32|0x0000000082000000, 0x0000000082100000, 0x0000000082100000|100%| O|  |TAMS 0x0000000082100000, 0x0000000082100000| Untracked 
|  33|0x0000000082100000, 0x0000000082200000, 0x0000000082200000|100%| O|  |TAMS 0x0000000082200000, 0x0000000082200000| Untracked 
|  34|0x0000000082200000, 0x0000000082300000, 0x0000000082300000|100%| O|  |TAMS 0x0000000082300000, 0x0000000082300000| Untracked 
|  35|0x0000000082300000, 0x0000000082400000, 0x0000000082400000|100%|HS|  |TAMS 0x0000000082400000, 0x0000000082400000| Complete 
|  36|0x0000000082400000, 0x0000000082500000, 0x0000000082500000|100%|HC|  |TAMS 0x0000000082500000, 0x0000000082500000| Complete 
|  37|0x0000000082500000, 0x0000000082600000, 0x0000000082600000|100%|HC|  |TAMS 0x0000000082600000, 0x0000000082600000| Complete 
|  38|0x0000000082600000, 0x0000000082700000, 0x0000000082700000|100%| O|  |TAMS 0x0000000082700000, 0x0000000082700000| Untracked 
|  39|0x0000000082700000, 0x0000000082800000, 0x0000000082800000|100%| O|  |TAMS 0x0000000082800000, 0x0000000082800000| Untracked 
|  40|0x0000000082800000, 0x0000000082900000, 0x0000000082900000|100%| O|  |TAMS 0x0000000082900000, 0x0000000082900000| Untracked 
|  41|0x0000000082900000, 0x0000000082a00000, 0x0000000082a00000|100%| O|  |TAMS 0x0000000082a00000, 0x0000000082a00000| Untracked 
|  42|0x0000000082a00000, 0x0000000082b00000, 0x0000000082b00000|100%| O|  |TAMS 0x0000000082b00000, 0x0000000082b00000| Untracked 
|  43|0x0000000082b00000, 0x0000000082c00000, 0x0000000082c00000|100%| O|  |TAMS 0x0000000082c00000, 0x0000000082c00000| Untracked 
|  44|0x0000000082c00000, 0x0000000082d00000, 0x0000000082d00000|100%| O|  |TAMS 0x0000000082d00000, 0x0000000082d00000| Untracked 
|  45|0x0000000082d00000, 0x0000000082e00000, 0x0000000082e00000|100%| O|  |TAMS 0x0000000082e00000, 0x0000000082e00000| Untracked 
|  46|0x0000000082e00000, 0x0000000082f00000, 0x0000000082f00000|100%| O|  |TAMS 0x0000000082f00000, 0x0000000082f00000| Untracked 
|  47|0x0000000082f00000, 0x0000000083000000, 0x0000000083000000|100%| O|  |TAMS 0x0000000083000000, 0x0000000083000000| Untracked 
|  48|0x0000000083000000, 0x0000000083100000, 0x0000000083100000|100%| O|  |TAMS 0x0000000083100000, 0x0000000083100000| Untracked 
|  49|0x0000000083100000, 0x0000000083200000, 0x0000000083200000|100%| O|  |TAMS 0x0000000083200000, 0x0000000083200000| Untracked 
|  50|0x0000000083200000, 0x0000000083300000, 0x0000000083300000|100%| O|  |TAMS 0x0000000083300000, 0x0000000083300000| Untracked 
|  51|0x0000000083300000, 0x0000000083400000, 0x0000000083400000|100%| O|  |TAMS 0x00000000833a2a00, 0x0000000083400000| Untracked 
|  52|0x0000000083400000, 0x0000000083500000, 0x0000000083500000|100%| O|  |TAMS 0x0000000083400000, 0x0000000083500000| Untracked 
|  53|0x0000000083500000, 0x0000000083600000, 0x0000000083600000|100%| O|  |TAMS 0x0000000083500000, 0x0000000083600000| Untracked 
|  54|0x0000000083600000, 0x0000000083700000, 0x0000000083700000|100%|HS|  |TAMS 0x0000000083600000, 0x0000000083700000| Complete 
|  55|0x0000000083700000, 0x0000000083800000, 0x0000000083800000|100%|HS|  |TAMS 0x0000000083700000, 0x0000000083800000| Complete 
|  56|0x0000000083800000, 0x0000000083900000, 0x0000000083900000|100%| O|  |TAMS 0x0000000083800000, 0x000000008388fc00| Untracked 
|  57|0x0000000083900000, 0x0000000083a00000, 0x0000000083a00000|100%| O|  |TAMS 0x0000000083900000, 0x0000000083900000| Untracked 
|  58|0x0000000083a00000, 0x0000000083b00000, 0x0000000083b00000|100%| O|  |TAMS 0x0000000083a00000, 0x0000000083a00000| Untracked 
|  59|0x0000000083b00000, 0x0000000083b96e00, 0x0000000083c00000| 58%| O|  |TAMS 0x0000000083b00000, 0x0000000083b00000| Untracked 
|  60|0x0000000083c00000, 0x0000000083d00000, 0x0000000083d00000|100%|HS|  |TAMS 0x0000000083c00000, 0x0000000083c00000| Complete 
|  61|0x0000000083d00000, 0x0000000083d00000, 0x0000000083e00000|  0%| F|  |TAMS 0x0000000083d00000, 0x0000000083d00000| Untracked 
|  62|0x0000000083e00000, 0x0000000083e00000, 0x0000000083f00000|  0%| F|  |TAMS 0x0000000083e00000, 0x0000000083e00000| Untracked 
|  63|0x0000000083f00000, 0x0000000083f00000, 0x0000000084000000|  0%| F|  |TAMS 0x0000000083f00000, 0x0000000083f00000| Untracked 
|  64|0x0000000084000000, 0x0000000084000000, 0x0000000084100000|  0%| F|  |TAMS 0x0000000084000000, 0x0000000084000000| Untracked 
|  65|0x0000000084100000, 0x0000000084100000, 0x0000000084200000|  0%| F|  |TAMS 0x0000000084100000, 0x0000000084100000| Untracked 
|  66|0x0000000084200000, 0x0000000084200000, 0x0000000084300000|  0%| F|  |TAMS 0x0000000084200000, 0x0000000084200000| Untracked 
|  67|0x0000000084300000, 0x0000000084300000, 0x0000000084400000|  0%| F|  |TAMS 0x0000000084300000, 0x0000000084300000| Untracked 
|  68|0x0000000084400000, 0x0000000084400000, 0x0000000084500000|  0%| F|  |TAMS 0x0000000084400000, 0x0000000084400000| Untracked 
|  69|0x0000000084500000, 0x0000000084500000, 0x0000000084600000|  0%| F|  |TAMS 0x0000000084500000, 0x0000000084500000| Untracked 
|  70|0x0000000084600000, 0x0000000084600000, 0x0000000084700000|  0%| F|  |TAMS 0x0000000084600000, 0x0000000084600000| Untracked 
|  71|0x0000000084700000, 0x0000000084700000, 0x0000000084800000|  0%| F|  |TAMS 0x0000000084700000, 0x0000000084700000| Untracked 
|  72|0x0000000084800000, 0x0000000084800000, 0x0000000084900000|  0%| F|  |TAMS 0x0000000084800000, 0x0000000084800000| Untracked 
|  73|0x0000000084900000, 0x0000000084900000, 0x0000000084a00000|  0%| F|  |TAMS 0x0000000084900000, 0x0000000084900000| Untracked 
|  74|0x0000000084a00000, 0x0000000084a00000, 0x0000000084b00000|  0%| F|  |TAMS 0x0000000084a00000, 0x0000000084a00000| Untracked 
|  75|0x0000000084b00000, 0x0000000084b00000, 0x0000000084c00000|  0%| F|  |TAMS 0x0000000084b00000, 0x0000000084b00000| Untracked 
|  76|0x0000000084c00000, 0x0000000084c00000, 0x0000000084d00000|  0%| F|  |TAMS 0x0000000084c00000, 0x0000000084c00000| Untracked 
|  77|0x0000000084d00000, 0x0000000084d00000, 0x0000000084e00000|  0%| F|  |TAMS 0x0000000084d00000, 0x0000000084d00000| Untracked 
|  78|0x0000000084e00000, 0x0000000084e00000, 0x0000000084f00000|  0%| F|  |TAMS 0x0000000084e00000, 0x0000000084e00000| Untracked 
|  79|0x0000000084f00000, 0x0000000084f00000, 0x0000000085000000|  0%| F|  |TAMS 0x0000000084f00000, 0x0000000084f00000| Untracked 
|  80|0x0000000085000000, 0x0000000085000000, 0x0000000085100000|  0%| F|  |TAMS 0x0000000085000000, 0x0000000085000000| Untracked 
|  81|0x0000000085100000, 0x0000000085100000, 0x0000000085200000|  0%| F|  |TAMS 0x0000000085100000, 0x0000000085100000| Untracked 
|  82|0x0000000085200000, 0x0000000085200000, 0x0000000085300000|  0%| F|  |TAMS 0x0000000085200000, 0x0000000085200000| Untracked 
|  83|0x0000000085300000, 0x0000000085300000, 0x0000000085400000|  0%| F|  |TAMS 0x0000000085300000, 0x0000000085300000| Untracked 
|  84|0x0000000085400000, 0x0000000085400000, 0x0000000085500000|  0%| F|  |TAMS 0x0000000085400000, 0x0000000085400000| Untracked 
|  85|0x0000000085500000, 0x0000000085500000, 0x0000000085600000|  0%| F|  |TAMS 0x0000000085500000, 0x0000000085500000| Untracked 
|  86|0x0000000085600000, 0x0000000085600000, 0x0000000085700000|  0%| F|  |TAMS 0x0000000085600000, 0x0000000085600000| Untracked 
|  87|0x0000000085700000, 0x0000000085700000, 0x0000000085800000|  0%| F|  |TAMS 0x0000000085700000, 0x0000000085700000| Untracked 
|  88|0x0000000085800000, 0x0000000085800000, 0x0000000085900000|  0%| F|  |TAMS 0x0000000085800000, 0x0000000085800000| Untracked 
|  89|0x0000000085900000, 0x0000000085900000, 0x0000000085a00000|  0%| F|  |TAMS 0x0000000085900000, 0x0000000085900000| Untracked 
|  90|0x0000000085a00000, 0x0000000085a00000, 0x0000000085b00000|  0%| F|  |TAMS 0x0000000085a00000, 0x0000000085a00000| Untracked 
|  91|0x0000000085b00000, 0x0000000085b00000, 0x0000000085c00000|  0%| F|  |TAMS 0x0000000085b00000, 0x0000000085b00000| Untracked 
|  92|0x0000000085c00000, 0x0000000085c00000, 0x0000000085d00000|  0%| F|  |TAMS 0x0000000085c00000, 0x0000000085c00000| Untracked 
|  93|0x0000000085d00000, 0x0000000085d00000, 0x0000000085e00000|  0%| F|  |TAMS 0x0000000085d00000, 0x0000000085d00000| Untracked 
|  94|0x0000000085e00000, 0x0000000085e00000, 0x0000000085f00000|  0%| F|  |TAMS 0x0000000085e00000, 0x0000000085e00000| Untracked 
|  95|0x0000000085f00000, 0x0000000085f00000, 0x0000000086000000|  0%| F|  |TAMS 0x0000000085f00000, 0x0000000085f00000| Untracked 
|  96|0x0000000086000000, 0x0000000086000000, 0x0000000086100000|  0%| F|  |TAMS 0x0000000086000000, 0x0000000086000000| Untracked 
|  97|0x0000000086100000, 0x0000000086100000, 0x0000000086200000|  0%| F|  |TAMS 0x0000000086100000, 0x0000000086100000| Untracked 
|  98|0x0000000086200000, 0x0000000086200000, 0x0000000086300000|  0%| F|  |TAMS 0x0000000086200000, 0x0000000086200000| Untracked 
|  99|0x0000000086300000, 0x0000000086300000, 0x0000000086400000|  0%| F|  |TAMS 0x0000000086300000, 0x0000000086300000| Untracked 
| 100|0x0000000086400000, 0x0000000086459950, 0x0000000086500000| 34%| S|CS|TAMS 0x0000000086400000, 0x0000000086400000| Complete 
| 101|0x0000000086500000, 0x0000000086600000, 0x0000000086600000|100%| S|CS|TAMS 0x0000000086500000, 0x0000000086500000| Complete 
| 102|0x0000000086600000, 0x000000008666c228, 0x0000000086700000| 42%| E|  |TAMS 0x0000000086600000, 0x0000000086600000| Complete 
| 127|0x0000000087f00000, 0x0000000088000000, 0x0000000088000000|100%| E|CS|TAMS 0x0000000087f00000, 0x0000000087f00000| Complete 

Card table byte_map: [0x000001d5726f0000,0x000001d572af0000] _byte_map_base: 0x000001d5722f0000

Marking Bits (Prev, Next): (CMBitMap*) 0x000001d56a85ddb0, (CMBitMap*) 0x000001d56a85dd70
 Prev Bits: [0x000001d574ef0000, 0x000001d576ef0000)
 Next Bits: [0x000001d572ef0000, 0x000001d574ef0000)

Polling page: 0x000001d568810000

Metaspace:

Usage:
  Non-class:     52.82 MB used.
      Class:      8.56 MB used.
       Both:     61.38 MB used.

Virtual space:
  Non-class space:       56.00 MB reserved,      53.19 MB ( 95%) committed,  7 nodes.
      Class space:      412.00 MB reserved,       8.81 MB (  2%) committed,  1 nodes.
             Both:      468.00 MB reserved,      62.00 MB ( 13%) committed. 

Chunk freelists:
   Non-Class:  2.72 MB
       Class:  3.13 MB
        Both:  5.85 MB

MaxMetaspaceSize: 512.00 MB
CompressedClassSpaceSize: 412.00 MB
Initial GC threshold: 21.00 MB
Current GC threshold: 98.88 MB
CDS: on
MetaspaceReclaimPolicy: balanced
 - commit_granule_bytes: 65536.
 - commit_granule_words: 8192.
 - virtual_space_node_default_size: 1048576.
 - enlarge_chunks_in_place: 1.
 - new_chunks_are_fully_committed: 0.
 - uncommit_free_chunks: 1.
 - use_allocation_guard: 0.
 - handle_deallocations: 1.


Internal statistics:

num_allocs_failed_limit: 6.
num_arena_births: 726.
num_arena_deaths: 0.
num_vsnodes_births: 8.
num_vsnodes_deaths: 0.
num_space_committed: 992.
num_space_uncommitted: 0.
num_chunks_returned_to_freelist: 6.
num_chunks_taken_from_freelist: 3229.
num_chunk_merges: 6.
num_chunk_splits: 2176.
num_chunks_enlarged: 1478.
num_purges: 0.
num_inconsistent_stats: 0.

CodeHeap 'non-profiled nmethods': size=120000Kb used=4161Kb max_used=4161Kb free=115839Kb
 bounds [0x000001d507ad0000, 0x000001d507ef0000, 0x000001d50f000000]
CodeHeap 'profiled nmethods': size=120000Kb used=14931Kb max_used=14931Kb free=105069Kb
 bounds [0x000001d500000000, 0x000001d500ea0000, 0x000001d507530000]
CodeHeap 'non-nmethods': size=5760Kb used=2371Kb max_used=2410Kb free=3389Kb
 bounds [0x000001d507530000, 0x000001d5077a0000, 0x000001d507ad0000]
 total_blobs=8406 nmethods=7508 adapters=809
 compilation: enabled
              stopped_count=0, restarted_count=0
 full_count=0

Compilation events (20 events):
Event: 37.520 Thread 0x000001d5793a7290 8325       4       org.gradle.internal.service.DefaultServiceRegistry$SingletonService::get (5 bytes)
Event: 37.524 Thread 0x000001d5793abde0 nmethod 8324 0x000001d500e89390 code [0x000001d500e89900, 0x000001d500e8c588]
Event: 37.578 Thread 0x000001d5793abde0 8327       3       java.lang.reflect.ProxyGenerator::collectCompatibleTypes (93 bytes)
Event: 37.579 Thread 0x000001d5793abde0 nmethod 8327 0x000001d500e8d110 code [0x000001d500e8d300, 0x000001d500e8d808]
Event: 37.579 Thread 0x000001d5793abde0 8328       3       java.lang.String::substring (58 bytes)
Event: 37.579 Thread 0x000001d5793abde0 nmethod 8328 0x000001d500e8da90 code [0x000001d500e8dc80, 0x000001d500e8e128]
Event: 37.582 Thread 0x000001d5793abde0 8330       3       com.google.common.reflect.Types$JavaVersion$4::usedInGenericType (8 bytes)
Event: 37.582 Thread 0x000001d5793abde0 nmethod 8330 0x000001d500e8e310 code [0x000001d500e8e4e0, 0x000001d500e8e928]
Event: 37.582 Thread 0x000001d5793abde0 8331       3       com.google.common.reflect.Types$JavaVersion$3::usedInGenericType (8 bytes)
Event: 37.583 Thread 0x000001d5793abde0 nmethod 8331 0x000001d500e8ea90 code [0x000001d500e8ec60, 0x000001d500e8f048]
Event: 37.583 Thread 0x000001d5793abde0 8332       3       jdk.internal.reflect.ByteVectorImpl::resize (44 bytes)
Event: 37.583 Thread 0x000001d5793abde0 nmethod 8332 0x000001d500e8f190 code [0x000001d500e8f340, 0x000001d500e8f628]
Event: 37.584 Thread 0x000001d5793abde0 8333       3       java.security.ProtectionDomain::<init> (98 bytes)
Event: 37.585 Thread 0x000001d5793abde0 nmethod 8333 0x000001d500e8f710 code [0x000001d500e8f920, 0x000001d500e90408]
Event: 37.588 Thread 0x000001d5793abde0 8335       3       org.gradle.internal.instantiation.generator.ManagedObjectFactory::displayNameFor (73 bytes)
Event: 37.595 Thread 0x000001d5793abde0 nmethod 8335 0x000001d500e90690 code [0x000001d500e909c0, 0x000001d500e91e68]
Event: 37.745 Thread 0x000001d57abaf3d0 nmethod 8267% 0x000001d507ed6810 code [0x000001d507ed6ca0, 0x000001d507edcb00]
Event: 37.746 Thread 0x000001d57abaf3d0 8329       4       sun.reflect.generics.parser.SignatureParser::parseFieldTypeSignature (73 bytes)
Event: 37.881 Thread 0x000001d5793abde0 8336       3       java.util.zip.ZipEntry::setExtra0 (493 bytes)
Event: 37.884 Thread 0x000001d5793abde0 nmethod 8336 0x000001d500e92510 code [0x000001d500e928c0, 0x000001d500e94578]

GC Heap History (20 events):
Event: 31.870 GC heap before
{Heap before GC invocations=19 (full 0):
 garbage-first heap   total 83968K, used 67101K [0x0000000080000000, 0x0000000100000000)
  region size 1024K, 22 young (22528K), 2 survivors (2048K)
 Metaspace       used 53195K, committed 53824K, reserved 471040K
  class space    used 7438K, committed 7744K, reserved 421888K
}
Event: 31.878 GC heap after
{Heap after GC invocations=20 (full 0):
 garbage-first heap   total 83968K, used 48059K [0x0000000080000000, 0x0000000100000000)
  region size 1024K, 3 young (3072K), 3 survivors (3072K)
 Metaspace       used 53195K, committed 53824K, reserved 471040K
  class space    used 7438K, committed 7744K, reserved 421888K
}
Event: 31.926 GC heap before
{Heap before GC invocations=20 (full 0):
 garbage-first heap   total 83968K, used 49083K [0x0000000080000000, 0x0000000100000000)
  region size 1024K, 4 young (4096K), 3 survivors (3072K)
 Metaspace       used 53297K, committed 53888K, reserved 471040K
  class space    used 7458K, committed 7744K, reserved 421888K
}
Event: 31.931 GC heap after
{Heap after GC invocations=21 (full 0):
 garbage-first heap   total 83968K, used 48284K [0x0000000080000000, 0x0000000100000000)
  region size 1024K, 1 young (1024K), 1 survivors (1024K)
 Metaspace       used 53297K, committed 53888K, reserved 471040K
  class space    used 7458K, committed 7744K, reserved 421888K
}
Event: 32.814 GC heap before
{Heap before GC invocations=21 (full 0):
 garbage-first heap   total 83968K, used 68764K [0x0000000080000000, 0x0000000100000000)
  region size 1024K, 21 young (21504K), 1 survivors (1024K)
 Metaspace       used 54654K, committed 55232K, reserved 471040K
  class space    used 7675K, committed 7936K, reserved 421888K
}
Event: 32.819 GC heap after
{Heap after GC invocations=22 (full 0):
 garbage-first heap   total 83968K, used 49611K [0x0000000080000000, 0x0000000100000000)
  region size 1024K, 2 young (2048K), 2 survivors (2048K)
 Metaspace       used 54654K, committed 55232K, reserved 471040K
  class space    used 7675K, committed 7936K, reserved 421888K
}
Event: 34.343 GC heap before
{Heap before GC invocations=23 (full 0):
 garbage-first heap   total 89088K, used 69067K [0x0000000080000000, 0x0000000100000000)
  region size 1024K, 21 young (21504K), 2 survivors (2048K)
 Metaspace       used 55984K, committed 56576K, reserved 471040K
  class space    used 7843K, committed 8128K, reserved 421888K
}
Event: 34.350 GC heap after
{Heap after GC invocations=24 (full 0):
 garbage-first heap   total 89088K, used 51187K [0x0000000080000000, 0x0000000100000000)
  region size 1024K, 2 young (2048K), 2 survivors (2048K)
 Metaspace       used 55984K, committed 56576K, reserved 471040K
  class space    used 7843K, committed 8128K, reserved 421888K
}
Event: 34.409 GC heap before
{Heap before GC invocations=24 (full 0):
 garbage-first heap   total 89088K, used 53235K [0x0000000080000000, 0x0000000100000000)
  region size 1024K, 4 young (4096K), 2 survivors (2048K)
 Metaspace       used 56123K, committed 56640K, reserved 471040K
  class space    used 7865K, committed 8128K, reserved 421888K
}
Event: 34.420 GC heap after
{Heap after GC invocations=25 (full 0):
 garbage-first heap   total 89088K, used 50860K [0x0000000080000000, 0x0000000100000000)
  region size 1024K, 1 young (1024K), 1 survivors (1024K)
 Metaspace       used 56123K, committed 56640K, reserved 471040K
  class space    used 7865K, committed 8128K, reserved 421888K
}
Event: 35.401 GC heap before
{Heap before GC invocations=25 (full 0):
 garbage-first heap   total 89088K, used 72364K [0x0000000080000000, 0x0000000100000000)
  region size 1024K, 23 young (23552K), 1 survivors (1024K)
 Metaspace       used 58294K, committed 58880K, reserved 479232K
  class space    used 8194K, committed 8448K, reserved 421888K
}
Event: 35.408 GC heap after
{Heap after GC invocations=26 (full 0):
 garbage-first heap   total 89088K, used 52995K [0x0000000080000000, 0x0000000100000000)
  region size 1024K, 3 young (3072K), 3 survivors (3072K)
 Metaspace       used 58294K, committed 58880K, reserved 479232K
  class space    used 8194K, committed 8448K, reserved 421888K
}
Event: 36.347 GC heap before
{Heap before GC invocations=27 (full 0):
 garbage-first heap   total 94208K, used 72451K [0x0000000080000000, 0x0000000100000000)
  region size 1024K, 22 young (22528K), 3 survivors (3072K)
 Metaspace       used 59912K, committed 60544K, reserved 479232K
  class space    used 8399K, committed 8704K, reserved 421888K
}
Event: 36.356 GC heap after
{Heap after GC invocations=28 (full 0):
 garbage-first heap   total 94208K, used 54922K [0x0000000080000000, 0x0000000100000000)
  region size 1024K, 2 young (2048K), 2 survivors (2048K)
 Metaspace       used 59912K, committed 60544K, reserved 479232K
  class space    used 8399K, committed 8704K, reserved 421888K
}
Event: 36.689 GC heap before
{Heap before GC invocations=28 (full 0):
 garbage-first heap   total 94208K, used 64138K [0x0000000080000000, 0x0000000100000000)
  region size 1024K, 12 young (12288K), 2 survivors (2048K)
 Metaspace       used 59996K, committed 60608K, reserved 479232K
  class space    used 8403K, committed 8704K, reserved 421888K
}
Event: 36.695 GC heap after
{Heap after GC invocations=29 (full 0):
 garbage-first heap   total 94208K, used 55557K [0x0000000080000000, 0x0000000100000000)
  region size 1024K, 1 young (1024K), 1 survivors (1024K)
 Metaspace       used 59996K, committed 60608K, reserved 479232K
  class space    used 8403K, committed 8704K, reserved 421888K
}
Event: 37.589 GC heap before
{Heap before GC invocations=30 (full 0):
 garbage-first heap   total 106496K, used 79109K [0x0000000080000000, 0x0000000100000000)
  region size 1024K, 23 young (23552K), 1 survivors (1024K)
 Metaspace       used 62601K, committed 63168K, reserved 479232K
  class space    used 8747K, committed 9024K, reserved 421888K
}
Event: 37.595 GC heap after
{Heap after GC invocations=31 (full 0):
 garbage-first heap   total 106496K, used 60991K [0x0000000080000000, 0x0000000100000000)
  region size 1024K, 3 young (3072K), 3 survivors (3072K)
 Metaspace       used 62601K, committed 63168K, reserved 479232K
  class space    used 8747K, committed 9024K, reserved 421888K
}
Event: 37.887 GC heap before
{Heap before GC invocations=31 (full 0):
 garbage-first heap   total 106496K, used 60991K [0x0000000080000000, 0x0000000100000000)
  region size 1024K, 5 young (5120K), 3 survivors (3072K)
 Metaspace       used 62753K, committed 63360K, reserved 479232K
  class space    used 8752K, committed 9024K, reserved 421888K
}
Event: 37.890 GC heap after
{Heap after GC invocations=32 (full 0):
 garbage-first heap   total 106496K, used 62401K [0x0000000080000000, 0x0000000100000000)
  region size 1024K, 2 young (2048K), 2 survivors (2048K)
 Metaspace       used 62753K, committed 63360K, reserved 479232K
  class space    used 8752K, committed 9024K, reserved 421888K
}

Dll operation events (12 events):
Event: 0.020 Loaded shared library C:\Program Files\Eclipse Adoptium\jdk-17.0.6.10-hotspot\bin\java.dll
Event: 0.055 Loaded shared library C:\Program Files\Eclipse Adoptium\jdk-17.0.6.10-hotspot\bin\jsvml.dll
Event: 0.175 Loaded shared library C:\Program Files\Eclipse Adoptium\jdk-17.0.6.10-hotspot\bin\net.dll
Event: 0.184 Loaded shared library C:\Program Files\Eclipse Adoptium\jdk-17.0.6.10-hotspot\bin\nio.dll
Event: 0.191 Loaded shared library C:\Program Files\Eclipse Adoptium\jdk-17.0.6.10-hotspot\bin\zip.dll
Event: 0.714 Loaded shared library C:\Program Files\Eclipse Adoptium\jdk-17.0.6.10-hotspot\bin\jimage.dll
Event: 0.871 Loaded shared library C:\Program Files\Eclipse Adoptium\jdk-17.0.6.10-hotspot\bin\verify.dll
Event: 1.200 Loaded shared library C:\Users\hp\.gradle\native\e1d6ef7f7dcc3fd88c89a11ec53ec762bb8ba0a96d01ffa2cd45eb1d1d8dd5c5\windows-amd64\native-platform.dll
Event: 1.208 Loaded shared library C:\Users\hp\.gradle\native\0d407fdbe67a94daf76414ababcb853783967236a71b16ec16e742cd7a986fd3\windows-amd64\native-platform-file-events.dll
Event: 4.212 Loaded shared library C:\Program Files\Eclipse Adoptium\jdk-17.0.6.10-hotspot\bin\management.dll
Event: 4.217 Loaded shared library C:\Program Files\Eclipse Adoptium\jdk-17.0.6.10-hotspot\bin\management_ext.dll
Event: 5.360 Loaded shared library C:\Program Files\Eclipse Adoptium\jdk-17.0.6.10-hotspot\bin\sunmscapi.dll

Deoptimization events (20 events):
Event: 37.273 Thread 0x000001d57cf51010 DEOPT PACKING pc=0x000001d507b8a56c sp=0x0000001231cf4f00
Event: 37.273 Thread 0x000001d57cf51010 DEOPT UNPACKING pc=0x000001d5075869a3 sp=0x0000001231cf4d20 mode 2
Event: 37.273 Thread 0x000001d57cf51010 Uncommon trap: trap_request=0xffffff45 fr.pc=0x000001d507b0c8d8 relative=0x0000000000000138
Event: 37.273 Thread 0x000001d57cf51010 Uncommon trap: reason=unstable_if action=reinterpret pc=0x000001d507b0c8d8 method=java.lang.AbstractStringBuilder.putStringAt(ILjava/lang/String;II)V @ 8 c2
Event: 37.273 Thread 0x000001d57cf51010 DEOPT PACKING pc=0x000001d507b0c8d8 sp=0x0000001231cf4df0
Event: 37.273 Thread 0x000001d57cf51010 DEOPT UNPACKING pc=0x000001d5075869a3 sp=0x0000001231cf4db8 mode 2
Event: 37.455 Thread 0x000001d57cf51010 Uncommon trap: trap_request=0xffffff45 fr.pc=0x000001d507e81650 relative=0x00000000000010f0
Event: 37.455 Thread 0x000001d57cf51010 Uncommon trap: reason=unstable_if action=reinterpret pc=0x000001d507e81650 method=sun.reflect.annotation.AnnotationInvocationHandler.invoke(Ljava/lang/Object;Ljava/lang/reflect/Method;[Ljava/lang/Object;)Ljava/lang/Object; @ 164 c2
Event: 37.455 Thread 0x000001d57cf51010 DEOPT PACKING pc=0x000001d507e81650 sp=0x0000001231cf6540
Event: 37.455 Thread 0x000001d57cf51010 DEOPT UNPACKING pc=0x000001d5075869a3 sp=0x0000001231cf6518 mode 2
Event: 37.513 Thread 0x000001d57cf51010 Uncommon trap: trap_request=0xffffffc6 fr.pc=0x000001d507d33044 relative=0x0000000000000b24
Event: 37.513 Thread 0x000001d57cf51010 Uncommon trap: reason=bimorphic_or_optimized_type_check action=maybe_recompile pc=0x000001d507d33044 method=java.io.BufferedInputStream.read1([BII)I @ 39 c2
Event: 37.513 Thread 0x000001d57cf51010 DEOPT PACKING pc=0x000001d507d33044 sp=0x0000001231cf6db0
Event: 37.513 Thread 0x000001d57cf51010 DEOPT UNPACKING pc=0x000001d5075869a3 sp=0x0000001231cf6cc8 mode 2
Event: 37.514 Thread 0x000001d57cf51010 Uncommon trap: trap_request=0xffffffc6 fr.pc=0x000001d507d31c1c relative=0x00000000000001dc
Event: 37.514 Thread 0x000001d57cf51010 Uncommon trap: reason=bimorphic_or_optimized_type_check action=maybe_recompile pc=0x000001d507d31c1c method=java.io.BufferedInputStream.read1([BII)I @ 39 c2
Event: 37.514 Thread 0x000001d57cf51010 DEOPT PACKING pc=0x000001d507d31c1c sp=0x0000001231cf6d10
Event: 37.514 Thread 0x000001d57cf51010 DEOPT UNPACKING pc=0x000001d5075869a3 sp=0x0000001231cf6cb8 mode 2
Event: 37.895 Thread 0x000001d57cf51010 DEOPT PACKING pc=0x000001d500e69fe9 sp=0x0000001231cf52a0
Event: 37.895 Thread 0x000001d57cf51010 DEOPT UNPACKING pc=0x000001d507587143 sp=0x0000001231cf4820 mode 0

Classes unloaded (0 events):
No events

Classes redefined (0 events):
No events

Internal exceptions (20 events):
Event: 32.254 Thread 0x000001d57cf51010 Exception <a 'java/lang/ClassNotFoundException'{0x0000000084771440}: org/gradle/api/internal/DefaultNamedDomainObjectCollectionBeanInfo> (0x0000000084771440) 
thrown [s\src\hotspot\share\classfile\systemDictionary.cpp, line 256]
Event: 32.255 Thread 0x000001d57cf51010 Exception <a 'java/lang/ClassNotFoundException'{0x0000000084784f38}: org/gradle/api/internal/DefaultDomainObjectCollectionBeanInfo> (0x0000000084784f38) 
thrown [s\src\hotspot\share\classfile\systemDictionary.cpp, line 256]
Event: 32.256 Thread 0x000001d57cf51010 Exception <a 'java/lang/ClassNotFoundException'{0x0000000084798ab0}: org/gradle/api/internal/DefaultDomainObjectCollectionCustomizer> (0x0000000084798ab0) 
thrown [s\src\hotspot\share\classfile\systemDictionary.cpp, line 256]
Event: 32.260 Thread 0x000001d57cf51010 Exception <a 'java/lang/ClassNotFoundException'{0x00000000847ccc80}: org/gradle/api/internal/DefaultNamedDomainObjectCollectionCustomizer> (0x00000000847ccc80) 
thrown [s\src\hotspot\share\classfile\systemDictionary.cpp, line 256]
Event: 32.264 Thread 0x000001d57cf51010 Exception <a 'java/lang/ClassNotFoundException'{0x0000000084608368}: org/gradle/api/internal/DefaultNamedDomainObjectListCustomizer> (0x0000000084608368) 
thrown [s\src\hotspot\share\classfile\systemDictionary.cpp, line 256]
Event: 32.267 Thread 0x000001d57cf51010 Exception <a 'java/lang/ClassNotFoundException'{0x0000000084638208}: org/gradle/api/internal/artifacts/DefaultArtifactRepositoryContainerCustomizer> (0x0000000084638208) 
thrown [s\src\hotspot\share\classfile\systemDictionary.cpp, line 256]
Event: 32.269 Thread 0x000001d57cf51010 Exception <a 'java/lang/ClassNotFoundException'{0x000000008465fce8}: org/gradle/api/internal/artifacts/dsl/DefaultRepositoryHandlerCustomizer> (0x000000008465fce8) 
thrown [s\src\hotspot\share\classfile\systemDictionary.cpp, line 256]
Event: 32.273 Thread 0x000001d57cf51010 Exception <a 'java/lang/ClassNotFoundException'{0x0000000084694fa8}: org/gradle/api/internal/artifacts/dsl/DefaultRepositoryHandler_DecoratedCustomizer> (0x0000000084694fa8) 
thrown [s\src\hotspot\share\classfile\systemDictionary.cpp, line 256]
Event: 32.320 Thread 0x000001d57cf51010 Exception <a 'java/lang/ClassNotFoundException'{0x0000000084529000}: org/gradle/api/internal/artifacts/dsl/dependencies/DefaultDependencyHandler_DecoratedBeanInfo> (0x0000000084529000) 
thrown [s\src\hotspot\share\classfile\systemDictionary.cpp, line 256]
Event: 32.321 Thread 0x000001d57cf51010 Exception <a 'java/lang/ClassNotFoundException'{0x000000008453e088}: org/gradle/api/internal/artifacts/dsl/dependencies/DefaultDependencyHandlerBeanInfo> (0x000000008453e088) 
thrown [s\src\hotspot\share\classfile\systemDictionary.cpp, line 256]
Event: 32.325 Thread 0x000001d57cf51010 Exception <a 'java/lang/ClassNotFoundException'{0x00000000845530d0}: org/gradle/api/internal/artifacts/dsl/dependencies/DefaultDependencyHandlerCustomizer> (0x00000000845530d0) 
thrown [s\src\hotspot\share\classfile\systemDictionary.cpp, line 256]
Event: 32.352 Thread 0x000001d57cf51010 Exception <a 'java/lang/ClassNotFoundException'{0x0000000084590e90}: org/gradle/api/internal/artifacts/dsl/dependencies/DefaultDependencyHandler_DecoratedCustomizer> (0x0000000084590e90) 
thrown [s\src\hotspot\share\classfile\systemDictionary.cpp, line 256]
Event: 32.619 Thread 0x000001d57cf51010 Exception <a 'java/lang/NoSuchMethodError'{0x00000000840ba228}: 'java.lang.Object java.lang.invoke.DirectMethodHandle$Holder.newInvokeSpecial(java.lang.Object, java.lang.Object, int)'> (0x00000000840ba228) 
thrown [s\src\hotspot\share\interpreter\linkResolver.cpp, line 759]
Event: 34.717 Thread 0x000001d57cf51010 Implicit null exception at 0x000001d507c9dccb to 0x000001d507c9dcf0
Event: 34.817 Thread 0x000001d57c831f40 Exception <a 'java/lang/NoSuchMethodError'{0x0000000084faca68}: 'java.lang.Object java.lang.invoke.Invokers$Holder.linkToTargetMethod(java.lang.Object, java.lang.Object, java.lang.Object, int, java.lang.Object, java.lang.Object)'> (0x0000000084faca68) 
thrown [s\src\hotspot\share\interpreter\linkResolver.cpp, line 759]
Event: 34.934 Thread 0x000001d57c831f40 Implicit null exception at 0x000001d507b15657 to 0x000001d507b157e4
Event: 34.948 Thread 0x000001d57c831f40 Exception <a 'java/lang/NoSuchMethodError'{0x0000000084c8c1f0}: 'int java.lang.invoke.DirectMethodHandle$Holder.invokeSpecial(java.lang.Object, java.lang.Object, java.lang.Object, java.lang.Object, java.lang.Object)'> (0x0000000084c8c1f0) 
thrown [s\src\hotspot\share\interpreter\linkResolver.cpp, line 759]
Event: 36.193 Thread 0x000001d57c82d710 Exception <a 'java/lang/NoSuchMethodError'{0x0000000084d282b8}: 'void java.lang.invoke.DirectMethodHandle$Holder.invokeInterface(java.lang.Object, java.lang.Object, java.lang.Object, java.lang.Object)'> (0x0000000084d282b8) 
thrown [s\src\hotspot\share\interpreter\linkResolver.cpp, line 759]
Event: 36.679 Thread 0x000001d57cf51010 Exception <a 'java/lang/ClassNotFoundException'{0x00000000853ec5a8}: build_88ee2s60e0gzqyiqa8smfs2c4BeanInfo> (0x00000000853ec5a8) 
thrown [s\src\hotspot\share\classfile\systemDictionary.cpp, line 256]
Event: 36.680 Thread 0x000001d57cf51010 Exception <a 'java/lang/ClassNotFoundException'{0x00000000853f3148}: build_88ee2s60e0gzqyiqa8smfs2c4Customizer> (0x00000000853f3148) 
thrown [s\src\hotspot\share\classfile\systemDictionary.cpp, line 256]

VM Operations (20 events):
Event: 36.154 Executing VM operation: HandshakeAllThreads
Event: 36.154 Executing VM operation: HandshakeAllThreads done
Event: 36.169 Executing VM operation: HandshakeAllThreads
Event: 36.170 Executing VM operation: HandshakeAllThreads done
Event: 36.194 Executing VM operation: ICBufferFull
Event: 36.194 Executing VM operation: ICBufferFull done
Event: 36.346 Executing VM operation: G1CollectForAllocation
Event: 36.358 Executing VM operation: G1CollectForAllocation done
Event: 36.689 Executing VM operation: G1TryInitiateConcMark
Event: 36.695 Executing VM operation: G1TryInitiateConcMark done
Event: 36.729 Executing VM operation: HandshakeAllThreads
Event: 36.729 Executing VM operation: HandshakeAllThreads done
Event: 36.864 Executing VM operation: G1Concurrent
Event: 36.870 Executing VM operation: G1Concurrent done
Event: 36.948 Executing VM operation: G1Concurrent
Event: 36.948 Executing VM operation: G1Concurrent done
Event: 37.589 Executing VM operation: G1CollectForAllocation
Event: 37.595 Executing VM operation: G1CollectForAllocation done
Event: 37.887 Executing VM operation: G1TryInitiateConcMark
Event: 37.890 Executing VM operation: G1TryInitiateConcMark done

Events (20 events):
Event: 37.425 loading class java/util/Currency
Event: 37.426 loading class java/util/Currency done
Event: 37.432 loading class java/util/concurrent/atomic/AtomicLongArray
Event: 37.433 loading class java/util/concurrent/atomic/AtomicLongArray done
Event: 37.457 loading class java/text/MessageFormat
Event: 37.474 loading class java/text/MessageFormat done
Event: 37.474 loading class java/text/MessageFormat$Field
Event: 37.474 loading class java/text/MessageFormat$Field done
Event: 37.476 loading class sun/reflect/generics/repository/FieldRepository
Event: 37.476 loading class sun/reflect/generics/repository/FieldRepository done
Event: 37.479 loading class jdk/internal/reflect/UnsafeBooleanFieldAccessorImpl
Event: 37.479 loading class jdk/internal/reflect/UnsafeBooleanFieldAccessorImpl done
Event: 37.479 loading class jdk/internal/reflect/UnsafeQualifiedBooleanFieldAccessorImpl
Event: 37.480 loading class jdk/internal/reflect/UnsafeQualifiedBooleanFieldAccessorImpl done
Event: 37.480 loading class jdk/internal/reflect/UnsafeIntegerFieldAccessorImpl
Event: 37.480 loading class jdk/internal/reflect/UnsafeIntegerFieldAccessorImpl done
Event: 37.615 loading class javax/xml/stream/XMLStreamException
Event: 37.615 loading class javax/xml/stream/XMLStreamException done
Event: 37.616 loading class org/xml/sax/InputSource
Event: 37.616 loading class org/xml/sax/InputSource done


Dynamic libraries:
0x00007ff6ae610000 - 0x00007ff6ae61e000 	C:\Program Files\Eclipse Adoptium\jdk-17.0.6.10-hotspot\bin\java.exe
0x00007ffaf3270000 - 0x00007ffaf3468000 	C:\Windows\SYSTEM32\ntdll.dll
0x00007ffaf2440000 - 0x00007ffaf24ff000 	C:\Windows\System32\KERNEL32.DLL
0x00007ffaf0c70000 - 0x00007ffaf0f66000 	C:\Windows\System32\KERNELBASE.dll
0x00007ffaf11d0000 - 0x00007ffaf12d0000 	C:\Windows\System32\ucrtbase.dll
0x00007ffac2a10000 - 0x00007ffac2a27000 	C:\Program Files\Eclipse Adoptium\jdk-17.0.6.10-hotspot\bin\jli.dll
0x00007ffaf2750000 - 0x00007ffaf28ed000 	C:\Windows\System32\USER32.dll
0x00007ffaf0950000 - 0x00007ffaf0972000 	C:\Windows\System32\win32u.dll
0x00007ffaf2f80000 - 0x00007ffaf2fac000 	C:\Windows\System32\GDI32.dll
0x00007ffaf10b0000 - 0x00007ffaf11c5000 	C:\Windows\System32\gdi32full.dll
0x00007ffaf0fa0000 - 0x00007ffaf103d000 	C:\Windows\System32\msvcp_win.dll
0x00007ffad75c0000 - 0x00007ffad75d9000 	C:\Program Files\Eclipse Adoptium\jdk-17.0.6.10-hotspot\bin\VCRUNTIME140.dll
0x00007ffadf0a0000 - 0x00007ffadf33a000 	C:\Windows\WinSxS\amd64_microsoft.windows.common-controls_6595b64144ccf1df_6.0.19041.1110_none_60b5254171f9507e\COMCTL32.dll
0x00007ffaf26b0000 - 0x00007ffaf274e000 	C:\Windows\System32\msvcrt.dll
0x00007ffaf2350000 - 0x00007ffaf2380000 	C:\Windows\System32\IMM32.DLL
0x00007ffad7720000 - 0x00007ffad772c000 	C:\Program Files\Eclipse Adoptium\jdk-17.0.6.10-hotspot\bin\vcruntime140_1.dll
0x00007ffa83450000 - 0x00007ffa834e1000 	C:\Program Files\Eclipse Adoptium\jdk-17.0.6.10-hotspot\bin\msvcp140.dll
0x00007ffa7a4c0000 - 0x00007ffa7b107000 	C:\Program Files\Eclipse Adoptium\jdk-17.0.6.10-hotspot\bin\server\jvm.dll
0x00007ffaf2500000 - 0x00007ffaf25af000 	C:\Windows\System32\ADVAPI32.dll
0x00007ffaf25b0000 - 0x00007ffaf264c000 	C:\Windows\System32\sechost.dll
0x00007ffaf1ca0000 - 0x00007ffaf1dc6000 	C:\Windows\System32\RPCRT4.dll
0x00007ffad1a60000 - 0x00007ffad1a69000 	C:\Windows\SYSTEM32\WSOCK32.dll
0x00007ffaf2fb0000 - 0x00007ffaf301b000 	C:\Windows\System32\WS2_32.dll
0x00007ffade0d0000 - 0x00007ffade0f7000 	C:\Windows\SYSTEM32\WINMM.dll
0x00007ffae95a0000 - 0x00007ffae95aa000 	C:\Windows\SYSTEM32\VERSION.dll
0x00007ffaee810000 - 0x00007ffaee822000 	C:\Windows\SYSTEM32\kernel.appcore.dll
0x00007ffacce80000 - 0x00007ffacce8a000 	C:\Program Files\Eclipse Adoptium\jdk-17.0.6.10-hotspot\bin\jimage.dll
0x00007ffada910000 - 0x00007ffadaaf4000 	C:\Windows\SYSTEM32\DBGHELP.DLL
0x00007ffadae40000 - 0x00007ffadae74000 	C:\Windows\SYSTEM32\dbgcore.DLL
0x00007ffaf0ae0000 - 0x00007ffaf0b62000 	C:\Windows\System32\bcryptPrimitives.dll
0x00007ffa91ff0000 - 0x00007ffa92015000 	C:\Program Files\Eclipse Adoptium\jdk-17.0.6.10-hotspot\bin\java.dll
0x00007ffa83010000 - 0x00007ffa830e6000 	C:\Program Files\Eclipse Adoptium\jdk-17.0.6.10-hotspot\bin\jsvml.dll
0x00007ffaf13c0000 - 0x00007ffaf1b04000 	C:\Windows\System32\SHELL32.dll
0x00007ffaeea10000 - 0x00007ffaef1a3000 	C:\Windows\SYSTEM32\windows.storage.dll
0x00007ffaf1e30000 - 0x00007ffaf2184000 	C:\Windows\System32\combase.dll
0x00007ffaf02d0000 - 0x00007ffaf02fe000 	C:\Windows\SYSTEM32\Wldp.dll
0x00007ffaf2380000 - 0x00007ffaf242d000 	C:\Windows\System32\SHCORE.dll
0x00007ffaf1b10000 - 0x00007ffaf1b65000 	C:\Windows\System32\shlwapi.dll
0x00007ffaf0890000 - 0x00007ffaf08af000 	C:\Windows\SYSTEM32\profapi.dll
0x00007ffa91fd0000 - 0x00007ffa91fe9000 	C:\Program Files\Eclipse Adoptium\jdk-17.0.6.10-hotspot\bin\net.dll
0x00007ffae8790000 - 0x00007ffae889a000 	C:\Windows\SYSTEM32\WINHTTP.dll
0x00007ffaf0030000 - 0x00007ffaf009a000 	C:\Windows\system32\mswsock.dll
0x00007ffa84840000 - 0x00007ffa84855000 	C:\Program Files\Eclipse Adoptium\jdk-17.0.6.10-hotspot\bin\nio.dll
0x00007ffa83430000 - 0x00007ffa83448000 	C:\Program Files\Eclipse Adoptium\jdk-17.0.6.10-hotspot\bin\zip.dll
0x00007ffad5a20000 - 0x00007ffad5a30000 	C:\Program Files\Eclipse Adoptium\jdk-17.0.6.10-hotspot\bin\verify.dll
0x00007ffad5e20000 - 0x00007ffad5e47000 	C:\Users\hp\.gradle\native\e1d6ef7f7dcc3fd88c89a11ec53ec762bb8ba0a96d01ffa2cd45eb1d1d8dd5c5\windows-amd64\native-platform.dll
0x00007ffad58d0000 - 0x00007ffad5a14000 	C:\Users\hp\.gradle\native\0d407fdbe67a94daf76414ababcb853783967236a71b16ec16e742cd7a986fd3\windows-amd64\native-platform-file-events.dll
0x00007ffa91fc0000 - 0x00007ffa91fc9000 	C:\Program Files\Eclipse Adoptium\jdk-17.0.6.10-hotspot\bin\management.dll
0x00007ffa8b550000 - 0x00007ffa8b55b000 	C:\Program Files\Eclipse Adoptium\jdk-17.0.6.10-hotspot\bin\management_ext.dll
0x00007ffaf2340000 - 0x00007ffaf2348000 	C:\Windows\System32\PSAPI.DLL
0x00007ffaf0220000 - 0x00007ffaf0238000 	C:\Windows\SYSTEM32\CRYPTSP.dll
0x00007ffaef950000 - 0x00007ffaef984000 	C:\Windows\system32\rsaenh.dll
0x00007ffaf0f70000 - 0x00007ffaf0f97000 	C:\Windows\System32\bcrypt.dll
0x00007ffaf0850000 - 0x00007ffaf087e000 	C:\Windows\SYSTEM32\USERENV.dll
0x00007ffaf0240000 - 0x00007ffaf024c000 	C:\Windows\SYSTEM32\CRYPTBASE.dll
0x00007ffaefd20000 - 0x00007ffaefd5c000 	C:\Windows\SYSTEM32\IPHLPAPI.DLL
0x00007ffaf2970000 - 0x00007ffaf2978000 	C:\Windows\System32\NSI.dll
0x00007ffae9500000 - 0x00007ffae9517000 	C:\Windows\SYSTEM32\dhcpcsvc6.DLL
0x00007ffaea200000 - 0x00007ffaea21d000 	C:\Windows\SYSTEM32\dhcpcsvc.DLL
0x00007ffaefd60000 - 0x00007ffaefe2b000 	C:\Windows\SYSTEM32\DNSAPI.dll
0x00007ffa84830000 - 0x00007ffa8483e000 	C:\Program Files\Eclipse Adoptium\jdk-17.0.6.10-hotspot\bin\sunmscapi.dll
0x00007ffaf0980000 - 0x00007ffaf0ade000 	C:\Windows\System32\CRYPT32.dll
0x00007ffaf0340000 - 0x00007ffaf0368000 	C:\Windows\SYSTEM32\ncrypt.dll
0x00007ffaf0300000 - 0x00007ffaf033b000 	C:\Windows\SYSTEM32\NTASN1.dll
0x00007ffacf2c0000 - 0x00007ffacf2c7000 	C:\Windows\system32\wshunix.dll

dbghelp: loaded successfully - version: 4.0.5 - missing functions: none
symbol engine: initialized successfully - sym options: 0x614 - pdb path: .;C:\Program Files\Eclipse Adoptium\jdk-17.0.6.10-hotspot\bin;C:\Windows\SYSTEM32;C:\Windows\WinSxS\amd64_microsoft.windows.common-controls_6595b64144ccf1df_6.0.19041.1110_none_60b5254171f9507e;C:\Program Files\Eclipse Adoptium\jdk-17.0.6.10-hotspot\bin\server;C:\Users\hp\.gradle\native\e1d6ef7f7dcc3fd88c89a11ec53ec762bb8ba0a96d01ffa2cd45eb1d1d8dd5c5\windows-amd64;C:\Users\hp\.gradle\native\0d407fdbe67a94daf76414ababcb853783967236a71b16ec16e742cd7a986fd3\windows-amd64

VM Arguments:
jvm_args: -XX:MaxMetaspaceSize=512m --add-opens=java.base/java.util=ALL-UNNAMED --add-opens=java.base/java.lang=ALL-UNNAMED --add-opens=java.base/java.lang.invoke=ALL-UNNAMED --add-opens=java.base/java.util=ALL-UNNAMED --add-opens=java.prefs/java.util.prefs=ALL-UNNAMED --add-opens=java.prefs/java.util.prefs=ALL-UNNAMED --add-opens=java.base/java.nio.charset=ALL-UNNAMED --add-opens=java.base/java.net=ALL-UNNAMED --add-opens=java.base/java.util.concurrent.atomic=ALL-UNNAMED -Xmx2048m -Dfile.encoding=windows-1252 -Duser.country=US -Duser.language=en -Duser.variant 
java_command: org.gradle.launcher.daemon.bootstrap.GradleDaemon 7.5.1
java_class_path (initial): C:\Users\hp\.gradle\wrapper\dists\gradle-7.5.1-all\1ehga6e77gqps5uk2kc5kf1vc\gradle-7.5.1\lib\gradle-launcher-7.5.1.jar
Launcher Type: SUN_STANDARD

[Global flags]
     intx CICompilerCount                          = 3                                         {product} {ergonomic}
   size_t CompressedClassSpaceSize                 = 432013312                                 {product} {ergonomic}
     uint ConcGCThreads                            = 1                                         {product} {ergonomic}
     uint G1ConcRefinementThreads                  = 4                                         {product} {ergonomic}
   size_t G1HeapRegionSize                         = 1048576                                   {product} {ergonomic}
    uintx GCDrainStackTargetSize                   = 64                                        {product} {ergonomic}
   size_t InitialHeapSize                          = 134217728                                 {product} {ergonomic}
   size_t MarkStackSize                            = 4194304                                   {product} {ergonomic}
   size_t MaxHeapSize                              = 2147483648                                {product} {command line}
   size_t MaxMetaspaceSize                         = 536870912                                 {product} {command line}
   size_t MaxNewSize                               = 1287651328                                {product} {ergonomic}
   size_t MinHeapDeltaBytes                        = 1048576                                   {product} {ergonomic}
   size_t MinHeapSize                              = 8388608                                   {product} {ergonomic}
    uintx NonNMethodCodeHeapSize                   = 5832780                                {pd product} {ergonomic}
    uintx NonProfiledCodeHeapSize                  = 122912730                              {pd product} {ergonomic}
    uintx ProfiledCodeHeapSize                     = 122912730                              {pd product} {ergonomic}
    uintx ReservedCodeCacheSize                    = 251658240                              {pd product} {ergonomic}
     bool SegmentedCodeCache                       = true                                      {product} {ergonomic}
   size_t SoftMaxHeapSize                          = 2147483648                             {manageable} {ergonomic}
     bool UseCompressedClassPointers               = true                           {product lp64_product} {ergonomic}
     bool UseCompressedOops                        = true                           {product lp64_product} {ergonomic}
     bool UseG1GC                                  = true                                      {product} {ergonomic}
     bool UseLargePagesIndividualAllocation        = false                                  {pd product} {ergonomic}

Logging:
Log output configuration:
 #0: stdout all=warning uptime,level,tags
 #1: stderr all=off uptime,level,tags

Environment Variables:
JAVA_HOME=C:\Program Files\Eclipse Adoptium\jdk-17.0.6.10-hotspot
CLASSPATH=C:\Users\hp\Desktop\react\MovieMinia\android\\gradle\wrapper\gradle-wrapper.jar
PATH=C:\Users\hp\Desktop\react\MovieMinia\android\node_modules\.bin;C:\Users\hp\Desktop\react\MovieMinia\node_modules\.bin;C:\Users\hp\Desktop\react\node_modules\.bin;C:\Users\hp\Desktop\node_modules\.bin;C:\Users\hp\node_modules\.bin;C:\Users\node_modules\.bin;C:\node_modules\.bin;C:\Program Files\nodejs;C:\Users\hp\Desktop\react\MovieMinia\node_modules\.bin;C:\Users\hp\Desktop\react\MovieMinia\node_modules\.bin;C:\Users\hp\Desktop\react\node_modules\.bin;C:\Users\hp\Desktop\node_modules\.bin;C:\Users\hp\node_modules\.bin;C:\Users\node_modules\.bin;C:\node_modules\.bin;C:\Users\hp\AppData\Roaming\npm\node_modules\npm\node_modules\@npmcli\run-script\lib\node-gyp-bin;C:\Users\hp\bin;C:\Program Files\Git\mingw64\bin;C:\Program Files\Git\usr\local\bin;C:\Program Files\Git\usr\bin;C:\Program Files\Git\usr\bin;C:\Program Files\Git\mingw64\bin;C:\Program Files\Git\usr\bin;C:\Users\hp\bin;C:\Program Files\Eclipse Adoptium\jdk-17.0.6.10-hotspot\bin;C:\Python310\Scripts;C:\Python310;C:\Windows\system32;C:\Windows;C:\Windows\System32\Wbem;C:\Windows\System32\WindowsPowerShell\v1.0;C:\Windows\System32\OpenSSH;C:\Program Files\Git\cmd;C:\Program Files\Git\mingw64\bin;C:\Program Files\Git\usr\bin;C:\ProgramData\chocolatey\bin;C:\Program Files\nodejs;C:\Users\hp\AppData\Local\Android\Sdk\platform-tools;C:\Users\hp\AppData\Local\Android\Sdk\emulator;C:\Users\hp\AppData\Local\Microsoft\WindowsApps;C:\Users\hp\AppData\Local\Programs\Microsoft VS Code\bin;C:\Users\hp\AppData\Roaming\npm;C:\Users\hp\AppData\Local\Android\Sdk\platform-tools;C:\Program Files\Git\usr\bin\vendor_perl;C:\Program Files\Git\usr\bin\core_perl
USERNAME=hp
SHELL=C:\Program Files\Git\usr\bin\bash.exe
DISPLAY=needs-to-be-defined
LANG=en_US.UTF-8
TERM=xterm-256color
TMPDIR=C:\Users\hp\AppData\Local\Temp
OS=Windows_NT
PROCESSOR_IDENTIFIER=Intel64 Family 6 Model 69 Stepping 1, GenuineIntel
TMP=C:\Users\hp\AppData\Local\Temp
TEMP=C:\Users\hp\AppData\Local\Temp



---------------  S Y S T E M  ---------------

OS:
 Windows 10 , 64 bit Build 19041 (10.0.19041.2913)
OS uptime: 0 days 0:14 hours

CPU: total 4 (initial active 4) (2 cores per cpu, 2 threads per core) family 6 model 69 stepping 1 microcode 0x25, cx8, cmov, fxsr, ht, mmx, sse, sse2, sse3, ssse3, sse4.1, sse4.2, popcnt, lzcnt, tsc, tscinvbit, avx, avx2, aes, erms, clmul, bmi1, bmi2, fma, vzeroupper, clflush

Memory: 4k page, system-wide physical 8142M (531M free)
TotalPageFile size 9708M (AvailPageFile size 6M)
current process WorkingSet (physical memory assigned to process): 304M, peak: 307M
current process commit charge ("private bytes"): 340M, peak: 342M

vm_info: OpenJDK 64-Bit Server VM (17.0.6+10) for windows-amd64 JRE (17.0.6+10), built on Jan 18 2023 10:08:59 by "temurin" with MS VC++ 16.7 (VS2019)

END.
