#
# There is insufficient memory for the Java Runtime Environment to continue.
# Native memory allocation (mmap) failed to map 225443840 bytes for G1 virtual space
# Possible reasons:
#   The system is out of physical RAM or swap space
#   The process is running with CompressedOops enabled, and the Java Heap may be blocking the growth of the native heap
# Possible solutions:
#   Reduce memory load on the system
#   Increase physical memory or swap space
#   Check if swap backing store is full
#   Decrease Java heap size (-Xmx/-Xms)
#   Decrease number of Java threads
#   Decrease Java thread stack sizes (-Xss)
#   Set larger code cache with -XX:ReservedCodeCacheSize=
#   JVM is running with Unscaled Compressed Oops mode in which the Java heap is
#     placed in the first 4GB address space. The Java Heap base address is the
#     maximum limit for the native heap growth. Please use -XX:HeapBaseMinAddress
#     to set the Java Heap base and to place the Java Heap above 4GB virtual address.
# This output file may be truncated or incomplete.
#
#  Out of Memory Error (os_windows.cpp:3557), pid=12588, tid=8924
#
# JRE version: OpenJDK Runtime Environment Temurin-17.0.6+10 (17.0.6+10) (build 17.0.6+10)
# Java VM: OpenJDK 64-Bit Server VM Temurin-17.0.6+10 (17.0.6+10, mixed mode, sharing, tiered, compressed oops, compressed class ptrs, g1 gc, windows-amd64)
# No core dump will be written. Minidumps are not enabled by default on client versions of Windows
#

---------------  S U M M A R Y ------------

Command Line: -XX:MaxMetaspaceSize=512m --add-opens=java.base/java.util=ALL-UNNAMED --add-opens=java.base/java.lang=ALL-UNNAMED --add-opens=java.base/java.lang.invoke=ALL-UNNAMED --add-opens=java.base/java.util=ALL-UNNAMED --add-opens=java.prefs/java.util.prefs=ALL-UNNAMED --add-opens=java.prefs/java.util.prefs=ALL-UNNAMED --add-opens=java.base/java.nio.charset=ALL-UNNAMED --add-opens=java.base/java.net=ALL-UNNAMED --add-opens=java.base/java.util.concurrent.atomic=ALL-UNNAMED -Xmx2048m -Dfile.encoding=windows-1252 -Duser.country=US -Duser.language=en -Duser.variant org.gradle.launcher.daemon.bootstrap.GradleDaemon 7.5.1

Host: Intel(R) Core(TM) i5-4210U CPU @ 1.70GHz, 4 cores, 7G,  Windows 10 , 64 bit Build 19041 (10.0.19041.2913)
Time: Fri May 26 15:59:17 2023 Pakistan Standard Time elapsed time: 64.093990 seconds (0d 0h 1m 4s)

---------------  T H R E A D  ---------------

Current thread (0x0000028931924020):  VMThread "VM Thread" [stack: 0x000000e327b00000,0x000000e327c00000] [id=8924]

Stack: [0x000000e327b00000,0x000000e327c00000]
Native frames: (J=compiled Java code, j=interpreted, Vv=VM code, C=native code)
V  [jvm.dll+0x67741a]
V  [jvm.dll+0x834434]
V  [jvm.dll+0x835bde]
V  [jvm.dll+0x836243]
V  [jvm.dll+0x2457b5]
V  [jvm.dll+0x674329]
V  [jvm.dll+0x6689da]
V  [jvm.dll+0x30489b]
V  [jvm.dll+0x30bd96]
V  [jvm.dll+0x35b57e]
V  [jvm.dll+0x35b7af]
V  [jvm.dll+0x2db778]
V  [jvm.dll+0x2d9a2c]
V  [jvm.dll+0x2d8ffc]
V  [jvm.dll+0x31cdcb]
V  [jvm.dll+0x83a6eb]
V  [jvm.dll+0x83b424]
V  [jvm.dll+0x83b93c]
V  [jvm.dll+0x83bd14]
V  [jvm.dll+0x83bde0]
V  [jvm.dll+0x7e483a]
V  [jvm.dll+0x6762c5]
C  [ucrtbase.dll+0x21bb2]
C  [KERNEL32.DLL+0x17614]
C  [ntdll.dll+0x526a1]

VM_Operation (0x000000e3291f9e70): G1CollectForAllocation, mode: safepoint, requested by thread 0x0000028933d41ef0


---------------  P R O C E S S  ---------------

Threads class SMR info:
_java_thread_list=0x000002893b01d7f0, length=89, elements={
0x0000028913d60740, 0x0000028931928b40, 0x00000289319294d0, 0x0000028931942770,
0x0000028931942c40, 0x0000028931943110, 0x00000289319475f0, 0x0000028931947ea0,
0x0000028931949c80, 0x0000028932422830, 0x000002893250be70, 0x000002893250f190,
0x0000028934c8baf0, 0x0000028933e6fd50, 0x0000028933c21c90, 0x0000028934579f60,
0x0000028933d2d810, 0x0000028933d41a20, 0x0000028933d41ef0, 0x0000028933b183d0,
0x0000028933b17090, 0x0000028933b188a0, 0x0000028933b18d70, 0x0000028933b17560,
0x0000028933b17a30, 0x0000028933b1aa50, 0x0000028933b19240, 0x0000028933b1a580,
0x0000028933b19710, 0x0000028933b19be0, 0x0000028933b1a0b0, 0x0000028935ba5650,
0x0000028935bab1c0, 0x0000028935ba8670, 0x0000028935baa350, 0x0000028935ba8b40,
0x0000028935ba9010, 0x0000028935ba94e0, 0x0000028935ba6e60, 0x0000028935ba5180,
0x0000028935baacf0, 0x0000028935ba64c0, 0x0000028935ba7330, 0x0000028935ba7cd0,
0x0000028935ba7800, 0x0000028939fb7270, 0x0000028939fb6da0, 0x0000028939fb0890,
0x0000028939fb68d0, 0x0000028939fb50c0, 0x0000028939fb1700, 0x0000028939fb0d60,
0x0000028939fb2a40, 0x0000028939fb20a0, 0x0000028939fb7740, 0x0000028939fb1bd0,
0x0000028939fb2f10, 0x0000028939fb5a60, 0x0000028939fb1230, 0x0000028939fafef0,
0x0000028939fb4bf0, 0x0000028939fb03c0, 0x0000028939fb5f30, 0x0000028939fb2570,
0x0000028939fb33e0, 0x0000028939fb38b0, 0x0000028939fb3d80, 0x0000028939fb4250,
0x0000028939fb4720, 0x0000028939fb5590, 0x0000028939fb6400, 0x000002893b0bfe90,
0x000002893b0c16a0, 0x000002893b0bc000, 0x000002893b0c0830, 0x000002893b0bb190,
0x000002893b0bce70, 0x000002893b0c11d0, 0x000002893b0ba320, 0x000002893b0bacc0,
0x000002893b0bdce0, 0x000002893b0bbb30, 0x000002893b0bc4d0, 0x000002893b0be680,
0x000002893b0bc9a0, 0x000002893b0be1b0, 0x000002893b0beb50, 0x000002893b0bf4f0,
0x000002893737e020
}

Java Threads: ( => current thread )
  0x0000028913d60740 JavaThread "main" [_thread_blocked, id=10712, stack(0x000000e327500000,0x000000e327600000)]
  0x0000028931928b40 JavaThread "Reference Handler" daemon [_thread_blocked, id=8704, stack(0x000000e327c00000,0x000000e327d00000)]
  0x00000289319294d0 JavaThread "Finalizer" daemon [_thread_blocked, id=9840, stack(0x000000e327d00000,0x000000e327e00000)]
  0x0000028931942770 JavaThread "Signal Dispatcher" daemon [_thread_blocked, id=2148, stack(0x000000e327e00000,0x000000e327f00000)]
  0x0000028931942c40 JavaThread "Attach Listener" daemon [_thread_blocked, id=6624, stack(0x000000e327f00000,0x000000e328000000)]
  0x0000028931943110 JavaThread "Service Thread" daemon [_thread_blocked, id=5520, stack(0x000000e328000000,0x000000e328100000)]
  0x00000289319475f0 JavaThread "Monitor Deflation Thread" daemon [_thread_blocked, id=12640, stack(0x000000e328100000,0x000000e328200000)]
  0x0000028931947ea0 JavaThread "C2 CompilerThread0" daemon [_thread_blocked, id=1416, stack(0x000000e328200000,0x000000e328300000)]
  0x0000028931949c80 JavaThread "C1 CompilerThread0" daemon [_thread_blocked, id=9924, stack(0x000000e328300000,0x000000e328400000)]
  0x0000028932422830 JavaThread "Sweeper thread" daemon [_thread_blocked, id=1348, stack(0x000000e328400000,0x000000e328500000)]
  0x000002893250be70 JavaThread "Common-Cleaner" daemon [_thread_blocked, id=14332, stack(0x000000e328500000,0x000000e328600000)]
  0x000002893250f190 JavaThread "Notification Thread" daemon [_thread_blocked, id=10432, stack(0x000000e328600000,0x000000e328700000)]
  0x0000028934c8baf0 JavaThread "Daemon health stats" [_thread_blocked, id=13172, stack(0x000000e328b00000,0x000000e328c00000)]
  0x0000028933e6fd50 JavaThread "Incoming local TCP Connector on port 55096" [_thread_in_native, id=9268, stack(0x000000e328c00000,0x000000e328d00000)]
  0x0000028933c21c90 JavaThread "Daemon periodic checks" [_thread_blocked, id=9824, stack(0x000000e328d00000,0x000000e328e00000)]
  0x0000028934579f60 JavaThread "Daemon" [_thread_blocked, id=13672, stack(0x000000e328f00000,0x000000e329000000)]
  0x0000028933d2d810 JavaThread "Handler for socket connection from /127.0.0.1:55096 to /127.0.0.1:55097" [_thread_in_native, id=11204, stack(0x000000e329000000,0x000000e329100000)]
  0x0000028933d41a20 JavaThread "Cancel handler" [_thread_blocked, id=2636, stack(0x000000e328e00000,0x000000e328f00000)]
  0x0000028933d41ef0 JavaThread "Daemon worker" [_thread_blocked, id=5992, stack(0x000000e329100000,0x000000e329200000)]
  0x0000028933b183d0 JavaThread "Asynchronous log dispatcher for DefaultDaemonConnection: socket connection from /127.0.0.1:55096 to /127.0.0.1:55097" [_thread_blocked, id=7848, stack(0x000000e329200000,0x000000e329300000)]
  0x0000028933b17090 JavaThread "Stdin handler" [_thread_blocked, id=13820, stack(0x000000e329300000,0x000000e329400000)]
  0x0000028933b188a0 JavaThread "Daemon client event forwarder" [_thread_blocked, id=1736, stack(0x000000e329400000,0x000000e329500000)]
  0x0000028933b18d70 JavaThread "Cache worker for journal cache (C:\Users\hp\.gradle\caches\journal-1)" [_thread_blocked, id=7296, stack(0x000000e329500000,0x000000e329600000)]
  0x0000028933b17560 JavaThread "File lock request listener" [_thread_in_native, id=8872, stack(0x000000e329600000,0x000000e329700000)]
  0x0000028933b17a30 JavaThread "Cache worker for file hash cache (C:\Users\hp\.gradle\caches\7.5.1\fileHashes)" [_thread_blocked, id=13192, stack(0x000000e329700000,0x000000e329800000)]
  0x0000028933b1aa50 JavaThread "File watcher server" daemon [_thread_in_native, id=10016, stack(0x000000e329900000,0x000000e329a00000)]
  0x0000028933b19240 JavaThread "File watcher consumer" daemon [_thread_blocked, id=408, stack(0x000000e329a00000,0x000000e329b00000)]
  0x0000028933b1a580 JavaThread "Cache worker for checksums cache (C:\Users\hp\Desktop\react\MovieMinia\android\.gradle\7.5.1\checksums)" [_thread_blocked, id=4440, stack(0x000000e329800000,0x000000e329900000)]
  0x0000028933b19710 JavaThread "Cache worker for cache directory md-rule (C:\Users\hp\.gradle\caches\7.5.1\md-rule)" [_thread_blocked, id=13396, stack(0x000000e329b00000,0x000000e329c00000)]
  0x0000028933b19be0 JavaThread "Cache worker for file content cache (C:\Users\hp\.gradle\caches\7.5.1\fileContent)" [_thread_blocked, id=6576, stack(0x000000e329c00000,0x000000e329d00000)]
  0x0000028933b1a0b0 JavaThread "Cache worker for file hash cache (C:\Users\hp\Desktop\react\MovieMinia\android\.gradle\7.5.1\fileHashes)" [_thread_blocked, id=9784, stack(0x000000e329e00000,0x000000e329f00000)]
  0x0000028935ba5650 JavaThread "Cache worker for cache directory md-supplier (C:\Users\hp\.gradle\caches\7.5.1\md-supplier)" [_thread_blocked, id=1648, stack(0x000000e329f00000,0x000000e32a000000)]
  0x0000028935bab1c0 JavaThread "Cache worker for execution history cache (C:\Users\hp\.gradle\caches\7.5.1\executionHistory)" [_thread_blocked, id=5872, stack(0x000000e32a100000,0x000000e32a200000)]
  0x0000028935ba8670 JavaThread "jar transforms" [_thread_blocked, id=6296, stack(0x000000e32a200000,0x000000e32a300000)]
  0x0000028935baa350 JavaThread "jar transforms Thread 2" [_thread_blocked, id=6380, stack(0x000000e32a300000,0x000000e32a400000)]
  0x0000028935ba8b40 JavaThread "jar transforms Thread 3" [_thread_blocked, id=852, stack(0x000000e32a400000,0x000000e32a500000)]
  0x0000028935ba9010 JavaThread "jar transforms Thread 4" [_thread_blocked, id=8508, stack(0x000000e32a500000,0x000000e32a600000)]
  0x0000028935ba94e0 JavaThread "Cache worker for kotlin-dsl (C:\Users\hp\.gradle\caches\7.5.1\kotlin-dsl)" [_thread_blocked, id=1192, stack(0x000000e32a600000,0x000000e32a700000)]
  0x0000028935ba6e60 JavaThread "Cache worker for dependencies-accessors (C:\Users\hp\Desktop\react\MovieMinia\android\.gradle\7.5.1\dependencies-accessors)" [_thread_blocked, id=9404, stack(0x000000e32a700000,0x000000e32a800000)]
  0x0000028935ba5180 JavaThread "Cache worker for Build Output Cleanup Cache (C:\Users\hp\Desktop\react\MovieMinia\node_modules\react-native-gradle-plugin\.gradle\buildOutputCleanup)" [_thread_blocked, id=6448, stack(0x000000e32a800000,0x000000e32a900000)]
  0x0000028935baacf0 JavaThread "Unconstrained build operations" [_thread_blocked, id=6924, stack(0x000000e32a900000,0x000000e32aa00000)]
  0x0000028935ba64c0 JavaThread "Unconstrained build operations Thread 2" [_thread_blocked, id=13680, stack(0x000000e32aa00000,0x000000e32ab00000)]
  0x0000028935ba7330 JavaThread "Unconstrained build operations Thread 3" [_thread_blocked, id=2448, stack(0x000000e32ab00000,0x000000e32ac00000)]
  0x0000028935ba7cd0 JavaThread "Unconstrained build operations Thread 4" [_thread_blocked, id=1344, stack(0x000000e32ac00000,0x000000e32ad00000)]
  0x0000028935ba7800 JavaThread "Unconstrained build operations Thread 5" [_thread_blocked, id=6564, stack(0x000000e32ad00000,0x000000e32ae00000)]
  0x0000028939fb7270 JavaThread "Unconstrained build operations Thread 6" [_thread_blocked, id=9960, stack(0x000000e32ae00000,0x000000e32af00000)]
  0x0000028939fb6da0 JavaThread "Unconstrained build operations Thread 7" [_thread_blocked, id=8412, stack(0x000000e32af00000,0x000000e32b000000)]
  0x0000028939fb0890 JavaThread "Unconstrained build operations Thread 8" [_thread_blocked, id=3680, stack(0x000000e32b000000,0x000000e32b100000)]
  0x0000028939fb68d0 JavaThread "Unconstrained build operations Thread 9" [_thread_blocked, id=11400, stack(0x000000e32b100000,0x000000e32b200000)]
  0x0000028939fb50c0 JavaThread "Unconstrained build operations Thread 10" [_thread_blocked, id=12796, stack(0x000000e32b200000,0x000000e32b300000)]
  0x0000028939fb1700 JavaThread "Unconstrained build operations Thread 11" [_thread_blocked, id=1904, stack(0x000000e32b300000,0x000000e32b400000)]
  0x0000028939fb0d60 JavaThread "Unconstrained build operations Thread 12" [_thread_blocked, id=9780, stack(0x000000e32b400000,0x000000e32b500000)]
  0x0000028939fb2a40 JavaThread "Unconstrained build operations Thread 13" [_thread_blocked, id=8576, stack(0x000000e32b500000,0x000000e32b600000)]
  0x0000028939fb20a0 JavaThread "Unconstrained build operations Thread 14" [_thread_blocked, id=8072, stack(0x000000e32b600000,0x000000e32b700000)]
  0x0000028939fb7740 JavaThread "Unconstrained build operations Thread 15" [_thread_blocked, id=1860, stack(0x000000e32b700000,0x000000e32b800000)]
  0x0000028939fb1bd0 JavaThread "Unconstrained build operations Thread 16" [_thread_blocked, id=5540, stack(0x000000e32b800000,0x000000e32b900000)]
  0x0000028939fb2f10 JavaThread "Unconstrained build operations Thread 17" [_thread_blocked, id=10980, stack(0x000000e32b900000,0x000000e32ba00000)]
  0x0000028939fb5a60 JavaThread "Unconstrained build operations Thread 18" [_thread_blocked, id=3284, stack(0x000000e32ba00000,0x000000e32bb00000)]
  0x0000028939fb1230 JavaThread "Unconstrained build operations Thread 19" [_thread_blocked, id=11676, stack(0x000000e32bb00000,0x000000e32bc00000)]
  0x0000028939fafef0 JavaThread "Unconstrained build operations Thread 20" [_thread_blocked, id=2060, stack(0x000000e32bc00000,0x000000e32bd00000)]
  0x0000028939fb4bf0 JavaThread "Unconstrained build operations Thread 21" [_thread_blocked, id=4980, stack(0x000000e32bd00000,0x000000e32be00000)]
  0x0000028939fb03c0 JavaThread "Unconstrained build operations Thread 22" [_thread_blocked, id=7972, stack(0x000000e32be00000,0x000000e32bf00000)]
  0x0000028939fb5f30 JavaThread "Unconstrained build operations Thread 23" [_thread_blocked, id=12428, stack(0x000000e32bf00000,0x000000e32c000000)]
  0x0000028939fb2570 JavaThread "Unconstrained build operations Thread 24" [_thread_blocked, id=2028, stack(0x000000e32c000000,0x000000e32c100000)]
  0x0000028939fb33e0 JavaThread "Unconstrained build operations Thread 25" [_thread_blocked, id=5440, stack(0x000000e32c100000,0x000000e32c200000)]
  0x0000028939fb38b0 JavaThread "Unconstrained build operations Thread 26" [_thread_blocked, id=5428, stack(0x000000e32c200000,0x000000e32c300000)]
  0x0000028939fb3d80 JavaThread "Unconstrained build operations Thread 27" [_thread_blocked, id=5524, stack(0x000000e32c300000,0x000000e32c400000)]
  0x0000028939fb4250 JavaThread "Unconstrained build operations Thread 28" [_thread_blocked, id=8592, stack(0x000000e32c400000,0x000000e32c500000)]
  0x0000028939fb4720 JavaThread "Unconstrained build operations Thread 29" [_thread_blocked, id=2064, stack(0x000000e32c500000,0x000000e32c600000)]
  0x0000028939fb5590 JavaThread "Unconstrained build operations Thread 30" [_thread_blocked, id=4380, stack(0x000000e32c600000,0x000000e32c700000)]
  0x0000028939fb6400 JavaThread "Unconstrained build operations Thread 31" [_thread_blocked, id=5552, stack(0x000000e32c700000,0x000000e32c800000)]
  0x000002893b0bfe90 JavaThread "Unconstrained build operations Thread 32" [_thread_blocked, id=1136, stack(0x000000e32c800000,0x000000e32c900000)]
  0x000002893b0c16a0 JavaThread "Unconstrained build operations Thread 33" [_thread_blocked, id=5624, stack(0x000000e32c900000,0x000000e32ca00000)]
  0x000002893b0bc000 JavaThread "build event listener" [_thread_blocked, id=3620, stack(0x000000e329d00000,0x000000e329e00000)]
  0x000002893b0c0830 JavaThread "Memory manager" [_thread_blocked, id=11408, stack(0x000000e32ca00000,0x000000e32cb00000)]
  0x000002893b0bb190 JavaThread "Cache worker for Build Output Cleanup Cache (C:\Users\hp\Desktop\react\MovieMinia\android\.gradle\buildOutputCleanup)" [_thread_blocked, id=6920, stack(0x000000e32cb00000,0x000000e32cc00000)]
  0x000002893b0bce70 JavaThread "included builds" [_thread_blocked, id=10836, stack(0x000000e32ce00000,0x000000e32cf00000)]
  0x000002893b0c11d0 JavaThread "Execution worker" [_thread_blocked, id=6964, stack(0x000000e32cf00000,0x000000e32d000000)]
  0x000002893b0ba320 JavaThread "Execution worker Thread 2" [_thread_blocked, id=14328, stack(0x000000e32d000000,0x000000e32d100000)]
  0x000002893b0bacc0 JavaThread "Execution worker Thread 3" [_thread_blocked, id=1604, stack(0x000000e32d100000,0x000000e32d200000)]
  0x000002893b0bdce0 JavaThread "Cache worker for execution history cache (C:\Users\hp\Desktop\react\MovieMinia\node_modules\react-native-gradle-plugin\.gradle\7.5.1\executionHistory)" [_thread_blocked, id=6892, stack(0x000000e32d200000,0x000000e32d300000)]
  0x000002893b0bbb30 JavaThread "Unconstrained build operations Thread 34" [_thread_blocked, id=6040, stack(0x000000e327200000,0x000000e327300000)]
  0x000002893b0bc4d0 JavaThread "Unconstrained build operations Thread 35" [_thread_blocked, id=11156, stack(0x000000e32d300000,0x000000e32d400000)]
  0x000002893b0be680 JavaThread "Unconstrained build operations Thread 36" [_thread_blocked, id=14024, stack(0x000000e32d400000,0x000000e32d500000)]
  0x000002893b0bc9a0 JavaThread "Unconstrained build operations Thread 37" [_thread_blocked, id=2972, stack(0x000000e32d500000,0x000000e32d600000)]
  0x000002893b0be1b0 JavaThread "Unconstrained build operations Thread 38" [_thread_blocked, id=5880, stack(0x000000e32d600000,0x000000e32d700000)]
  0x000002893b0beb50 JavaThread "Unconstrained build operations Thread 39" [_thread_blocked, id=11996, stack(0x000000e32d700000,0x000000e32d800000)]
  0x000002893b0bf4f0 JavaThread "Unconstrained build operations Thread 40" [_thread_blocked, id=10132, stack(0x000000e32d800000,0x000000e32d900000)]
  0x000002893737e020 JavaThread "C2 CompilerThread1" daemon [_thread_blocked, id=3888, stack(0x000000e32d900000,0x000000e32da00000)]

Other Threads:
=>0x0000028931924020 VMThread "VM Thread" [stack: 0x000000e327b00000,0x000000e327c00000] [id=8924]
  0x000002893250f870 WatcherThread [stack: 0x000000e328700000,0x000000e328800000] [id=9956]
  0x0000028913dbfb60 GCTaskThread "GC Thread#0" [stack: 0x000000e327600000,0x000000e327700000] [id=10840]
  0x00000289326a4400 GCTaskThread "GC Thread#1" [stack: 0x000000e328900000,0x000000e328a00000] [id=6180]
  0x0000028932623590 GCTaskThread "GC Thread#2" [stack: 0x000000e328a00000,0x000000e328b00000] [id=3808]
  0x000002893260a620 GCTaskThread "GC Thread#3" [stack: 0x000000e328800000,0x000000e328900000] [id=12604]
  0x0000028913dd09b0 ConcurrentGCThread "G1 Main Marker" [stack: 0x000000e327700000,0x000000e327800000] [id=11880]
  0x0000028913dd1a70 ConcurrentGCThread "G1 Conc#0" [stack: 0x000000e327800000,0x000000e327900000] [id=9172]
  0x00000289317a00a0 ConcurrentGCThread "G1 Refine#0" [stack: 0x000000e327900000,0x000000e327a00000] [id=10108]
  0x0000028934cf6900 ConcurrentGCThread "G1 Refine#1" [stack: 0x000000e32a000000,0x000000e32a100000] [id=11304]
  0x00000289317a05e0 ConcurrentGCThread "G1 Service" [stack: 0x000000e327a00000,0x000000e327b00000] [id=12504]

Threads with active compile tasks:
C2 CompilerThread0    64158 12907       4       org.gradle.api.internal.tasks.FailureCollectingTaskDependencyResolveContext::add (47 bytes)
C2 CompilerThread1    64158 12899       4       org.gradle.api.internal.artifacts.result.DefaultResolutionResult::eachElement (92 bytes)

VM state: at safepoint (normal execution)

VM Mutex/Monitor currently owned by a thread:  ([mutex/lock_event])
[0x0000028913d5daf0] Threads_lock - owner thread: 0x0000028931924020
[0x0000028913d5c8f0] Heap_lock - owner thread: 0x0000028933d41ef0

Heap address: 0x0000000080000000, size: 2048 MB, Compressed Oops mode: 32-bit

CDS archive(s) mapped at: [0x0000000800000000-0x0000000800bc0000-0x0000000800bc0000), size 12320768, SharedBaseAddress: 0x0000000800000000, ArchiveRelocationMode: 0.
Compressed class space mapped at: 0x0000000800c00000-0x000000081a800000, reserved size: 432013312
Narrow klass base: 0x0000000800000000, Narrow klass shift: 0, Narrow klass range: 0x100000000

GC Precious Log:
 CPUs: 4 total, 4 available
 Memory: 8142M
 Large Page Support: Disabled
 NUMA Support: Disabled
 Compressed Oops: Enabled (32-bit)
 Heap Region Size: 1M
 Heap Min Capacity: 8M
 Heap Initial Capacity: 128M
 Heap Max Capacity: 2G
 Pre-touch: Disabled
 Parallel Workers: 4
 Concurrent Workers: 1
 Concurrent Refinement Workers: 4
 Periodic GC: Disabled

Heap:
 garbage-first heap   total 220160K, used 132958K [0x0000000080000000, 0x0000000100000000)
  region size 1024K, 5 young (5120K), 5 survivors (5120K)
 Metaspace       used 93616K, committed 94528K, reserved 503808K
  class space    used 12915K, committed 13312K, reserved 421888K

Heap Regions: E=young(eden), S=young(survivor), O=old, HS=humongous(starts), HC=humongous(continues), CS=collection set, F=free, OA=open archive, CA=closed archive, TAMS=top-at-mark-start (previous, next)
|   0|0x0000000080000000, 0x0000000080100000, 0x0000000080100000|100%|HS|  |TAMS 0x0000000080100000, 0x0000000080000000| Complete 
|   1|0x0000000080100000, 0x0000000080200000, 0x0000000080200000|100%|HC|  |TAMS 0x0000000080200000, 0x0000000080100000| Complete 
|   2|0x0000000080200000, 0x0000000080300000, 0x0000000080300000|100%|HC|  |TAMS 0x0000000080300000, 0x0000000080200000| Complete 
|   3|0x0000000080300000, 0x0000000080400000, 0x0000000080400000|100%| O|  |TAMS 0x0000000080400000, 0x0000000080300000| Untracked 
|   4|0x0000000080400000, 0x0000000080500000, 0x0000000080500000|100%| O|  |TAMS 0x0000000080500000, 0x0000000080400000| Untracked 
|   5|0x0000000080500000, 0x0000000080600000, 0x0000000080600000|100%| O|  |TAMS 0x0000000080600000, 0x0000000080500000| Untracked 
|   6|0x0000000080600000, 0x0000000080700000, 0x0000000080700000|100%| O|  |TAMS 0x0000000080700000, 0x0000000080600000| Untracked 
|   7|0x0000000080700000, 0x0000000080800000, 0x0000000080800000|100%| O|  |TAMS 0x0000000080800000, 0x0000000080700000| Untracked 
|   8|0x0000000080800000, 0x0000000080900000, 0x0000000080900000|100%| O|  |TAMS 0x0000000080900000, 0x0000000080800000| Untracked 
|   9|0x0000000080900000, 0x0000000080a00000, 0x0000000080a00000|100%| O|  |TAMS 0x0000000080a00000, 0x0000000080900000| Untracked 
|  10|0x0000000080a00000, 0x0000000080b00000, 0x0000000080b00000|100%| O|  |TAMS 0x0000000080b00000, 0x0000000080a00000| Untracked 
|  11|0x0000000080b00000, 0x0000000080c00000, 0x0000000080c00000|100%| O|  |TAMS 0x0000000080c00000, 0x0000000080b00000| Untracked 
|  12|0x0000000080c00000, 0x0000000080d00000, 0x0000000080d00000|100%| O|  |TAMS 0x0000000080d00000, 0x0000000080c00000| Untracked 
|  13|0x0000000080d00000, 0x0000000080e00000, 0x0000000080e00000|100%| O|  |TAMS 0x0000000080e00000, 0x0000000080d00000| Untracked 
|  14|0x0000000080e00000, 0x0000000080f00000, 0x0000000080f00000|100%| O|  |TAMS 0x0000000080f00000, 0x0000000080e00000| Untracked 
|  15|0x0000000080f00000, 0x0000000081000000, 0x0000000081000000|100%| O|  |TAMS 0x0000000081000000, 0x0000000080f00000| Untracked 
|  16|0x0000000081000000, 0x0000000081100000, 0x0000000081100000|100%| O|  |TAMS 0x0000000081100000, 0x0000000081000000| Untracked 
|  17|0x0000000081100000, 0x0000000081200000, 0x0000000081200000|100%| O|  |TAMS 0x0000000081200000, 0x0000000081100000| Untracked 
|  18|0x0000000081200000, 0x0000000081300000, 0x0000000081300000|100%| O|  |TAMS 0x0000000081300000, 0x0000000081200000| Untracked 
|  19|0x0000000081300000, 0x0000000081400000, 0x0000000081400000|100%| O|  |TAMS 0x0000000081400000, 0x0000000081300000| Untracked 
|  20|0x0000000081400000, 0x0000000081500000, 0x0000000081500000|100%| O|  |TAMS 0x0000000081500000, 0x0000000081400000| Untracked 
|  21|0x0000000081500000, 0x0000000081600000, 0x0000000081600000|100%| O|  |TAMS 0x0000000081600000, 0x0000000081500000| Untracked 
|  22|0x0000000081600000, 0x0000000081700000, 0x0000000081700000|100%| O|  |TAMS 0x0000000081700000, 0x0000000081600000| Untracked 
|  23|0x0000000081700000, 0x0000000081800000, 0x0000000081800000|100%| O|  |TAMS 0x0000000081800000, 0x0000000081700000| Untracked 
|  24|0x0000000081800000, 0x0000000081900000, 0x0000000081900000|100%| O|  |TAMS 0x0000000081900000, 0x0000000081800000| Untracked 
|  25|0x0000000081900000, 0x0000000081a00000, 0x0000000081a00000|100%| O|  |TAMS 0x0000000081a00000, 0x0000000081900000| Untracked 
|  26|0x0000000081a00000, 0x0000000081b00000, 0x0000000081b00000|100%| O|  |TAMS 0x0000000081b00000, 0x0000000081a00000| Untracked 
|  27|0x0000000081b00000, 0x0000000081c00000, 0x0000000081c00000|100%| O|  |TAMS 0x0000000081c00000, 0x0000000081b00000| Untracked 
|  28|0x0000000081c00000, 0x0000000081d00000, 0x0000000081d00000|100%|HS|  |TAMS 0x0000000081d00000, 0x0000000081c00000| Complete 
|  29|0x0000000081d00000, 0x0000000081e00000, 0x0000000081e00000|100%| O|  |TAMS 0x0000000081e00000, 0x0000000081d00000| Untracked 
|  30|0x0000000081e00000, 0x0000000081f00000, 0x0000000081f00000|100%| O|  |TAMS 0x0000000081f00000, 0x0000000081e00000| Untracked 
|  31|0x0000000081f00000, 0x0000000082000000, 0x0000000082000000|100%| O|  |TAMS 0x0000000082000000, 0x0000000081f00000| Untracked 
|  32|0x0000000082000000, 0x0000000082100000, 0x0000000082100000|100%| O|  |TAMS 0x0000000082100000, 0x0000000082000000| Untracked 
|  33|0x0000000082100000, 0x0000000082200000, 0x0000000082200000|100%| O|  |TAMS 0x0000000082200000, 0x0000000082100000| Untracked 
|  34|0x0000000082200000, 0x0000000082300000, 0x0000000082300000|100%|HS|  |TAMS 0x0000000082300000, 0x0000000082200000| Complete 
|  35|0x0000000082300000, 0x0000000082400000, 0x0000000082400000|100%|HC|  |TAMS 0x0000000082400000, 0x0000000082300000| Complete 
|  36|0x0000000082400000, 0x0000000082500000, 0x0000000082500000|100%|HC|  |TAMS 0x0000000082500000, 0x0000000082400000| Complete 
|  37|0x0000000082500000, 0x0000000082600000, 0x0000000082600000|100%| O|  |TAMS 0x0000000082600000, 0x0000000082500000| Untracked 
|  38|0x0000000082600000, 0x0000000082700000, 0x0000000082700000|100%| O|  |TAMS 0x0000000082700000, 0x0000000082600000| Untracked 
|  39|0x0000000082700000, 0x0000000082800000, 0x0000000082800000|100%| O|  |TAMS 0x0000000082800000, 0x0000000082700000| Untracked 
|  40|0x0000000082800000, 0x0000000082900000, 0x0000000082900000|100%| O|  |TAMS 0x0000000082900000, 0x0000000082800000| Untracked 
|  41|0x0000000082900000, 0x0000000082a00000, 0x0000000082a00000|100%| O|  |TAMS 0x0000000082a00000, 0x0000000082900000| Untracked 
|  42|0x0000000082a00000, 0x0000000082b00000, 0x0000000082b00000|100%| O|  |TAMS 0x0000000082b00000, 0x0000000082a00000| Untracked 
|  43|0x0000000082b00000, 0x0000000082c00000, 0x0000000082c00000|100%| O|  |TAMS 0x0000000082c00000, 0x0000000082b00000| Untracked 
|  44|0x0000000082c00000, 0x0000000082d00000, 0x0000000082d00000|100%| O|  |TAMS 0x0000000082d00000, 0x0000000082c00000| Untracked 
|  45|0x0000000082d00000, 0x0000000082e00000, 0x0000000082e00000|100%| O|  |TAMS 0x0000000082e00000, 0x0000000082d00000| Untracked 
|  46|0x0000000082e00000, 0x0000000082f00000, 0x0000000082f00000|100%| O|  |TAMS 0x0000000082f00000, 0x0000000082e00000| Untracked 
|  47|0x0000000082f00000, 0x0000000083000000, 0x0000000083000000|100%| O|  |TAMS 0x0000000083000000, 0x0000000082f00000| Untracked 
|  48|0x0000000083000000, 0x0000000083100000, 0x0000000083100000|100%| O|  |TAMS 0x0000000083100000, 0x0000000083000000| Untracked 
|  49|0x0000000083100000, 0x0000000083200000, 0x0000000083200000|100%| O|  |TAMS 0x0000000083200000, 0x0000000083100000| Untracked 
|  50|0x0000000083200000, 0x0000000083300000, 0x0000000083300000|100%| O|  |TAMS 0x0000000083300000, 0x0000000083200000| Untracked 
|  51|0x0000000083300000, 0x0000000083400000, 0x0000000083400000|100%| O|  |TAMS 0x0000000083400000, 0x0000000083300000| Untracked 
|  52|0x0000000083400000, 0x0000000083500000, 0x0000000083500000|100%| O|  |TAMS 0x0000000083500000, 0x0000000083400000| Untracked 
|  53|0x0000000083500000, 0x0000000083600000, 0x0000000083600000|100%| O|  |TAMS 0x0000000083600000, 0x0000000083500000| Untracked 
|  54|0x0000000083600000, 0x0000000083700000, 0x0000000083700000|100%| O|  |TAMS 0x0000000083700000, 0x0000000083600000| Untracked 
|  55|0x0000000083700000, 0x0000000083800000, 0x0000000083800000|100%|HS|  |TAMS 0x0000000083800000, 0x0000000083700000| Complete 
|  56|0x0000000083800000, 0x0000000083900000, 0x0000000083900000|100%|HS|  |TAMS 0x0000000083900000, 0x0000000083800000| Complete 
|  57|0x0000000083900000, 0x0000000083a00000, 0x0000000083a00000|100%| O|  |TAMS 0x0000000083a00000, 0x0000000083900000| Untracked 
|  58|0x0000000083a00000, 0x0000000083b00000, 0x0000000083b00000|100%| O|  |TAMS 0x0000000083b00000, 0x0000000083a00000| Untracked 
|  59|0x0000000083b00000, 0x0000000083c00000, 0x0000000083c00000|100%| O|  |TAMS 0x0000000083c00000, 0x0000000083b00000| Untracked 
|  60|0x0000000083c00000, 0x0000000083d00000, 0x0000000083d00000|100%| O|  |TAMS 0x0000000083d00000, 0x0000000083c00000| Untracked 
|  61|0x0000000083d00000, 0x0000000083e00000, 0x0000000083e00000|100%| O|  |TAMS 0x0000000083e00000, 0x0000000083d00000| Untracked 
|  62|0x0000000083e00000, 0x0000000083f00000, 0x0000000083f00000|100%|HS|  |TAMS 0x0000000083f00000, 0x0000000083e00000| Complete 
|  63|0x0000000083f00000, 0x0000000084000000, 0x0000000084000000|100%|HC|  |TAMS 0x0000000084000000, 0x0000000083f00000| Complete 
|  64|0x0000000084000000, 0x0000000084100000, 0x0000000084100000|100%| O|  |TAMS 0x0000000084100000, 0x0000000084000000| Untracked 
|  65|0x0000000084100000, 0x0000000084200000, 0x0000000084200000|100%| O|  |TAMS 0x0000000084200000, 0x0000000084100000| Untracked 
|  66|0x0000000084200000, 0x0000000084300000, 0x0000000084300000|100%| O|  |TAMS 0x0000000084300000, 0x0000000084200000| Untracked 
|  67|0x0000000084300000, 0x0000000084400000, 0x0000000084400000|100%| O|  |TAMS 0x0000000084400000, 0x0000000084300000| Untracked 
|  68|0x0000000084400000, 0x0000000084500000, 0x0000000084500000|100%| O|  |TAMS 0x0000000084500000, 0x0000000084400000| Untracked 
|  69|0x0000000084500000, 0x0000000084600000, 0x0000000084600000|100%| O|  |TAMS 0x0000000084600000, 0x0000000084500000| Untracked 
|  70|0x0000000084600000, 0x0000000084700000, 0x0000000084700000|100%| O|  |TAMS 0x0000000084700000, 0x0000000084600000| Untracked 
|  71|0x0000000084700000, 0x0000000084800000, 0x0000000084800000|100%| O|  |TAMS 0x0000000084800000, 0x0000000084700000| Untracked 
|  72|0x0000000084800000, 0x0000000084900000, 0x0000000084900000|100%| O|  |TAMS 0x0000000084900000, 0x0000000084800000| Untracked 
|  73|0x0000000084900000, 0x0000000084a00000, 0x0000000084a00000|100%| O|  |TAMS 0x0000000084a00000, 0x0000000084900000| Untracked 
|  74|0x0000000084a00000, 0x0000000084b00000, 0x0000000084b00000|100%| O|  |TAMS 0x0000000084b00000, 0x0000000084a00000| Untracked 
|  75|0x0000000084b00000, 0x0000000084c00000, 0x0000000084c00000|100%|HS|  |TAMS 0x0000000084c00000, 0x0000000084b00000| Complete 
|  76|0x0000000084c00000, 0x0000000084d00000, 0x0000000084d00000|100%|HC|  |TAMS 0x0000000084d00000, 0x0000000084c00000| Complete 
|  77|0x0000000084d00000, 0x0000000084e00000, 0x0000000084e00000|100%|HS|  |TAMS 0x0000000084e00000, 0x0000000084d00000| Complete 
|  78|0x0000000084e00000, 0x0000000084f00000, 0x0000000084f00000|100%|HC|  |TAMS 0x0000000084f00000, 0x0000000084e00000| Complete 
|  79|0x0000000084f00000, 0x0000000085000000, 0x0000000085000000|100%|HC|  |TAMS 0x0000000085000000, 0x0000000084f00000| Complete 
|  80|0x0000000085000000, 0x0000000085100000, 0x0000000085100000|100%|HC|  |TAMS 0x0000000085100000, 0x0000000085000000| Complete 
|  81|0x0000000085100000, 0x0000000085200000, 0x0000000085200000|100%| O|  |TAMS 0x0000000085200000, 0x0000000085100000| Untracked 
|  82|0x0000000085200000, 0x0000000085300000, 0x0000000085300000|100%| O|  |TAMS 0x0000000085300000, 0x0000000085200000| Untracked 
|  83|0x0000000085300000, 0x0000000085400000, 0x0000000085400000|100%| O|  |TAMS 0x0000000085400000, 0x0000000085300000| Untracked 
|  84|0x0000000085400000, 0x0000000085500000, 0x0000000085500000|100%| O|  |TAMS 0x0000000085500000, 0x0000000085400000| Untracked 
|  85|0x0000000085500000, 0x0000000085600000, 0x0000000085600000|100%|HS|  |TAMS 0x0000000085600000, 0x0000000085500000| Complete 
|  86|0x0000000085600000, 0x0000000085700000, 0x0000000085700000|100%|HS|  |TAMS 0x0000000085700000, 0x0000000085600000| Complete 
|  87|0x0000000085700000, 0x0000000085800000, 0x0000000085800000|100%|HC|  |TAMS 0x0000000085800000, 0x0000000085700000| Complete 
|  88|0x0000000085800000, 0x0000000085900000, 0x0000000085900000|100%|HC|  |TAMS 0x0000000085900000, 0x0000000085800000| Complete 
|  89|0x0000000085900000, 0x0000000085a00000, 0x0000000085a00000|100%|HS|  |TAMS 0x0000000085a00000, 0x0000000085900000| Complete 
|  90|0x0000000085a00000, 0x0000000085b00000, 0x0000000085b00000|100%| O|  |TAMS 0x0000000085b00000, 0x0000000085a00000| Untracked 
|  91|0x0000000085b00000, 0x0000000085c00000, 0x0000000085c00000|100%| O|  |TAMS 0x0000000085c00000, 0x0000000085b00000| Untracked 
|  92|0x0000000085c00000, 0x0000000085d00000, 0x0000000085d00000|100%| O|  |TAMS 0x0000000085d00000, 0x0000000085c00000| Untracked 
|  93|0x0000000085d00000, 0x0000000085e00000, 0x0000000085e00000|100%| O|  |TAMS 0x0000000085e00000, 0x0000000085d00000| Untracked 
|  94|0x0000000085e00000, 0x0000000085f00000, 0x0000000085f00000|100%| O|  |TAMS 0x0000000085f00000, 0x0000000085e00000| Untracked 
|  95|0x0000000085f00000, 0x0000000086000000, 0x0000000086000000|100%| O|  |TAMS 0x0000000086000000, 0x0000000085f00000| Untracked 
|  96|0x0000000086000000, 0x0000000086100000, 0x0000000086100000|100%| O|  |TAMS 0x0000000086100000, 0x0000000086000000| Untracked 
|  97|0x0000000086100000, 0x0000000086200000, 0x0000000086200000|100%|HS|  |TAMS 0x0000000086200000, 0x0000000086100000| Complete 
|  98|0x0000000086200000, 0x0000000086300000, 0x0000000086300000|100%| O|  |TAMS 0x0000000086300000, 0x0000000086200000| Untracked 
|  99|0x0000000086300000, 0x0000000086400000, 0x0000000086400000|100%| O|  |TAMS 0x0000000086400000, 0x0000000086300000| Untracked 
| 100|0x0000000086400000, 0x0000000086500000, 0x0000000086500000|100%| O|  |TAMS 0x0000000086500000, 0x0000000086400000| Untracked 
| 101|0x0000000086500000, 0x0000000086600000, 0x0000000086600000|100%| O|  |TAMS 0x0000000086600000, 0x0000000086500000| Untracked 
| 102|0x0000000086600000, 0x0000000086700000, 0x0000000086700000|100%| O|  |TAMS 0x0000000086700000, 0x0000000086600000| Untracked 
| 103|0x0000000086700000, 0x0000000086800000, 0x0000000086800000|100%| O|  |TAMS 0x0000000086800000, 0x0000000086700000| Untracked 
| 104|0x0000000086800000, 0x0000000086900000, 0x0000000086900000|100%| O|  |TAMS 0x0000000086900000, 0x0000000086800000| Untracked 
| 105|0x0000000086900000, 0x0000000086a00000, 0x0000000086a00000|100%|HS|  |TAMS 0x0000000086a00000, 0x0000000086900000| Complete 
| 106|0x0000000086a00000, 0x0000000086b00000, 0x0000000086b00000|100%|HC|  |TAMS 0x0000000086b00000, 0x0000000086a00000| Complete 
| 107|0x0000000086b00000, 0x0000000086c00000, 0x0000000086c00000|100%|HC|  |TAMS 0x0000000086c00000, 0x0000000086b00000| Complete 
| 108|0x0000000086c00000, 0x0000000086d00000, 0x0000000086d00000|100%| O|  |TAMS 0x0000000086d00000, 0x0000000086c00000| Untracked 
| 109|0x0000000086d00000, 0x0000000086e00000, 0x0000000086e00000|100%| O|  |TAMS 0x0000000086e00000, 0x0000000086d00000| Untracked 
| 110|0x0000000086e00000, 0x0000000086e00000, 0x0000000086f00000|  0%| F|  |TAMS 0x0000000086e00000, 0x0000000086e00000| Untracked 
| 111|0x0000000086f00000, 0x0000000087000000, 0x0000000087000000|100%| O|  |TAMS 0x0000000087000000, 0x0000000086f00000| Untracked 
| 112|0x0000000087000000, 0x0000000087100000, 0x0000000087100000|100%| O|  |TAMS 0x0000000087100000, 0x0000000087000000| Untracked 
| 113|0x0000000087100000, 0x0000000087200000, 0x0000000087200000|100%| O|  |TAMS 0x0000000087200000, 0x0000000087100000| Untracked 
| 114|0x0000000087200000, 0x0000000087300000, 0x0000000087300000|100%| O|  |TAMS 0x0000000087300000, 0x0000000087200000| Untracked 
| 115|0x0000000087300000, 0x0000000087400000, 0x0000000087400000|100%| O|  |TAMS 0x00000000873a5600, 0x0000000087300000| Untracked 
| 116|0x0000000087400000, 0x0000000087500000, 0x0000000087500000|100%| O|  |TAMS 0x0000000087400000, 0x0000000087400000| Untracked 
| 117|0x0000000087500000, 0x0000000087600000, 0x0000000087600000|100%| O|  |TAMS 0x0000000087500000, 0x0000000087500000| Untracked 
| 118|0x0000000087600000, 0x0000000087700000, 0x0000000087700000|100%| O|  |TAMS 0x0000000087600000, 0x0000000087600000| Untracked 
| 119|0x0000000087700000, 0x0000000087800000, 0x0000000087800000|100%| O|  |TAMS 0x0000000087700000, 0x0000000087700000| Untracked 
| 120|0x0000000087800000, 0x0000000087900000, 0x0000000087900000|100%| O|  |TAMS 0x0000000087800000, 0x0000000087800000| Untracked 
| 121|0x0000000087900000, 0x0000000087a00000, 0x0000000087a00000|100%| O|  |TAMS 0x0000000087900000, 0x0000000087900000| Untracked 
| 122|0x0000000087a00000, 0x0000000087b00000, 0x0000000087b00000|100%| O|  |TAMS 0x0000000087a00000, 0x0000000087a00000| Untracked 
| 123|0x0000000087b00000, 0x0000000087c00000, 0x0000000087c00000|100%| O|  |TAMS 0x0000000087b00000, 0x0000000087b00000| Untracked 
| 124|0x0000000087c00000, 0x0000000087d00000, 0x0000000087d00000|100%| O|  |TAMS 0x0000000087c00000, 0x0000000087c00000| Untracked 
| 125|0x0000000087d00000, 0x0000000087e00000, 0x0000000087e00000|100%| O|  |TAMS 0x0000000087d00000, 0x0000000087d00000| Untracked 
| 126|0x0000000087e00000, 0x0000000087e33e00, 0x0000000087f00000| 20%| O|  |TAMS 0x0000000087e00000, 0x0000000087e00000| Untracked 
| 127|0x0000000087f00000, 0x0000000087f00000, 0x0000000088000000|  0%| F|  |TAMS 0x0000000087f00000, 0x0000000087f00000| Untracked 
| 128|0x0000000088000000, 0x0000000088000000, 0x0000000088100000|  0%| F|  |TAMS 0x0000000088000000, 0x0000000088000000| Untracked 
| 129|0x0000000088100000, 0x0000000088100000, 0x0000000088200000|  0%| F|  |TAMS 0x0000000088100000, 0x0000000088100000| Untracked 
| 130|0x0000000088200000, 0x0000000088200000, 0x0000000088300000|  0%| F|  |TAMS 0x0000000088200000, 0x0000000088200000| Untracked 
| 131|0x0000000088300000, 0x0000000088300000, 0x0000000088400000|  0%| F|  |TAMS 0x0000000088300000, 0x0000000088300000| Untracked 
| 132|0x0000000088400000, 0x0000000088400000, 0x0000000088500000|  0%| F|  |TAMS 0x0000000088400000, 0x0000000088400000| Untracked 
| 133|0x0000000088500000, 0x0000000088500000, 0x0000000088600000|  0%| F|  |TAMS 0x0000000088500000, 0x0000000088500000| Untracked 
| 134|0x0000000088600000, 0x0000000088600000, 0x0000000088700000|  0%| F|  |TAMS 0x0000000088600000, 0x0000000088600000| Untracked 
| 135|0x0000000088700000, 0x0000000088700000, 0x0000000088800000|  0%| F|  |TAMS 0x0000000088700000, 0x0000000088700000| Untracked 
| 136|0x0000000088800000, 0x0000000088800000, 0x0000000088900000|  0%| F|  |TAMS 0x0000000088800000, 0x0000000088800000| Untracked 
| 137|0x0000000088900000, 0x0000000088900000, 0x0000000088a00000|  0%| F|  |TAMS 0x0000000088900000, 0x0000000088900000| Untracked 
| 138|0x0000000088a00000, 0x0000000088a00000, 0x0000000088b00000|  0%| F|  |TAMS 0x0000000088a00000, 0x0000000088a00000| Untracked 
| 139|0x0000000088b00000, 0x0000000088b00000, 0x0000000088c00000|  0%| F|  |TAMS 0x0000000088b00000, 0x0000000088b00000| Untracked 
| 140|0x0000000088c00000, 0x0000000088c00000, 0x0000000088d00000|  0%| F|  |TAMS 0x0000000088c00000, 0x0000000088c00000| Untracked 
| 141|0x0000000088d00000, 0x0000000088d00000, 0x0000000088e00000|  0%| F|  |TAMS 0x0000000088d00000, 0x0000000088d00000| Untracked 
| 142|0x0000000088e00000, 0x0000000088e00000, 0x0000000088f00000|  0%| F|  |TAMS 0x0000000088e00000, 0x0000000088e00000| Untracked 
| 143|0x0000000088f00000, 0x0000000088f00000, 0x0000000089000000|  0%| F|  |TAMS 0x0000000088f00000, 0x0000000088f00000| Untracked 
| 144|0x0000000089000000, 0x0000000089000000, 0x0000000089100000|  0%| F|  |TAMS 0x0000000089000000, 0x0000000089000000| Untracked 
| 145|0x0000000089100000, 0x0000000089100000, 0x0000000089200000|  0%| F|  |TAMS 0x0000000089100000, 0x0000000089100000| Untracked 
| 146|0x0000000089200000, 0x0000000089200000, 0x0000000089300000|  0%| F|  |TAMS 0x0000000089200000, 0x0000000089200000| Untracked 
| 147|0x0000000089300000, 0x0000000089300000, 0x0000000089400000|  0%| F|  |TAMS 0x0000000089300000, 0x0000000089300000| Untracked 
| 148|0x0000000089400000, 0x0000000089400000, 0x0000000089500000|  0%| F|  |TAMS 0x0000000089400000, 0x0000000089400000| Untracked 
| 149|0x0000000089500000, 0x0000000089500000, 0x0000000089600000|  0%| F|  |TAMS 0x0000000089500000, 0x0000000089500000| Untracked 
| 150|0x0000000089600000, 0x0000000089600000, 0x0000000089700000|  0%| F|  |TAMS 0x0000000089600000, 0x0000000089600000| Untracked 
| 151|0x0000000089700000, 0x0000000089700000, 0x0000000089800000|  0%| F|  |TAMS 0x0000000089700000, 0x0000000089700000| Untracked 
| 152|0x0000000089800000, 0x0000000089800000, 0x0000000089900000|  0%| F|  |TAMS 0x0000000089800000, 0x0000000089800000| Untracked 
| 153|0x0000000089900000, 0x0000000089900000, 0x0000000089a00000|  0%| F|  |TAMS 0x0000000089900000, 0x0000000089900000| Untracked 
| 154|0x0000000089a00000, 0x0000000089a00000, 0x0000000089b00000|  0%| F|  |TAMS 0x0000000089a00000, 0x0000000089a00000| Untracked 
| 155|0x0000000089b00000, 0x0000000089b00000, 0x0000000089c00000|  0%| F|  |TAMS 0x0000000089b00000, 0x0000000089b00000| Untracked 
| 156|0x0000000089c00000, 0x0000000089c00000, 0x0000000089d00000|  0%| F|  |TAMS 0x0000000089c00000, 0x0000000089c00000| Untracked 
| 157|0x0000000089d00000, 0x0000000089d00000, 0x0000000089e00000|  0%| F|  |TAMS 0x0000000089d00000, 0x0000000089d00000| Untracked 
| 158|0x0000000089e00000, 0x0000000089e00000, 0x0000000089f00000|  0%| F|  |TAMS 0x0000000089e00000, 0x0000000089e00000| Untracked 
| 159|0x0000000089f00000, 0x0000000089f00000, 0x000000008a000000|  0%| F|  |TAMS 0x0000000089f00000, 0x0000000089f00000| Untracked 
| 160|0x000000008a000000, 0x000000008a000000, 0x000000008a100000|  0%| F|  |TAMS 0x000000008a000000, 0x000000008a000000| Untracked 
| 161|0x000000008a100000, 0x000000008a100000, 0x000000008a200000|  0%| F|  |TAMS 0x000000008a100000, 0x000000008a100000| Untracked 
| 162|0x000000008a200000, 0x000000008a200000, 0x000000008a300000|  0%| F|  |TAMS 0x000000008a200000, 0x000000008a200000| Untracked 
| 163|0x000000008a300000, 0x000000008a300000, 0x000000008a400000|  0%| F|  |TAMS 0x000000008a300000, 0x000000008a300000| Untracked 
| 164|0x000000008a400000, 0x000000008a400000, 0x000000008a500000|  0%| F|  |TAMS 0x000000008a400000, 0x000000008a400000| Untracked 
| 165|0x000000008a500000, 0x000000008a5a3b48, 0x000000008a600000| 63%| S|CS|TAMS 0x000000008a500000, 0x000000008a500000| Complete 
| 166|0x000000008a600000, 0x000000008a700000, 0x000000008a700000|100%| S|CS|TAMS 0x000000008a600000, 0x000000008a600000| Complete 
| 167|0x000000008a700000, 0x000000008a800000, 0x000000008a800000|100%| S|CS|TAMS 0x000000008a700000, 0x000000008a700000| Complete 
| 168|0x000000008a800000, 0x000000008a900000, 0x000000008a900000|100%| S|CS|TAMS 0x000000008a800000, 0x000000008a800000| Complete 
| 169|0x000000008a900000, 0x000000008aa00000, 0x000000008aa00000|100%| S|CS|TAMS 0x000000008a900000, 0x000000008a900000| Complete 
| 170|0x000000008aa00000, 0x000000008aa00000, 0x000000008ab00000|  0%| F|  |TAMS 0x000000008aa00000, 0x000000008aa00000| Untracked 
| 171|0x000000008ab00000, 0x000000008ab00000, 0x000000008ac00000|  0%| F|  |TAMS 0x000000008ab00000, 0x000000008ab00000| Untracked 
| 172|0x000000008ac00000, 0x000000008ac00000, 0x000000008ad00000|  0%| F|  |TAMS 0x000000008ac00000, 0x000000008ac00000| Untracked 
| 173|0x000000008ad00000, 0x000000008ad00000, 0x000000008ae00000|  0%| F|  |TAMS 0x000000008ad00000, 0x000000008ad00000| Untracked 
| 174|0x000000008ae00000, 0x000000008ae00000, 0x000000008af00000|  0%| F|  |TAMS 0x000000008ae00000, 0x000000008ae00000| Untracked 
| 175|0x000000008af00000, 0x000000008af00000, 0x000000008b000000|  0%| F|  |TAMS 0x000000008af00000, 0x000000008af00000| Untracked 
| 176|0x000000008b000000, 0x000000008b000000, 0x000000008b100000|  0%| F|  |TAMS 0x000000008b000000, 0x000000008b000000| Untracked 
| 177|0x000000008b100000, 0x000000008b100000, 0x000000008b200000|  0%| F|  |TAMS 0x000000008b100000, 0x000000008b100000| Untracked 
| 178|0x000000008b200000, 0x000000008b200000, 0x000000008b300000|  0%| F|  |TAMS 0x000000008b200000, 0x000000008b200000| Untracked 
| 179|0x000000008b300000, 0x000000008b300000, 0x000000008b400000|  0%| F|  |TAMS 0x000000008b300000, 0x000000008b300000| Untracked 
| 180|0x000000008b400000, 0x000000008b400000, 0x000000008b500000|  0%| F|  |TAMS 0x000000008b400000, 0x000000008b400000| Untracked 
| 181|0x000000008b500000, 0x000000008b500000, 0x000000008b600000|  0%| F|  |TAMS 0x000000008b500000, 0x000000008b500000| Untracked 
| 182|0x000000008b600000, 0x000000008b600000, 0x000000008b700000|  0%| F|  |TAMS 0x000000008b600000, 0x000000008b600000| Untracked 
| 183|0x000000008b700000, 0x000000008b700000, 0x000000008b800000|  0%| F|  |TAMS 0x000000008b700000, 0x000000008b700000| Untracked 
| 184|0x000000008b800000, 0x000000008b800000, 0x000000008b900000|  0%| F|  |TAMS 0x000000008b800000, 0x000000008b800000| Untracked 
| 185|0x000000008b900000, 0x000000008b900000, 0x000000008ba00000|  0%| F|  |TAMS 0x000000008b900000, 0x000000008b900000| Untracked 
| 186|0x000000008ba00000, 0x000000008ba00000, 0x000000008bb00000|  0%| F|  |TAMS 0x000000008ba00000, 0x000000008ba00000| Untracked 
| 187|0x000000008bb00000, 0x000000008bb00000, 0x000000008bc00000|  0%| F|  |TAMS 0x000000008bb00000, 0x000000008bb00000| Untracked 
| 188|0x000000008bc00000, 0x000000008bc00000, 0x000000008bd00000|  0%| F|  |TAMS 0x000000008bc00000, 0x000000008bc00000| Untracked 
| 189|0x000000008bd00000, 0x000000008bd00000, 0x000000008be00000|  0%| F|  |TAMS 0x000000008bd00000, 0x000000008bd00000| Untracked 
| 190|0x000000008be00000, 0x000000008be00000, 0x000000008bf00000|  0%| F|  |TAMS 0x000000008be00000, 0x000000008be00000| Untracked 
| 191|0x000000008bf00000, 0x000000008bf00000, 0x000000008c000000|  0%| F|  |TAMS 0x000000008bf00000, 0x000000008bf00000| Untracked 
| 192|0x000000008c000000, 0x000000008c000000, 0x000000008c100000|  0%| F|  |TAMS 0x000000008c000000, 0x000000008c000000| Untracked 
| 193|0x000000008c100000, 0x000000008c100000, 0x000000008c200000|  0%| F|  |TAMS 0x000000008c100000, 0x000000008c100000| Untracked 
| 194|0x000000008c200000, 0x000000008c200000, 0x000000008c300000|  0%| F|  |TAMS 0x000000008c200000, 0x000000008c200000| Untracked 
| 195|0x000000008c300000, 0x000000008c300000, 0x000000008c400000|  0%| F|  |TAMS 0x000000008c300000, 0x000000008c300000| Untracked 
| 196|0x000000008c400000, 0x000000008c400000, 0x000000008c500000|  0%| F|  |TAMS 0x000000008c400000, 0x000000008c400000| Untracked 
| 197|0x000000008c500000, 0x000000008c500000, 0x000000008c600000|  0%| F|  |TAMS 0x000000008c500000, 0x000000008c500000| Untracked 
| 198|0x000000008c600000, 0x000000008c600000, 0x000000008c700000|  0%| F|  |TAMS 0x000000008c600000, 0x000000008c600000| Untracked 
| 199|0x000000008c700000, 0x000000008c700000, 0x000000008c800000|  0%| F|  |TAMS 0x000000008c700000, 0x000000008c700000| Untracked 
| 200|0x000000008c800000, 0x000000008c800000, 0x000000008c900000|  0%| F|  |TAMS 0x000000008c800000, 0x000000008c800000| Untracked 
| 201|0x000000008c900000, 0x000000008c900000, 0x000000008ca00000|  0%| F|  |TAMS 0x000000008c900000, 0x000000008c900000| Untracked 
| 202|0x000000008ca00000, 0x000000008ca00000, 0x000000008cb00000|  0%| F|  |TAMS 0x000000008ca00000, 0x000000008ca00000| Untracked 
| 203|0x000000008cb00000, 0x000000008cb00000, 0x000000008cc00000|  0%| F|  |TAMS 0x000000008cb00000, 0x000000008cb00000| Untracked 
| 204|0x000000008cc00000, 0x000000008cc00000, 0x000000008cd00000|  0%| F|  |TAMS 0x000000008cc00000, 0x000000008cc00000| Untracked 
| 205|0x000000008cd00000, 0x000000008cd00000, 0x000000008ce00000|  0%| F|  |TAMS 0x000000008cd00000, 0x000000008cd00000| Untracked 
| 206|0x000000008ce00000, 0x000000008ce00000, 0x000000008cf00000|  0%| F|  |TAMS 0x000000008ce00000, 0x000000008ce00000| Untracked 
| 207|0x000000008cf00000, 0x000000008cf00000, 0x000000008d000000|  0%| F|  |TAMS 0x000000008cf00000, 0x000000008cf00000| Untracked 
| 208|0x000000008d000000, 0x000000008d000000, 0x000000008d100000|  0%| F|  |TAMS 0x000000008d000000, 0x000000008d000000| Untracked 
| 209|0x000000008d100000, 0x000000008d100000, 0x000000008d200000|  0%| F|  |TAMS 0x000000008d100000, 0x000000008d100000| Untracked 
| 210|0x000000008d200000, 0x000000008d200000, 0x000000008d300000|  0%| F|  |TAMS 0x000000008d200000, 0x000000008d200000| Untracked 
| 211|0x000000008d300000, 0x000000008d300000, 0x000000008d400000|  0%| F|  |TAMS 0x000000008d300000, 0x000000008d300000| Untracked 
| 212|0x000000008d400000, 0x000000008d400000, 0x000000008d500000|  0%| F|  |TAMS 0x000000008d400000, 0x000000008d400000| Untracked 
| 213|0x000000008d500000, 0x000000008d500000, 0x000000008d600000|  0%| F|  |TAMS 0x000000008d500000, 0x000000008d500000| Untracked 
| 214|0x000000008d600000, 0x000000008d600000, 0x000000008d700000|  0%| F|  |TAMS 0x000000008d600000, 0x000000008d600000| Untracked 

Card table byte_map: [0x000002892ac50000,0x000002892b050000] _byte_map_base: 0x000002892a850000

Marking Bits (Prev, Next): (CMBitMap*) 0x0000028913dc0080, (CMBitMap*) 0x0000028913dc00c0
 Prev Bits: [0x000002892b450000, 0x000002892d450000)
 Next Bits: [0x000002892d450000, 0x000002892f450000)

Polling page: 0x0000028911ef0000

Metaspace:

Usage:
  Non-class:     78.81 MB used.
      Class:     12.61 MB used.
       Both:     91.42 MB used.

Virtual space:
  Non-class space:       80.00 MB reserved,      79.31 MB (>99%) committed,  10 nodes.
      Class space:      412.00 MB reserved,      13.00 MB (  3%) committed,  1 nodes.
             Both:      492.00 MB reserved,      92.31 MB ( 19%) committed. 

Chunk freelists:
   Non-Class:  608.00 KB
       Class:  3.01 MB
        Both:  3.61 MB

MaxMetaspaceSize: 512.00 MB
CompressedClassSpaceSize: 412.00 MB
Initial GC threshold: 21.00 MB
Current GC threshold: 150.44 MB
CDS: on
MetaspaceReclaimPolicy: balanced
 - commit_granule_bytes: 65536.
 - commit_granule_words: 8192.
 - virtual_space_node_default_size: 1048576.
 - enlarge_chunks_in_place: 1.
 - new_chunks_are_fully_committed: 0.
 - uncommit_free_chunks: 1.
 - use_allocation_guard: 0.
 - handle_deallocations: 1.


Internal statistics:

num_allocs_failed_limit: 6.
num_arena_births: 1026.
num_arena_deaths: 0.
num_vsnodes_births: 11.
num_vsnodes_deaths: 0.
num_space_committed: 1477.
num_space_uncommitted: 0.
num_chunks_returned_to_freelist: 6.
num_chunks_taken_from_freelist: 4960.
num_chunk_merges: 6.
num_chunk_splits: 3281.
num_chunks_enlarged: 2211.
num_purges: 0.
num_inconsistent_stats: 0.

CodeHeap 'non-profiled nmethods': size=120000Kb used=7087Kb max_used=7087Kb free=112912Kb
 bounds [0x0000028923320000, 0x0000028923a10000, 0x000002892a850000]
CodeHeap 'profiled nmethods': size=120000Kb used=23469Kb max_used=23469Kb free=96530Kb
 bounds [0x000002891b850000, 0x000002891cf40000, 0x0000028922d80000]
CodeHeap 'non-nmethods': size=5760Kb used=2409Kb max_used=2484Kb free=3350Kb
 bounds [0x0000028922d80000, 0x0000028923000000, 0x0000028923320000]
 total_blobs=12385 nmethods=11441 adapters=854
 compilation: enabled
              stopped_count=0, restarted_count=0
 full_count=0

Compilation events (20 events):
Event: 64.045 Thread 0x0000028931949c80 12923       3       org.gradle.api.internal.FilePropertyContainer::iterator (106 bytes)
Event: 64.047 Thread 0x0000028931949c80 nmethod 12923 0x000002891cf35a90 code [0x000002891cf35d80, 0x000002891cf36ee8]
Event: 64.052 Thread 0x0000028931947ea0 nmethod 12915 0x0000028923a0b090 code [0x0000028923a0b280, 0x0000028923a0b850]
Event: 64.052 Thread 0x0000028931947ea0 12907       4       org.gradle.api.internal.tasks.FailureCollectingTaskDependencyResolveContext::add (47 bytes)
Event: 64.061 Thread 0x0000028931949c80 12925       3       org.gradle.api.internal.artifacts.transform.AttributeMatchingVariantSelector$$Lambda$1184/0x00000008018b9660::apply (8 bytes)
Event: 64.061 Thread 0x0000028931949c80 nmethod 12925 0x000002891cf37410 code [0x000002891cf375c0, 0x000002891cf37938]
Event: 64.066 Thread 0x0000028931949c80 12927       3       com.android.build.gradle.internal.dependency.VariantDependencies$Companion$getComponentFilter$2::isSatisfiedBy (9 bytes)
Event: 64.066 Thread 0x0000028931949c80 nmethod 12927 0x000002891cf37a90 code [0x000002891cf37c40, 0x000002891cf37fd8]
Event: 64.066 Thread 0x0000028931949c80 12928       3       com.android.build.gradle.internal.dependency.VariantDependencies$Companion$getComponentFilter$2::isSatisfiedBy (5 bytes)
Event: 64.066 Thread 0x0000028931949c80 nmethod 12928 0x000002891cf38090 code [0x000002891cf38220, 0x000002891cf38458]
Event: 64.067 Thread 0x0000028931949c80 12929       3       org.gradle.api.internal.tasks.WorkDependencyResolver$1::resolve (84 bytes)
Event: 64.068 Thread 0x0000028931949c80 nmethod 12929 0x000002891cf38510 code [0x000002891cf38760, 0x000002891cf39418]
Event: 64.068 Thread 0x0000028931949c80 12930       3       org.gradle.api.internal.tasks.CachingTaskDependencyResolveContext$TaskGraphImpl$$Lambda$947/0x00000008013ea198::execute (11 bytes)
Event: 64.068 Thread 0x0000028931949c80 nmethod 12930 0x000002891cf39690 code [0x000002891cf39840, 0x000002891cf39a08]
Event: 64.068 Thread 0x0000028931949c80 12931       3       org.gradle.execution.plan.TaskNodeDependencyResolver::resolve (18 bytes)
Event: 64.069 Thread 0x0000028931949c80 nmethod 12931 0x000002891cf39b10 code [0x000002891cf39d20, 0x000002891cf3a3d8]
Event: 64.069 Thread 0x0000028931949c80 12932       3       org.gradle.execution.plan.TaskNodeDependencyResolver$$Lambda$969/0x00000008013fa6e0::<init> (15 bytes)
Event: 64.069 Thread 0x0000028931949c80 nmethod 12932 0x000002891cf3a690 code [0x000002891cf3a840, 0x000002891cf3aa58]
Event: 64.070 Thread 0x0000028931949c80 12933       3       org.gradle.api.internal.artifacts.ivyservice.resolveengine.artifact.CompositeResolvedArtifactSet::visitDependencies (40 bytes)
Event: 64.070 Thread 0x0000028931949c80 nmethod 12933 0x000002891cf3ab10 code [0x000002891cf3ad00, 0x000002891cf3b2f8]

GC Heap History (20 events):
Event: 56.079 GC heap after
{Heap after GC invocations=42 (full 0):
 garbage-first heap   total 189440K, used 80722K [0x0000000080000000, 0x0000000100000000)
  region size 1024K, 5 young (5120K), 5 survivors (5120K)
 Metaspace       used 78301K, committed 78976K, reserved 495616K
  class space    used 10931K, committed 11264K, reserved 421888K
}
Event: 56.555 GC heap before
{Heap before GC invocations=42 (full 0):
 garbage-first heap   total 189440K, used 93010K [0x0000000080000000, 0x0000000100000000)
  region size 1024K, 17 young (17408K), 5 survivors (5120K)
 Metaspace       used 78746K, committed 79488K, reserved 495616K
  class space    used 10976K, committed 11328K, reserved 421888K
}
Event: 56.564 GC heap after
{Heap after GC invocations=43 (full 0):
 garbage-first heap   total 189440K, used 84153K [0x0000000080000000, 0x0000000100000000)
  region size 1024K, 6 young (6144K), 6 survivors (6144K)
 Metaspace       used 78746K, committed 79488K, reserved 495616K
  class space    used 10976K, committed 11328K, reserved 421888K
}
Event: 57.637 GC heap before
{Heap before GC invocations=43 (full 0):
 garbage-first heap   total 189440K, used 118969K [0x0000000080000000, 0x0000000100000000)
  region size 1024K, 37 young (37888K), 6 survivors (6144K)
 Metaspace       used 80131K, committed 80960K, reserved 495616K
  class space    used 11201K, committed 11584K, reserved 421888K
}
Event: 57.653 GC heap after
{Heap after GC invocations=44 (full 0):
 garbage-first heap   total 189440K, used 93793K [0x0000000080000000, 0x0000000100000000)
  region size 1024K, 7 young (7168K), 7 survivors (7168K)
 Metaspace       used 80131K, committed 80960K, reserved 495616K
  class space    used 11201K, committed 11584K, reserved 421888K
}
Event: 59.290 GC heap before
{Heap before GC invocations=45 (full 0):
 garbage-first heap   total 189440K, used 142945K [0x0000000080000000, 0x0000000100000000)
  region size 1024K, 51 young (52224K), 7 survivors (7168K)
 Metaspace       used 82493K, committed 83328K, reserved 495616K
  class space    used 11482K, committed 11904K, reserved 421888K
}
Event: 59.307 GC heap after
{Heap after GC invocations=46 (full 0):
 garbage-first heap   total 189440K, used 105313K [0x0000000080000000, 0x0000000100000000)
  region size 1024K, 7 young (7168K), 7 survivors (7168K)
 Metaspace       used 82493K, committed 83328K, reserved 495616K
  class space    used 11482K, committed 11904K, reserved 421888K
}
Event: 59.331 GC heap before
{Heap before GC invocations=46 (full 0):
 garbage-first heap   total 189440K, used 107361K [0x0000000080000000, 0x0000000100000000)
  region size 1024K, 9 young (9216K), 7 survivors (7168K)
 Metaspace       used 82493K, committed 83328K, reserved 495616K
  class space    used 11482K, committed 11904K, reserved 421888K
}
Event: 59.344 GC heap after
{Heap after GC invocations=47 (full 0):
 garbage-first heap   total 189440K, used 108012K [0x0000000080000000, 0x0000000100000000)
  region size 1024K, 2 young (2048K), 2 survivors (2048K)
 Metaspace       used 82493K, committed 83328K, reserved 495616K
  class space    used 11482K, committed 11904K, reserved 421888K
}
Event: 60.260 GC heap before
{Heap before GC invocations=47 (full 0):
 garbage-first heap   total 189440K, used 148972K [0x0000000080000000, 0x0000000100000000)
  region size 1024K, 40 young (40960K), 2 survivors (2048K)
 Metaspace       used 85214K, committed 86080K, reserved 503808K
  class space    used 11836K, committed 12224K, reserved 421888K
}
Event: 60.272 GC heap after
{Heap after GC invocations=48 (full 0):
 garbage-first heap   total 189440K, used 118784K [0x0000000080000000, 0x0000000100000000)
  region size 1024K, 5 young (5120K), 5 survivors (5120K)
 Metaspace       used 85214K, committed 86080K, reserved 503808K
  class space    used 11836K, committed 12224K, reserved 421888K
}
Event: 61.155 GC heap before
{Heap before GC invocations=48 (full 0):
 garbage-first heap   total 189440K, used 152576K [0x0000000080000000, 0x0000000100000000)
  region size 1024K, 38 young (38912K), 5 survivors (5120K)
 Metaspace       used 89600K, committed 90496K, reserved 503808K
  class space    used 12458K, committed 12864K, reserved 421888K
}
Event: 61.166 GC heap after
{Heap after GC invocations=49 (full 0):
 garbage-first heap   total 189440K, used 120659K [0x0000000080000000, 0x0000000100000000)
  region size 1024K, 3 young (3072K), 3 survivors (3072K)
 Metaspace       used 89600K, committed 90496K, reserved 503808K
  class space    used 12458K, committed 12864K, reserved 421888K
}
Event: 62.199 GC heap before
{Heap before GC invocations=49 (full 0):
 garbage-first heap   total 189440K, used 154451K [0x0000000080000000, 0x0000000100000000)
  region size 1024K, 36 young (36864K), 3 survivors (3072K)
 Metaspace       used 91276K, committed 92160K, reserved 503808K
  class space    used 12659K, committed 13056K, reserved 421888K
}
Event: 62.216 GC heap after
{Heap after GC invocations=50 (full 0):
 garbage-first heap   total 189440K, used 124896K [0x0000000080000000, 0x0000000100000000)
  region size 1024K, 5 young (5120K), 5 survivors (5120K)
 Metaspace       used 91276K, committed 92160K, reserved 503808K
  class space    used 12659K, committed 13056K, reserved 421888K
}
Event: 63.197 GC heap before
{Heap before GC invocations=51 (full 0):
 garbage-first heap   total 220160K, used 154592K [0x0000000080000000, 0x0000000100000000)
  region size 1024K, 34 young (34816K), 5 survivors (5120K)
 Metaspace       used 91816K, committed 92672K, reserved 503808K
  class space    used 12702K, committed 13120K, reserved 421888K
}
Event: 63.219 GC heap after
{Heap after GC invocations=52 (full 0):
 garbage-first heap   total 220160K, used 128950K [0x0000000080000000, 0x0000000100000000)
  region size 1024K, 4 young (4096K), 4 survivors (4096K)
 Metaspace       used 91816K, committed 92672K, reserved 503808K
  class space    used 12702K, committed 13120K, reserved 421888K
}
Event: 63.331 GC heap before
{Heap before GC invocations=52 (full 0):
 garbage-first heap   total 220160K, used 135094K [0x0000000080000000, 0x0000000100000000)
  region size 1024K, 10 young (10240K), 4 survivors (4096K)
 Metaspace       used 91956K, committed 92800K, reserved 503808K
  class space    used 12717K, committed 13120K, reserved 421888K
}
Event: 63.339 GC heap after
{Heap after GC invocations=53 (full 0):
 garbage-first heap   total 220160K, used 129231K [0x0000000080000000, 0x0000000100000000)
  region size 1024K, 1 young (1024K), 1 survivors (1024K)
 Metaspace       used 91956K, committed 92800K, reserved 503808K
  class space    used 12717K, committed 13120K, reserved 421888K
}
Event: 64.074 GC heap before
{Heap before GC invocations=53 (full 0):
 garbage-first heap   total 220160K, used 174287K [0x0000000080000000, 0x0000000100000000)
  region size 1024K, 45 young (46080K), 1 survivors (1024K)
 Metaspace       used 93616K, committed 94528K, reserved 503808K
  class space    used 12915K, committed 13312K, reserved 421888K
}

Dll operation events (12 events):
Event: 0.013 Loaded shared library C:\Program Files\Eclipse Adoptium\jdk-17.0.6.10-hotspot\bin\java.dll
Event: 0.034 Loaded shared library C:\Program Files\Eclipse Adoptium\jdk-17.0.6.10-hotspot\bin\jsvml.dll
Event: 0.122 Loaded shared library C:\Program Files\Eclipse Adoptium\jdk-17.0.6.10-hotspot\bin\net.dll
Event: 0.124 Loaded shared library C:\Program Files\Eclipse Adoptium\jdk-17.0.6.10-hotspot\bin\nio.dll
Event: 0.131 Loaded shared library C:\Program Files\Eclipse Adoptium\jdk-17.0.6.10-hotspot\bin\zip.dll
Event: 0.546 Loaded shared library C:\Program Files\Eclipse Adoptium\jdk-17.0.6.10-hotspot\bin\jimage.dll
Event: 0.695 Loaded shared library C:\Program Files\Eclipse Adoptium\jdk-17.0.6.10-hotspot\bin\verify.dll
Event: 1.216 Loaded shared library C:\Users\hp\.gradle\native\e1d6ef7f7dcc3fd88c89a11ec53ec762bb8ba0a96d01ffa2cd45eb1d1d8dd5c5\windows-amd64\native-platform.dll
Event: 1.227 Loaded shared library C:\Users\hp\.gradle\native\0d407fdbe67a94daf76414ababcb853783967236a71b16ec16e742cd7a986fd3\windows-amd64\native-platform-file-events.dll
Event: 5.672 Loaded shared library C:\Program Files\Eclipse Adoptium\jdk-17.0.6.10-hotspot\bin\management.dll
Event: 5.754 Loaded shared library C:\Program Files\Eclipse Adoptium\jdk-17.0.6.10-hotspot\bin\management_ext.dll
Event: 7.275 Loaded shared library C:\Program Files\Eclipse Adoptium\jdk-17.0.6.10-hotspot\bin\sunmscapi.dll

Deoptimization events (20 events):
Event: 63.824 Thread 0x0000028933d41ef0 Uncommon trap: trap_request=0xfffffff4 fr.pc=0x00000289239f04f0 relative=0x0000000000000a10
Event: 63.824 Thread 0x0000028933d41ef0 Uncommon trap: reason=null_check action=make_not_entrant pc=0x00000289239f04f0 method=org.gradle.internal.instantiation.generator.AbstractClassGenerator$DslMixInPropertyType.visitProperty(Lorg/gradle/internal/instantiation/generator/AbstractClassGenerator
Event: 63.824 Thread 0x0000028933d41ef0 DEOPT PACKING pc=0x00000289239f04f0 sp=0x000000e3291f8150
Event: 63.824 Thread 0x0000028933d41ef0 DEOPT UNPACKING pc=0x0000028922dd69a3 sp=0x000000e3291f8128 mode 2
Event: 63.824 Thread 0x0000028933d41ef0 Uncommon trap: trap_request=0xfffffff4 fr.pc=0x00000289239f1988 relative=0x0000000000000948
Event: 63.824 Thread 0x0000028933d41ef0 Uncommon trap: reason=null_check action=make_not_entrant pc=0x00000289239f1988 method=org.gradle.internal.instantiation.generator.AbstractClassGenerator.isPropertyType(Ljava/lang/Class;)Z @ 21 c2
Event: 63.824 Thread 0x0000028933d41ef0 DEOPT PACKING pc=0x00000289239f1988 sp=0x000000e3291f8150
Event: 63.824 Thread 0x0000028933d41ef0 DEOPT UNPACKING pc=0x0000028922dd69a3 sp=0x000000e3291f8068 mode 2
Event: 63.892 Thread 0x0000028933d41ef0 Uncommon trap: trap_request=0xffffffd6 fr.pc=0x00000289239e3108 relative=0x0000000000000368
Event: 63.892 Thread 0x0000028933d41ef0 Uncommon trap: reason=array_check action=maybe_recompile pc=0x00000289239e3108 method=java.util.LinkedHashMap.keysToArray([Ljava/lang/Object;)[Ljava/lang/Object; @ 25 c2
Event: 63.892 Thread 0x0000028933d41ef0 DEOPT PACKING pc=0x00000289239e3108 sp=0x000000e3291f9010
Event: 63.892 Thread 0x0000028933d41ef0 DEOPT UNPACKING pc=0x0000028922dd69a3 sp=0x000000e3291f8fb8 mode 2
Event: 64.051 Thread 0x0000028933d41ef0 Uncommon trap: trap_request=0xffffffd6 fr.pc=0x00000289239e3108 relative=0x0000000000000368
Event: 64.051 Thread 0x0000028933d41ef0 Uncommon trap: reason=array_check action=maybe_recompile pc=0x00000289239e3108 method=java.util.LinkedHashMap.keysToArray([Ljava/lang/Object;)[Ljava/lang/Object; @ 25 c2
Event: 64.051 Thread 0x0000028933d41ef0 DEOPT PACKING pc=0x00000289239e3108 sp=0x000000e3291f9ec0
Event: 64.051 Thread 0x0000028933d41ef0 DEOPT UNPACKING pc=0x0000028922dd69a3 sp=0x000000e3291f9e68 mode 2
Event: 64.062 Thread 0x0000028933d41ef0 Uncommon trap: trap_request=0xffffffd6 fr.pc=0x00000289239e3108 relative=0x0000000000000368
Event: 64.062 Thread 0x0000028933d41ef0 Uncommon trap: reason=array_check action=maybe_recompile pc=0x00000289239e3108 method=java.util.LinkedHashMap.keysToArray([Ljava/lang/Object;)[Ljava/lang/Object; @ 25 c2
Event: 64.062 Thread 0x0000028933d41ef0 DEOPT PACKING pc=0x00000289239e3108 sp=0x000000e3291f9ec0
Event: 64.062 Thread 0x0000028933d41ef0 DEOPT UNPACKING pc=0x0000028922dd69a3 sp=0x000000e3291f9e68 mode 2

Classes unloaded (0 events):
No events

Classes redefined (0 events):
No events

Internal exceptions (20 events):
Event: 59.730 Thread 0x0000028933d41ef0 Exception <a 'java/lang/ClassNotFoundException'{0x000000008a482928}: com/android/build/gradle/internal/CompileOptions$AgpDecoratedCustomizer> (0x000000008a482928) 
thrown [s\src\hotspot\share\classfile\systemDictionary.cpp, line 256]
Event: 59.732 Thread 0x0000028933d41ef0 Exception <a 'java/lang/ClassNotFoundException'{0x000000008a4a0f30}: com/android/build/gradle/internal/CompileOptions$AgpDecorated_DecoratedCustomizer> (0x000000008a4a0f30) 
thrown [s\src\hotspot\share\classfile\systemDictionary.cpp, line 256]
Event: 59.742 Thread 0x0000028933d41ef0 Exception <a 'java/lang/ClassNotFoundException'{0x000000008a316ae8}: org/jetbrains/kotlin/gradle/plugin/sources/DefaultKotlinSourceSetBeanInfo> (0x000000008a316ae8) 
thrown [s\src\hotspot\share\classfile\systemDictionary.cpp, line 256]
Event: 59.742 Thread 0x0000028933d41ef0 Exception <a 'java/lang/ClassNotFoundException'{0x000000008a324be8}: org/jetbrains/kotlin/gradle/plugin/sources/DefaultKotlinSourceSetCustomizer> (0x000000008a324be8) 
thrown [s\src\hotspot\share\classfile\systemDictionary.cpp, line 256]
Event: 59.925 Thread 0x0000028933d41ef0 Exception <a 'java/lang/NoClassDefFoundError'{0x0000000089d3fd28}: org/jetbrains/kotlin/gradle/plugin/KotlinBasePluginWrapper> (0x0000000089d3fd28) 
thrown [s\src\hotspot\share\oops\constantPool.cpp, line 835]
Event: 60.001 Thread 0x0000028933d41ef0 Implicit null exception at 0x000002892357198a to 0x0000028923572034
Event: 60.001 Thread 0x0000028933d41ef0 Implicit null exception at 0x000002892334385b to 0x00000289233438ec
Event: 60.362 Thread 0x0000028933d41ef0 Exception <a 'sun/nio/fs/WindowsException'{0x000000008b4c3f20}> (0x000000008b4c3f20) 
thrown [s\src\hotspot\share\prims\jni.cpp, line 516]
Event: 60.532 Thread 0x0000028933d41ef0 Exception <a 'java/lang/NullPointerException'{0x000000008add3178}> (0x000000008add3178) 
thrown [s\src\hotspot\share\interpreter\linkResolver.cpp, line 1433]
Event: 60.656 Thread 0x0000028933d41ef0 Implicit null exception at 0x00000289236925ff to 0x0000028923694484
Event: 60.944 Thread 0x0000028933d41ef0 Exception <a 'sun/nio/fs/WindowsException'{0x0000000089fa1b98}> (0x0000000089fa1b98) 
thrown [s\src\hotspot\share\prims\jni.cpp, line 516]
Event: 60.944 Thread 0x0000028933d41ef0 Exception <a 'sun/nio/fs/WindowsException'{0x0000000089fa2f08}> (0x0000000089fa2f08) 
thrown [s\src\hotspot\share\prims\jni.cpp, line 516]
Event: 60.944 Thread 0x0000028933d41ef0 Exception <a 'sun/nio/fs/WindowsException'{0x0000000089fa42c8}> (0x0000000089fa42c8) 
thrown [s\src\hotspot\share\prims\jni.cpp, line 516]
Event: 60.945 Thread 0x0000028933d41ef0 Exception <a 'sun/nio/fs/WindowsException'{0x0000000089fa5688}> (0x0000000089fa5688) 
thrown [s\src\hotspot\share\prims\jni.cpp, line 516]
Event: 61.002 Thread 0x0000028933d41ef0 Implicit null exception at 0x00000289238f8d1b to 0x0000028923900ac4
Event: 61.167 Thread 0x00000289319294d0 Implicit null exception at 0x0000028923572dfd to 0x000002892357345c
Event: 62.625 Thread 0x0000028933d41ef0 Implicit null exception at 0x0000028923993590 to 0x0000028923993658
Event: 63.247 Thread 0x0000028933d41ef0 Implicit null exception at 0x00000289239c7b0a to 0x00000289239c7bea
Event: 63.824 Thread 0x0000028933d41ef0 Implicit null exception at 0x00000289239efb4e to 0x00000289239f04e0
Event: 63.824 Thread 0x0000028933d41ef0 Implicit null exception at 0x00000289239f131c to 0x00000289239f1978

VM Operations (20 events):
Event: 61.931 Executing VM operation: ICBufferFull done
Event: 62.187 Executing VM operation: HandshakeAllThreads
Event: 62.188 Executing VM operation: HandshakeAllThreads done
Event: 62.199 Executing VM operation: G1CollectForAllocation
Event: 62.216 Executing VM operation: G1CollectForAllocation done
Event: 62.418 Executing VM operation: ICBufferFull
Event: 62.418 Executing VM operation: ICBufferFull done
Event: 62.533 Executing VM operation: G1Concurrent
Event: 62.544 Executing VM operation: G1Concurrent done
Event: 62.688 Executing VM operation: G1Concurrent
Event: 62.690 Executing VM operation: G1Concurrent done
Event: 63.197 Executing VM operation: G1CollectForAllocation
Event: 63.219 Executing VM operation: G1CollectForAllocation done
Event: 63.302 Executing VM operation: HandshakeAllThreads
Event: 63.303 Executing VM operation: HandshakeAllThreads done
Event: 63.330 Executing VM operation: G1CollectForAllocation
Event: 63.339 Executing VM operation: G1CollectForAllocation done
Event: 63.916 Executing VM operation: ICBufferFull
Event: 63.916 Executing VM operation: ICBufferFull done
Event: 64.074 Executing VM operation: G1CollectForAllocation

Events (20 events):
Event: 60.932 loading class javax/xml/datatype/DatatypeConfigurationException
Event: 60.932 loading class javax/xml/datatype/DatatypeConfigurationException done
Event: 60.935 loading class com/sun/org/apache/xerces/internal/impl/io/MalformedByteSequenceException
Event: 60.936 loading class com/sun/org/apache/xerces/internal/impl/io/MalformedByteSequenceException done
Event: 60.945 loading class java/util/EnumMap$EntrySet
Event: 60.946 loading class java/util/EnumMap$EntrySet done
Event: 60.946 loading class java/util/EnumMap$EntryIterator
Event: 60.946 loading class java/util/EnumMap$EnumMapIterator
Event: 60.946 loading class java/util/EnumMap$EnumMapIterator done
Event: 60.946 loading class java/util/EnumMap$EntryIterator done
Event: 60.946 loading class java/util/EnumMap$EntryIterator$Entry
Event: 60.946 loading class java/util/EnumMap$EntryIterator$Entry done
Event: 61.430 loading class javax/management/InstanceAlreadyExistsException
Event: 61.430 loading class javax/management/InstanceAlreadyExistsException done
Event: 61.430 loading class javax/management/MBeanRegistrationException
Event: 61.430 loading class javax/management/MBeanRegistrationException done
Event: 61.430 loading class javax/management/NotCompliantMBeanException
Event: 61.430 loading class javax/management/NotCompliantMBeanException done
Event: 62.198 Thread 0x0000028932422830 flushing nmethod 0x000002891be01010
Event: 62.217 Thread 0x0000028932422830 flushing nmethod 0x000002891bfa4490


Dynamic libraries:
0x00007ff6ae610000 - 0x00007ff6ae61e000 	C:\Program Files\Eclipse Adoptium\jdk-17.0.6.10-hotspot\bin\java.exe
0x00007ffaf3270000 - 0x00007ffaf3468000 	C:\Windows\SYSTEM32\ntdll.dll
0x00007ffaf2440000 - 0x00007ffaf24ff000 	C:\Windows\System32\KERNEL32.DLL
0x00007ffaf0c70000 - 0x00007ffaf0f66000 	C:\Windows\System32\KERNELBASE.dll
0x00007ffaf11d0000 - 0x00007ffaf12d0000 	C:\Windows\System32\ucrtbase.dll
0x00007ffad75c0000 - 0x00007ffad75d9000 	C:\Program Files\Eclipse Adoptium\jdk-17.0.6.10-hotspot\bin\VCRUNTIME140.dll
0x00007ffac2a10000 - 0x00007ffac2a27000 	C:\Program Files\Eclipse Adoptium\jdk-17.0.6.10-hotspot\bin\jli.dll
0x00007ffaf2750000 - 0x00007ffaf28ed000 	C:\Windows\System32\USER32.dll
0x00007ffaf0950000 - 0x00007ffaf0972000 	C:\Windows\System32\win32u.dll
0x00007ffaf2f80000 - 0x00007ffaf2fac000 	C:\Windows\System32\GDI32.dll
0x00007ffaf10b0000 - 0x00007ffaf11c5000 	C:\Windows\System32\gdi32full.dll
0x00007ffaf0fa0000 - 0x00007ffaf103d000 	C:\Windows\System32\msvcp_win.dll
0x00007ffadf0a0000 - 0x00007ffadf33a000 	C:\Windows\WinSxS\amd64_microsoft.windows.common-controls_6595b64144ccf1df_6.0.19041.1110_none_60b5254171f9507e\COMCTL32.dll
0x00007ffaf26b0000 - 0x00007ffaf274e000 	C:\Windows\System32\msvcrt.dll
0x00007ffaf2350000 - 0x00007ffaf2380000 	C:\Windows\System32\IMM32.DLL
0x00007ffad7720000 - 0x00007ffad772c000 	C:\Program Files\Eclipse Adoptium\jdk-17.0.6.10-hotspot\bin\vcruntime140_1.dll
0x00007ffa83450000 - 0x00007ffa834e1000 	C:\Program Files\Eclipse Adoptium\jdk-17.0.6.10-hotspot\bin\msvcp140.dll
0x00007ffa7a4c0000 - 0x00007ffa7b107000 	C:\Program Files\Eclipse Adoptium\jdk-17.0.6.10-hotspot\bin\server\jvm.dll
0x00007ffaf2500000 - 0x00007ffaf25af000 	C:\Windows\System32\ADVAPI32.dll
0x00007ffaf25b0000 - 0x00007ffaf264c000 	C:\Windows\System32\sechost.dll
0x00007ffaf1ca0000 - 0x00007ffaf1dc6000 	C:\Windows\System32\RPCRT4.dll
0x00007ffad1a60000 - 0x00007ffad1a69000 	C:\Windows\SYSTEM32\WSOCK32.dll
0x00007ffaf2fb0000 - 0x00007ffaf301b000 	C:\Windows\System32\WS2_32.dll
0x00007ffade0d0000 - 0x00007ffade0f7000 	C:\Windows\SYSTEM32\WINMM.dll
0x00007ffae95a0000 - 0x00007ffae95aa000 	C:\Windows\SYSTEM32\VERSION.dll
0x00007ffaee810000 - 0x00007ffaee822000 	C:\Windows\SYSTEM32\kernel.appcore.dll
0x00007ffacce80000 - 0x00007ffacce8a000 	C:\Program Files\Eclipse Adoptium\jdk-17.0.6.10-hotspot\bin\jimage.dll
0x00007ffada910000 - 0x00007ffadaaf4000 	C:\Windows\SYSTEM32\DBGHELP.DLL
0x00007ffadae40000 - 0x00007ffadae74000 	C:\Windows\SYSTEM32\dbgcore.DLL
0x00007ffaf0ae0000 - 0x00007ffaf0b62000 	C:\Windows\System32\bcryptPrimitives.dll
0x00007ffa91ff0000 - 0x00007ffa92015000 	C:\Program Files\Eclipse Adoptium\jdk-17.0.6.10-hotspot\bin\java.dll
0x00007ffa83010000 - 0x00007ffa830e6000 	C:\Program Files\Eclipse Adoptium\jdk-17.0.6.10-hotspot\bin\jsvml.dll
0x00007ffaf13c0000 - 0x00007ffaf1b04000 	C:\Windows\System32\SHELL32.dll
0x00007ffaeea10000 - 0x00007ffaef1a3000 	C:\Windows\SYSTEM32\windows.storage.dll
0x00007ffaf1e30000 - 0x00007ffaf2184000 	C:\Windows\System32\combase.dll
0x00007ffaf02d0000 - 0x00007ffaf02fe000 	C:\Windows\SYSTEM32\Wldp.dll
0x00007ffaf2380000 - 0x00007ffaf242d000 	C:\Windows\System32\SHCORE.dll
0x00007ffaf1b10000 - 0x00007ffaf1b65000 	C:\Windows\System32\shlwapi.dll
0x00007ffaf0890000 - 0x00007ffaf08af000 	C:\Windows\SYSTEM32\profapi.dll
0x00007ffa91fd0000 - 0x00007ffa91fe9000 	C:\Program Files\Eclipse Adoptium\jdk-17.0.6.10-hotspot\bin\net.dll
0x00007ffae8790000 - 0x00007ffae889a000 	C:\Windows\SYSTEM32\WINHTTP.dll
0x00007ffaf0030000 - 0x00007ffaf009a000 	C:\Windows\system32\mswsock.dll
0x00007ffa84840000 - 0x00007ffa84855000 	C:\Program Files\Eclipse Adoptium\jdk-17.0.6.10-hotspot\bin\nio.dll
0x00007ffa83430000 - 0x00007ffa83448000 	C:\Program Files\Eclipse Adoptium\jdk-17.0.6.10-hotspot\bin\zip.dll
0x00007ffad5a20000 - 0x00007ffad5a30000 	C:\Program Files\Eclipse Adoptium\jdk-17.0.6.10-hotspot\bin\verify.dll
0x00007ffad5e20000 - 0x00007ffad5e47000 	C:\Users\hp\.gradle\native\e1d6ef7f7dcc3fd88c89a11ec53ec762bb8ba0a96d01ffa2cd45eb1d1d8dd5c5\windows-amd64\native-platform.dll
0x00007ffad58d0000 - 0x00007ffad5a14000 	C:\Users\hp\.gradle\native\0d407fdbe67a94daf76414ababcb853783967236a71b16ec16e742cd7a986fd3\windows-amd64\native-platform-file-events.dll
0x00007ffa91fc0000 - 0x00007ffa91fc9000 	C:\Program Files\Eclipse Adoptium\jdk-17.0.6.10-hotspot\bin\management.dll
0x00007ffa8b550000 - 0x00007ffa8b55b000 	C:\Program Files\Eclipse Adoptium\jdk-17.0.6.10-hotspot\bin\management_ext.dll
0x00007ffaf2340000 - 0x00007ffaf2348000 	C:\Windows\System32\PSAPI.DLL
0x00007ffaf0220000 - 0x00007ffaf0238000 	C:\Windows\SYSTEM32\CRYPTSP.dll
0x00007ffaef950000 - 0x00007ffaef984000 	C:\Windows\system32\rsaenh.dll
0x00007ffaf0f70000 - 0x00007ffaf0f97000 	C:\Windows\System32\bcrypt.dll
0x00007ffaf0850000 - 0x00007ffaf087e000 	C:\Windows\SYSTEM32\USERENV.dll
0x00007ffaf0240000 - 0x00007ffaf024c000 	C:\Windows\SYSTEM32\CRYPTBASE.dll
0x00007ffaefd20000 - 0x00007ffaefd5c000 	C:\Windows\SYSTEM32\IPHLPAPI.DLL
0x00007ffaf2970000 - 0x00007ffaf2978000 	C:\Windows\System32\NSI.dll
0x00007ffae9500000 - 0x00007ffae9517000 	C:\Windows\SYSTEM32\dhcpcsvc6.DLL
0x00007ffaea200000 - 0x00007ffaea21d000 	C:\Windows\SYSTEM32\dhcpcsvc.DLL
0x00007ffaefd60000 - 0x00007ffaefe2b000 	C:\Windows\SYSTEM32\DNSAPI.dll
0x00007ffa84830000 - 0x00007ffa8483e000 	C:\Program Files\Eclipse Adoptium\jdk-17.0.6.10-hotspot\bin\sunmscapi.dll
0x00007ffaf0980000 - 0x00007ffaf0ade000 	C:\Windows\System32\CRYPT32.dll
0x00007ffaf0340000 - 0x00007ffaf0368000 	C:\Windows\SYSTEM32\ncrypt.dll
0x00007ffaf0300000 - 0x00007ffaf033b000 	C:\Windows\SYSTEM32\NTASN1.dll
0x00007ffacf2c0000 - 0x00007ffacf2c7000 	C:\Windows\system32\wshunix.dll

dbghelp: loaded successfully - version: 4.0.5 - missing functions: none
symbol engine: initialized successfully - sym options: 0x614 - pdb path: .;C:\Program Files\Eclipse Adoptium\jdk-17.0.6.10-hotspot\bin;C:\Windows\SYSTEM32;C:\Windows\WinSxS\amd64_microsoft.windows.common-controls_6595b64144ccf1df_6.0.19041.1110_none_60b5254171f9507e;C:\Program Files\Eclipse Adoptium\jdk-17.0.6.10-hotspot\bin\server;C:\Users\hp\.gradle\native\e1d6ef7f7dcc3fd88c89a11ec53ec762bb8ba0a96d01ffa2cd45eb1d1d8dd5c5\windows-amd64;C:\Users\hp\.gradle\native\0d407fdbe67a94daf76414ababcb853783967236a71b16ec16e742cd7a986fd3\windows-amd64

VM Arguments:
jvm_args: -XX:MaxMetaspaceSize=512m --add-opens=java.base/java.util=ALL-UNNAMED --add-opens=java.base/java.lang=ALL-UNNAMED --add-opens=java.base/java.lang.invoke=ALL-UNNAMED --add-opens=java.base/java.util=ALL-UNNAMED --add-opens=java.prefs/java.util.prefs=ALL-UNNAMED --add-opens=java.prefs/java.util.prefs=ALL-UNNAMED --add-opens=java.base/java.nio.charset=ALL-UNNAMED --add-opens=java.base/java.net=ALL-UNNAMED --add-opens=java.base/java.util.concurrent.atomic=ALL-UNNAMED -Xmx2048m -Dfile.encoding=windows-1252 -Duser.country=US -Duser.language=en -Duser.variant 
java_command: org.gradle.launcher.daemon.bootstrap.GradleDaemon 7.5.1
java_class_path (initial): C:\Users\hp\.gradle\wrapper\dists\gradle-7.5.1-all\1ehga6e77gqps5uk2kc5kf1vc\gradle-7.5.1\lib\gradle-launcher-7.5.1.jar
Launcher Type: SUN_STANDARD

[Global flags]
     intx CICompilerCount                          = 3                                         {product} {ergonomic}
   size_t CompressedClassSpaceSize                 = 432013312                                 {product} {ergonomic}
     uint ConcGCThreads                            = 1                                         {product} {ergonomic}
     uint G1ConcRefinementThreads                  = 4                                         {product} {ergonomic}
   size_t G1HeapRegionSize                         = 1048576                                   {product} {ergonomic}
    uintx GCDrainStackTargetSize                   = 64                                        {product} {ergonomic}
   size_t InitialHeapSize                          = 134217728                                 {product} {ergonomic}
   size_t MarkStackSize                            = 4194304                                   {product} {ergonomic}
   size_t MaxHeapSize                              = 2147483648                                {product} {command line}
   size_t MaxMetaspaceSize                         = 536870912                                 {product} {command line}
   size_t MaxNewSize                               = 1287651328                                {product} {ergonomic}
   size_t MinHeapDeltaBytes                        = 1048576                                   {product} {ergonomic}
   size_t MinHeapSize                              = 8388608                                   {product} {ergonomic}
    uintx NonNMethodCodeHeapSize                   = 5832780                                {pd product} {ergonomic}
    uintx NonProfiledCodeHeapSize                  = 122912730                              {pd product} {ergonomic}
    uintx ProfiledCodeHeapSize                     = 122912730                              {pd product} {ergonomic}
    uintx ReservedCodeCacheSize                    = 251658240                              {pd product} {ergonomic}
     bool SegmentedCodeCache                       = true                                      {product} {ergonomic}
   size_t SoftMaxHeapSize                          = 2147483648                             {manageable} {ergonomic}
     bool UseCompressedClassPointers               = true                           {product lp64_product} {ergonomic}
     bool UseCompressedOops                        = true                           {product lp64_product} {ergonomic}
     bool UseG1GC                                  = true                                      {product} {ergonomic}
     bool UseLargePagesIndividualAllocation        = false                                  {pd product} {ergonomic}

Logging:
Log output configuration:
 #0: stdout all=warning uptime,level,tags
 #1: stderr all=off uptime,level,tags

Environment Variables:
JAVA_HOME=C:\Program Files\Eclipse Adoptium\jdk-17.0.6.10-hotspot
CLASSPATH=C:\Users\hp\Desktop\react\MovieMinia\android\\gradle\wrapper\gradle-wrapper.jar
PATH=C:\Users\hp\Desktop\react\MovieMinia\android\node_modules\.bin;C:\Users\hp\Desktop\react\MovieMinia\node_modules\.bin;C:\Users\hp\Desktop\react\node_modules\.bin;C:\Users\hp\Desktop\node_modules\.bin;C:\Users\hp\node_modules\.bin;C:\Users\node_modules\.bin;C:\node_modules\.bin;C:\Program Files\nodejs;C:\Users\hp\Desktop\react\MovieMinia\node_modules\.bin;C:\Users\hp\Desktop\react\MovieMinia\node_modules\.bin;C:\Users\hp\Desktop\react\node_modules\.bin;C:\Users\hp\Desktop\node_modules\.bin;C:\Users\hp\node_modules\.bin;C:\Users\node_modules\.bin;C:\node_modules\.bin;C:\Users\hp\AppData\Roaming\npm\node_modules\npm\node_modules\@npmcli\run-script\lib\node-gyp-bin;C:\Users\hp\bin;C:\Program Files\Git\mingw64\bin;C:\Program Files\Git\usr\local\bin;C:\Program Files\Git\usr\bin;C:\Program Files\Git\usr\bin;C:\Program Files\Git\mingw64\bin;C:\Program Files\Git\usr\bin;C:\Users\hp\bin;C:\Program Files\Eclipse Adoptium\jdk-17.0.6.10-hotspot\bin;C:\Python310\Scripts;C:\Python310;C:\Windows\system32;C:\Windows;C:\Windows\System32\Wbem;C:\Windows\System32\WindowsPowerShell\v1.0;C:\Windows\System32\OpenSSH;C:\Program Files\Git\cmd;C:\Program Files\Git\mingw64\bin;C:\Program Files\Git\usr\bin;C:\ProgramData\chocolatey\bin;C:\Program Files\nodejs;C:\Users\hp\AppData\Local\Android\Sdk\platform-tools;C:\Users\hp\AppData\Local\Android\Sdk\emulator;C:\Users\hp\AppData\Local\Microsoft\WindowsApps;C:\Users\hp\AppData\Local\Programs\Microsoft VS Code\bin;C:\Users\hp\AppData\Roaming\npm;C:\Users\hp\AppData\Local\Android\Sdk\platform-tools;C:\Program Files\Git\usr\bin\vendor_perl;C:\Program Files\Git\usr\bin\core_perl
USERNAME=hp
SHELL=C:\Program Files\Git\usr\bin\bash.exe
DISPLAY=needs-to-be-defined
LANG=en_US.UTF-8
TERM=xterm-256color
TMPDIR=C:\Users\hp\AppData\Local\Temp
OS=Windows_NT
PROCESSOR_IDENTIFIER=Intel64 Family 6 Model 69 Stepping 1, GenuineIntel
TMP=C:\Users\hp\AppData\Local\Temp
TEMP=C:\Users\hp\AppData\Local\Temp



---------------  S Y S T E M  ---------------

OS:
 Windows 10 , 64 bit Build 19041 (10.0.19041.2913)
OS uptime: 0 days 0:11 hours

CPU: total 4 (initial active 4) (2 cores per cpu, 2 threads per core) family 6 model 69 stepping 1 microcode 0x25, cx8, cmov, fxsr, ht, mmx, sse, sse2, sse3, ssse3, sse4.1, sse4.2, popcnt, lzcnt, tsc, tscinvbit, avx, avx2, aes, erms, clmul, bmi1, bmi2, fma, vzeroupper, clflush

Memory: 4k page, system-wide physical 8142M (540M free)
TotalPageFile size 9708M (AvailPageFile size 99M)
current process WorkingSet (physical memory assigned to process): 483M, peak: 483M
current process commit charge ("private bytes"): 523M, peak: 738M

vm_info: OpenJDK 64-Bit Server VM (17.0.6+10) for windows-amd64 JRE (17.0.6+10), built on Jan 18 2023 10:08:59 by "temurin" with MS VC++ 16.7 (VS2019)

END.
